#
# There is insufficient memory for the Java Runtime Environment to continue.
# Native memory allocation (mmap) failed to map 495976448 bytes for Failed to commit area from 0x0000000095400000 to 0x00000000b2d00000 of length 495976448.
# Possible reasons:
#   The system is out of physical RAM or swap space
#   The process is running with CompressedOops enabled, and the Java Heap may be blocking the growth of the native heap
# Possible solutions:
#   Reduce memory load on the system
#   Increase physical memory or swap space
#   Check if swap backing store is full
#   Decrease Java heap size (-Xmx/-Xms)
#   Decrease number of Java threads
#   Decrease Java thread stack sizes (-Xss)
#   Set larger code cache with -XX:ReservedCodeCacheSize=
#   JVM is running with Unscaled Compressed Oops mode in which the Java heap is
#     placed in the first 4GB address space. The Java Heap base address is the
#     maximum limit for the native heap growth. Please use -XX:HeapBaseMinAddress
#     to set the Java Heap base and to place the Java Heap above 4GB virtual address.
# This output file may be truncated or incomplete.
#
#  Out of Memory Error (./src/hotspot/os/windows/os_windows.cpp:3301), pid=17892, tid=1544
#
# JRE version: OpenJDK Runtime Environment (11.0.10) (build 11.0.10+0-b96-7249189)
# Java VM: OpenJDK 64-Bit Server VM (11.0.10+0-b96-7249189, mixed mode, tiered, compressed oops, g1 gc, windows-amd64)
# No core dump will be written. Minidumps are not enabled by default on client versions of Windows
#

---------------  S U M M A R Y ------------

Command Line: --add-opens=java.base/java.util=ALL-UNNAMED --add-opens=java.base/java.lang=ALL-UNNAMED --add-opens=java.base/java.lang.invoke=ALL-UNNAMED --add-opens=java.base/java.util=ALL-UNNAMED --add-opens=java.prefs/java.util.prefs=ALL-UNNAMED --add-opens=java.prefs/java.util.prefs=ALL-UNNAMED --add-opens=java.base/java.nio.charset=ALL-UNNAMED --add-opens=java.base/java.net=ALL-UNNAMED --add-opens=java.base/java.util.concurrent.atomic=ALL-UNNAMED -Xmx2048m -Dfile.encoding=UTF-8 -Duser.country=RU -Duser.language=ru -Duser.variant org.gradle.launcher.daemon.bootstrap.GradleDaemon 7.0.2

Host: Intel(R) Core(TM) i5-9400F CPU @ 2.90GHz, 6 cores, 3G,  Windows 10 , 64 bit Build 19041 (10.0.19041.1348)
Time: Sun Dec 19 19:58:39 2021 RTZ 2 (撫侁) elapsed time: 12.736022 seconds (0d 0h 0m 12s)

---------------  T H R E A D  ---------------

Current thread (0x000002b72d6f9000):  VMThread "VM Thread" [stack: 0x000000fa94700000,0x000000fa94800000] [id=1544]

Stack: [0x000000fa94700000,0x000000fa94800000]
[error occurred during error reporting (printing stack bounds), id 0xc0000005, EXCEPTION_ACCESS_VIOLATION (0xc0000005) at pc=0x000002b717200f2d]

Native frames: (J=compiled Java code, j=interpreted, Vv=VM code, C=native code)
V  [jvm.dll+0x5ecfaa]
V  [jvm.dll+0x722bd5]
V  [jvm.dll+0x72412d]
V  [jvm.dll+0x724745]
V  [jvm.dll+0x7246fb]
V  [jvm.dll+0x5ec348]
V  [jvm.dll+0x5ecad8]
C  [ntdll.dll+0xa20cf]
C  [ntdll.dll+0x51454]
C  [ntdll.dll+0xa0bfe]
C  0x000002b717200f2d

VM_Operation (0x000000fa975f85e0): G1CollectForAllocation, mode: safepoint, requested by thread 0x000002b730941800


---------------  P R O C E S S  ---------------

Threads class SMR info:
_java_thread_list=0x000002b736949f90, length=57, elements={
0x000002b71371f000, 0x000002b72d6fe800, 0x000002b72d701800, 0x000002b72d720000,
0x000002b72d723000, 0x000002b72d724000, 0x000002b72d727000, 0x000002b72d72a800,
0x000002b72d72c000, 0x000002b72e21c000, 0x000002b72fceb000, 0x000002b73059b000,
0x000002b73059c000, 0x000002b72f62b800, 0x000002b72f62c000, 0x000002b7301e0800,
0x000002b72fcc9000, 0x000002b73006c800, 0x000002b73021f000, 0x000002b730203800,
0x000002b730205000, 0x000002b730206000, 0x000002b730207000, 0x000002b730207800,
0x000002b730208800, 0x000002b730204800, 0x000002b730203000, 0x000002b730209800,
0x000002b730933800, 0x000002b730933000, 0x000002b73093a000, 0x000002b730939800,
0x000002b730937800, 0x000002b73093b000, 0x000002b730935000, 0x000002b73093b800,
0x000002b730936000, 0x000002b73093c800, 0x000002b730937000, 0x000002b730941800,
0x000002b73093e000, 0x000002b73093d800, 0x000002b73093f000, 0x000002b730940000,
0x000002b730940800, 0x000002b734aec800, 0x000002b734aea000, 0x000002b734aee000,
0x000002b734aef800, 0x000002b734af0800, 0x000002b734aeb000, 0x000002b734af1800,
0x000002b734aeb800, 0x000002b734af2000, 0x000002b734af3000, 0x000002b734aed800,
0x000002b734af4000
}

Java Threads: ( => current thread )
  0x000002b71371f000 JavaThread "main" [_thread_blocked, id=1232, stack(0x000000fa94100000,0x000000fa94200000)]
  0x000002b72d6fe800 JavaThread "Reference Handler" daemon [_thread_blocked, id=968, stack(0x000000fa94800000,0x000000fa94900000)]
  0x000002b72d701800 JavaThread "Finalizer" daemon [_thread_blocked, id=17404, stack(0x000000fa94900000,0x000000fa94a00000)]
  0x000002b72d720000 JavaThread "Signal Dispatcher" daemon [_thread_blocked, id=21300, stack(0x000000fa94a00000,0x000000fa94b00000)]
  0x000002b72d723000 JavaThread "Attach Listener" daemon [_thread_blocked, id=10956, stack(0x000000fa94b00000,0x000000fa94c00000)]
  0x000002b72d724000 JavaThread "Service Thread" daemon [_thread_blocked, id=5064, stack(0x000000fa94c00000,0x000000fa94d00000)]
  0x000002b72d727000 JavaThread "C2 CompilerThread0" daemon [_thread_blocked, id=2852, stack(0x000000fa94d00000,0x000000fa94e00000)]
  0x000002b72d72a800 JavaThread "C1 CompilerThread0" daemon [_thread_blocked, id=3208, stack(0x000000fa94e00000,0x000000fa94f00000)]
  0x000002b72d72c000 JavaThread "Sweeper thread" daemon [_thread_blocked, id=20000, stack(0x000000fa94f00000,0x000000fa95000000)]
  0x000002b72e21c000 JavaThread "Common-Cleaner" daemon [_thread_blocked, id=16060, stack(0x000000fa95000000,0x000000fa95100000)]
  0x000002b72fceb000 JavaThread "Daemon health stats" [_thread_blocked, id=4436, stack(0x000000fa95300000,0x000000fa95400000)]
  0x000002b73059b000 JavaThread "Incoming local TCP Connector on port 61839" [_thread_in_native, id=8876, stack(0x000000fa95400000,0x000000fa95500000)]
  0x000002b73059c000 JavaThread "Daemon periodic checks" [_thread_blocked, id=11088, stack(0x000000fa95500000,0x000000fa95600000)]
  0x000002b72f62b800 JavaThread "Daemon" [_thread_blocked, id=19772, stack(0x000000fa95600000,0x000000fa95700000)]
  0x000002b72f62c000 JavaThread "Handler for socket connection from /127.0.0.1:61839 to /127.0.0.1:61840" [_thread_in_native, id=8308, stack(0x000000fa95700000,0x000000fa95800000)]
  0x000002b7301e0800 JavaThread "Cancel handler" [_thread_blocked, id=13488, stack(0x000000fa95800000,0x000000fa95900000)]
  0x000002b72fcc9000 JavaThread "Daemon worker" [_thread_blocked, id=2188, stack(0x000000fa95900000,0x000000fa95a00000)]
  0x000002b73006c800 JavaThread "Asynchronous log dispatcher for DefaultDaemonConnection: socket connection from /127.0.0.1:61839 to /127.0.0.1:61840" [_thread_blocked, id=2524, stack(0x000000fa95a00000,0x000000fa95b00000)]
  0x000002b73021f000 JavaThread "Stdin handler" [_thread_blocked, id=18556, stack(0x000000fa95b00000,0x000000fa95c00000)]
  0x000002b730203800 JavaThread "Daemon client event forwarder" [_thread_blocked, id=6632, stack(0x000000fa95c00000,0x000000fa95d00000)]
  0x000002b730205000 JavaThread "Cache worker for file hash cache (C:\Users\햔쮏혪햧햨햟\.gradle\caches\7.0.2\fileHashes)" [_thread_blocked, id=13972, stack(0x000000fa96100000,0x000000fa96200000)]
  0x000002b730206000 JavaThread "File lock request listener" [_thread_in_native, id=14536, stack(0x000000fa96200000,0x000000fa96300000)]
  0x000002b730207000 JavaThread "Cache worker for journal cache (C:\Users\햔쮏혪햧햨햟\.gradle\caches\journal-1)" [_thread_blocked, id=19680, stack(0x000000fa96400000,0x000000fa96500000)]
  0x000002b730207800 JavaThread "Cache worker for file hash cache (C:\Users\Public\Documents\Homework19\.gradle\7.0.2\fileHashes)" [_thread_blocked, id=4948, stack(0x000000fa96500000,0x000000fa96600000)]
  0x000002b730208800 JavaThread "File watcher server" daemon [_thread_blocked, id=7676, stack(0x000000fa96600000,0x000000fa96700000)]
  0x000002b730204800 JavaThread "File watcher consumer" daemon [_thread_blocked, id=20880, stack(0x000000fa96700000,0x000000fa96800000)]
  0x000002b730203000 JavaThread "Cache worker for checksums cache (C:\Users\Public\Documents\Homework19\.gradle\checksums)" [_thread_blocked, id=16700, stack(0x000000fa96800000,0x000000fa96900000)]
  0x000002b730209800 JavaThread "Cache worker for cache directory md-supplier (C:\Users\햔쮏혪햧햨햟\.gradle\caches\7.0.2\md-supplier)" [_thread_blocked, id=20348, stack(0x000000fa96900000,0x000000fa96a00000)]
  0x000002b730933800 JavaThread "Cache worker for cache directory md-rule (C:\Users\햔쮏혪햧햨햟\.gradle\caches\7.0.2\md-rule)" [_thread_blocked, id=15700, stack(0x000000fa96a00000,0x000000fa96b00000)]
  0x000002b730933000 JavaThread "Cache worker for execution history cache (C:\Users\햔쮏혪햧햨햟\.gradle\caches\7.0.2\executionHistory)" [_thread_blocked, id=8852, stack(0x000000fa96b00000,0x000000fa96c00000)]
  0x000002b73093a000 JavaThread "jar transforms" [_thread_blocked, id=5400, stack(0x000000fa96c00000,0x000000fa96d00000)]
  0x000002b730939800 JavaThread "jar transforms Thread 2" [_thread_blocked, id=21364, stack(0x000000fa96d00000,0x000000fa96e00000)]
  0x000002b730937800 JavaThread "Cache worker for file content cache (C:\Users\햔쮏혪햧햨햟\.gradle\caches\7.0.2\fileContent)" [_thread_blocked, id=10992, stack(0x000000fa96e00000,0x000000fa96f00000)]
  0x000002b73093b000 JavaThread "Cache worker for dependencies-accessors (C:\Users\Public\Documents\Homework19\.gradle\7.0.2\dependencies-accessors)" [_thread_blocked, id=14376, stack(0x000000fa96f00000,0x000000fa97000000)]
  0x000002b730935000 JavaThread "jar transforms Thread 3" [_thread_blocked, id=18924, stack(0x000000fa97000000,0x000000fa97100000)]
  0x000002b73093b800 JavaThread "Cache worker for Build Output Cleanup Cache (C:\Users\Public\Documents\Homework19\.gradle\buildOutputCleanup)" [_thread_blocked, id=11348, stack(0x000000fa97100000,0x000000fa97200000)]
  0x000002b730936000 JavaThread "Build operations" [_thread_blocked, id=14216, stack(0x000000fa97200000,0x000000fa97300000)]
  0x000002b73093c800 JavaThread "Build operations Thread 2" [_thread_blocked, id=9384, stack(0x000000fa97300000,0x000000fa97400000)]
  0x000002b730937000 JavaThread "Build operations Thread 3" [_thread_blocked, id=19136, stack(0x000000fa97400000,0x000000fa97500000)]
  0x000002b730941800 JavaThread "Build operations Thread 4" [_thread_blocked, id=16240, stack(0x000000fa97500000,0x000000fa97600000)]
  0x000002b73093e000 JavaThread "Build operations Thread 5" [_thread_blocked, id=17760, stack(0x000000fa97600000,0x000000fa97700000)]
  0x000002b73093d800 JavaThread "Build operations Thread 6" [_thread_blocked, id=20720, stack(0x000000fa97700000,0x000000fa97800000)]
  0x000002b73093f000 JavaThread "jar transforms Thread 4" [_thread_blocked, id=19712, stack(0x000000fa97800000,0x000000fa97900000)]
  0x000002b730940000 JavaThread "jar transforms Thread 5" [_thread_blocked, id=5464, stack(0x000000fa97900000,0x000000fa97a00000)]
  0x000002b730940800 JavaThread "jar transforms Thread 6" [_thread_blocked, id=5224, stack(0x000000fa97a00000,0x000000fa97b00000)]
  0x000002b734aec800 JavaThread "Memory manager" [_thread_blocked, id=6136, stack(0x000000fa97b00000,0x000000fa97c00000)]
  0x000002b734aea000 JavaThread "build event listener" [_thread_blocked, id=21316, stack(0x000000fa97c00000,0x000000fa97d00000)]
  0x000002b734aee000 JavaThread "build event listener" [_thread_blocked, id=17048, stack(0x000000fa97d00000,0x000000fa97e00000)]
  0x000002b734aef800 JavaThread "pool-3-thread-1" [_thread_blocked, id=20996, stack(0x000000fa97e00000,0x000000fa97f00000)]
  0x000002b734af0800 JavaThread "build event listener" [_thread_blocked, id=8588, stack(0x000000fa97f00000,0x000000fa98000000)]
  0x000002b734aeb000 JavaThread "Execution worker for ':'" [_thread_blocked, id=18312, stack(0x000000fa98000000,0x000000fa98100000)]
  0x000002b734af1800 JavaThread "Execution worker for ':' Thread 2" [_thread_blocked, id=10576, stack(0x000000fa98100000,0x000000fa98200000)]
  0x000002b734aeb800 JavaThread "Execution worker for ':' Thread 3" [_thread_blocked, id=14052, stack(0x000000fa98200000,0x000000fa98300000)]
  0x000002b734af2000 JavaThread "Execution worker for ':' Thread 4" [_thread_blocked, id=19256, stack(0x000000fa98300000,0x000000fa98400000)]
  0x000002b734af3000 JavaThread "Execution worker for ':' Thread 5" [_thread_blocked, id=5600, stack(0x000000fa98400000,0x000000fa98500000)]
  0x000002b734aed800 JavaThread "Cache worker for execution history cache (C:\Users\Public\Documents\Homework19\.gradle\7.0.2\executionHistory)" [_thread_blocked, id=15644, stack(0x000000fa98500000,0x000000fa98600000)]
  0x000002b734af4000 JavaThread "WorkerExecutor Queue" [_thread_blocked, id=13964, stack(0x000000fa98600000,0x000000fa98700000)]

Other Threads:
=>0x000002b72d6f9000 VMThread "VM Thread" [stack: 0x000000fa94700000,0x000000fa94800000] [id=1544]
  0x000002b72e21d800 WatcherThread [stack: 0x000000fa95100000,0x000000fa95200000] [id=444]
  0x000002b7116ed000 GCTaskThread "GC Thread#0" [stack: 0x000000fa94200000,0x000000fa94300000] [id=14616]
  0x000002b72e998000 GCTaskThread "GC Thread#1" [stack: 0x000000fa95200000,0x000000fa95300000] [id=7812]
  0x000002b7301e1800 GCTaskThread "GC Thread#2" [stack: 0x000000fa95d00000,0x000000fa95e00000] [id=20224]
  0x000002b73006d800 GCTaskThread "GC Thread#3" [stack: 0x000000fa95e00000,0x000000fa95f00000] [id=20872]
  0x000002b730242000 GCTaskThread "GC Thread#4" [stack: 0x000000fa95f00000,0x000000fa96000000] [id=19996]
  0x000002b73021f800 GCTaskThread "GC Thread#5" [stack: 0x000000fa96000000,0x000000fa96100000] [id=17168]
  0x000002b713763800 ConcurrentGCThread "G1 Main Marker" [stack: 0x000000fa94300000,0x000000fa94400000] [id=6428]
  0x000002b713765000 ConcurrentGCThread "G1 Conc#0" [stack: 0x000000fa94400000,0x000000fa94500000] [id=5708]
  0x000002b730368800 ConcurrentGCThread "G1 Conc#1" [stack: 0x000000fa96300000,0x000000fa96400000] [id=18728]
  0x000002b7137c7000 ConcurrentGCThread "G1 Refine#0" [stack: 0x000000fa94500000,0x000000fa94600000] [id=11468]
  0x000002b7137c8800 ConcurrentGCThread "G1 Young RemSet Sampling" [stack: 0x000000fa94600000,0x000000fa94700000] [id=16208]

Threads with active compile tasks:
C2 CompilerThread0  12802 12663       4       com.android.tools.r8.graph.c0::a (158 bytes)
C1 CompilerThread0  12802 13231 % !   3       com.android.tools.r8.graph.i::a @ 133 (1446 bytes)

VM state:at safepoint (normal execution)

VM Mutex/Monitor currently owned by a thread:  ([mutex/lock_event])
[0x000002b71371c770] Threads_lock - owner thread: 0x000002b72d6f9000
[0x000002b71371c650] Heap_lock - owner thread: 0x000002b730941800

Heap address: 0x0000000080000000, size: 2048 MB, Compressed Oops mode: 32-bit
Narrow klass base: 0x0000000000000000, Narrow klass shift: 3
Compressed class space size: 1073741824 Address: 0x0000000100000000

Heap:
 garbage-first heap   total 832512K, used 198102K [0x0000000080000000, 0x0000000100000000)
  region size 1024K, 5 young (5120K), 5 survivors (5120K)
 Metaspace       used 102956K, capacity 105505K, committed 105804K, reserved 1140736K
  class space    used 13309K, capacity 14297K, committed 14412K, reserved 1048576K
Heap Regions: E=young(eden), S=young(survivor), O=old, HS=humongous(starts), HC=humongous(continues), CS=collection set, F=free, A=archive, TAMS=top-at-mark-start (previous, next)
|   0|0x0000000080000000, 0x0000000080100000, 0x0000000080100000|100%| O|  |TAMS 0x0000000080100000, 0x0000000080000000| Updating 
|   1|0x0000000080100000, 0x0000000080200000, 0x0000000080200000|100%| O|  |TAMS 0x0000000080200000, 0x0000000080100000| Updating 
|   2|0x0000000080200000, 0x0000000080300000, 0x0000000080300000|100%| O|  |TAMS 0x0000000080300000, 0x0000000080200000| Updating 
|   3|0x0000000080300000, 0x0000000080400000, 0x0000000080400000|100%|HS|  |TAMS 0x0000000080400000, 0x0000000080300000| Complete 
|   4|0x0000000080400000, 0x0000000080500000, 0x0000000080500000|100%|HC|  |TAMS 0x0000000080500000, 0x0000000080400000| Complete 
|   5|0x0000000080500000, 0x0000000080600000, 0x0000000080600000|100%|HC|  |TAMS 0x0000000080600000, 0x0000000080500000| Complete 
|   6|0x0000000080600000, 0x0000000080700000, 0x0000000080700000|100%| O|  |TAMS 0x0000000080700000, 0x0000000080600000| Updating 
|   7|0x0000000080700000, 0x0000000080800000, 0x0000000080800000|100%| O|  |TAMS 0x0000000080800000, 0x0000000080700000| Updating 
|   8|0x0000000080800000, 0x0000000080900000, 0x0000000080900000|100%| O|  |TAMS 0x0000000080900000, 0x0000000080800000| Updating 
|   9|0x0000000080900000, 0x0000000080a00000, 0x0000000080a00000|100%| O|  |TAMS 0x0000000080a00000, 0x0000000080900000| Updating 
|  10|0x0000000080a00000, 0x0000000080b00000, 0x0000000080b00000|100%| O|  |TAMS 0x0000000080b00000, 0x0000000080a00000| Updating 
|  11|0x0000000080b00000, 0x0000000080c00000, 0x0000000080c00000|100%| O|  |TAMS 0x0000000080c00000, 0x0000000080b00000| Updating 
|  12|0x0000000080c00000, 0x0000000080d00000, 0x0000000080d00000|100%| O|  |TAMS 0x0000000080d00000, 0x0000000080c00000| Updating 
|  13|0x0000000080d00000, 0x0000000080e00000, 0x0000000080e00000|100%| O|  |TAMS 0x0000000080e00000, 0x0000000080d00000| Updating 
|  14|0x0000000080e00000, 0x0000000080f00000, 0x0000000080f00000|100%| O|  |TAMS 0x0000000080f00000, 0x0000000080e00000| Updating 
|  15|0x0000000080f00000, 0x0000000081000000, 0x0000000081000000|100%| O|  |TAMS 0x0000000081000000, 0x0000000080f00000| Updating 
|  16|0x0000000081000000, 0x0000000081100000, 0x0000000081100000|100%| O|  |TAMS 0x0000000081100000, 0x0000000081000000| Updating 
|  17|0x0000000081100000, 0x0000000081200000, 0x0000000081200000|100%| O|  |TAMS 0x0000000081200000, 0x0000000081100000| Updating 
|  18|0x0000000081200000, 0x0000000081300000, 0x0000000081300000|100%| O|  |TAMS 0x0000000081300000, 0x0000000081200000| Updating 
|  19|0x0000000081300000, 0x0000000081400000, 0x0000000081400000|100%| O|  |TAMS 0x0000000081400000, 0x0000000081300000| Updating 
|  20|0x0000000081400000, 0x0000000081500000, 0x0000000081500000|100%| O|  |TAMS 0x0000000081500000, 0x0000000081400000| Updating 
|  21|0x0000000081500000, 0x0000000081600000, 0x0000000081600000|100%| O|  |TAMS 0x0000000081600000, 0x0000000081500000| Updating 
|  22|0x0000000081600000, 0x0000000081700000, 0x0000000081700000|100%| O|  |TAMS 0x0000000081700000, 0x0000000081600000| Updating 
|  23|0x0000000081700000, 0x0000000081800000, 0x0000000081800000|100%| O|  |TAMS 0x0000000081800000, 0x0000000081700000| Updating 
|  24|0x0000000081800000, 0x0000000081900000, 0x0000000081900000|100%|HS|  |TAMS 0x0000000081900000, 0x0000000081800000| Complete 
|  25|0x0000000081900000, 0x0000000081a00000, 0x0000000081a00000|100%| O|  |TAMS 0x0000000081a00000, 0x0000000081900000| Updating 
|  26|0x0000000081a00000, 0x0000000081b00000, 0x0000000081b00000|100%| O|  |TAMS 0x0000000081b00000, 0x0000000081a00000| Updating 
|  27|0x0000000081b00000, 0x0000000081c00000, 0x0000000081c00000|100%|HS|  |TAMS 0x0000000081c00000, 0x0000000081b00000| Complete 
|  28|0x0000000081c00000, 0x0000000081d00000, 0x0000000081d00000|100%|HS|  |TAMS 0x0000000081d00000, 0x0000000081c00000| Complete 
|  29|0x0000000081d00000, 0x0000000081e00000, 0x0000000081e00000|100%|HS|  |TAMS 0x0000000081e00000, 0x0000000081d00000| Complete 
|  30|0x0000000081e00000, 0x0000000081f00000, 0x0000000081f00000|100%|HC|  |TAMS 0x0000000081f00000, 0x0000000081e00000| Complete 
|  31|0x0000000081f00000, 0x0000000082000000, 0x0000000082000000|100%|HC|  |TAMS 0x0000000082000000, 0x0000000081f00000| Complete 
|  32|0x0000000082000000, 0x0000000082100000, 0x0000000082100000|100%|HS|  |TAMS 0x0000000082100000, 0x0000000082000000| Complete 
|  33|0x0000000082100000, 0x0000000082200000, 0x0000000082200000|100%|HC|  |TAMS 0x0000000082200000, 0x0000000082100000| Complete 
|  34|0x0000000082200000, 0x0000000082300000, 0x0000000082300000|100%| O|  |TAMS 0x0000000082300000, 0x0000000082200000| Updating 
|  35|0x0000000082300000, 0x0000000082400000, 0x0000000082400000|100%| O|  |TAMS 0x0000000082400000, 0x0000000082300000| Updating 
|  36|0x0000000082400000, 0x0000000082500000, 0x0000000082500000|100%| O|  |TAMS 0x0000000082500000, 0x0000000082400000| Updating 
|  37|0x0000000082500000, 0x0000000082600000, 0x0000000082600000|100%| O|  |TAMS 0x0000000082600000, 0x0000000082500000| Updating 
|  38|0x0000000082600000, 0x0000000082700000, 0x0000000082700000|100%| O|  |TAMS 0x0000000082700000, 0x0000000082600000| Updating 
|  39|0x0000000082700000, 0x0000000082800000, 0x0000000082800000|100%| O|  |TAMS 0x0000000082800000, 0x0000000082700000| Updating 
|  40|0x0000000082800000, 0x0000000082900000, 0x0000000082900000|100%| O|  |TAMS 0x0000000082900000, 0x0000000082800000| Updating 
|  41|0x0000000082900000, 0x0000000082a00000, 0x0000000082a00000|100%| O|  |TAMS 0x0000000082a00000, 0x0000000082900000| Updating 
|  42|0x0000000082a00000, 0x0000000082b00000, 0x0000000082b00000|100%| O|  |TAMS 0x0000000082b00000, 0x0000000082a00000| Updating 
|  43|0x0000000082b00000, 0x0000000082c00000, 0x0000000082c00000|100%| O|  |TAMS 0x0000000082c00000, 0x0000000082b00000| Updating 
|  44|0x0000000082c00000, 0x0000000082d00000, 0x0000000082d00000|100%| O|  |TAMS 0x0000000082d00000, 0x0000000082c00000| Updating 
|  45|0x0000000082d00000, 0x0000000082e00000, 0x0000000082e00000|100%| O|  |TAMS 0x0000000082e00000, 0x0000000082d00000| Updating 
|  46|0x0000000082e00000, 0x0000000082f00000, 0x0000000082f00000|100%| O|  |TAMS 0x0000000082f00000, 0x0000000082e00000| Updating 
|  47|0x0000000082f00000, 0x0000000083000000, 0x0000000083000000|100%| O|  |TAMS 0x0000000083000000, 0x0000000082f00000| Updating 
|  48|0x0000000083000000, 0x0000000083100000, 0x0000000083100000|100%| O|  |TAMS 0x0000000083100000, 0x0000000083000000| Updating 
|  49|0x0000000083100000, 0x0000000083200000, 0x0000000083200000|100%| O|  |TAMS 0x0000000083200000, 0x0000000083100000| Updating 
|  50|0x0000000083200000, 0x0000000083300000, 0x0000000083300000|100%| O|  |TAMS 0x0000000083300000, 0x0000000083200000| Updating 
|  51|0x0000000083300000, 0x0000000083400000, 0x0000000083400000|100%| O|  |TAMS 0x0000000083400000, 0x0000000083300000| Updating 
|  52|0x0000000083400000, 0x0000000083500000, 0x0000000083500000|100%| O|  |TAMS 0x0000000083500000, 0x0000000083400000| Updating 
|  53|0x0000000083500000, 0x0000000083600000, 0x0000000083600000|100%| O|  |TAMS 0x0000000083600000, 0x0000000083500000| Updating 
|  54|0x0000000083600000, 0x0000000083700000, 0x0000000083700000|100%| O|  |TAMS 0x0000000083700000, 0x0000000083600000| Updating 
|  55|0x0000000083700000, 0x0000000083800000, 0x0000000083800000|100%| O|  |TAMS 0x0000000083800000, 0x0000000083700000| Updating 
|  56|0x0000000083800000, 0x0000000083900000, 0x0000000083900000|100%| O|  |TAMS 0x0000000083900000, 0x0000000083800000| Updating 
|  57|0x0000000083900000, 0x0000000083a00000, 0x0000000083a00000|100%| O|  |TAMS 0x0000000083a00000, 0x0000000083900000| Updating 
|  58|0x0000000083a00000, 0x0000000083b00000, 0x0000000083b00000|100%| O|  |TAMS 0x0000000083b00000, 0x0000000083a00000| Updating 
|  59|0x0000000083b00000, 0x0000000083c00000, 0x0000000083c00000|100%| O|  |TAMS 0x0000000083c00000, 0x0000000083b00000| Updating 
|  60|0x0000000083c00000, 0x0000000083d00000, 0x0000000083d00000|100%| O|  |TAMS 0x0000000083d00000, 0x0000000083c00000| Updating 
|  61|0x0000000083d00000, 0x0000000083e00000, 0x0000000083e00000|100%| O|  |TAMS 0x0000000083e00000, 0x0000000083d00000| Updating 
|  62|0x0000000083e00000, 0x0000000083f00000, 0x0000000083f00000|100%| O|  |TAMS 0x0000000083f00000, 0x0000000083e00000| Updating 
|  63|0x0000000083f00000, 0x0000000084000000, 0x0000000084000000|100%| O|  |TAMS 0x0000000084000000, 0x0000000083f00000| Updating 
|  64|0x0000000084000000, 0x0000000084100000, 0x0000000084100000|100%| O|  |TAMS 0x0000000084100000, 0x0000000084000000| Updating 
|  65|0x0000000084100000, 0x0000000084200000, 0x0000000084200000|100%| O|  |TAMS 0x0000000084200000, 0x0000000084100000| Updating 
|  66|0x0000000084200000, 0x0000000084300000, 0x0000000084300000|100%| O|  |TAMS 0x0000000084300000, 0x0000000084200000| Updating 
|  67|0x0000000084300000, 0x0000000084400000, 0x0000000084400000|100%| O|  |TAMS 0x0000000084400000, 0x0000000084300000| Updating 
|  68|0x0000000084400000, 0x0000000084500000, 0x0000000084500000|100%| O|  |TAMS 0x0000000084500000, 0x0000000084400000| Updating 
|  69|0x0000000084500000, 0x0000000084600000, 0x0000000084600000|100%| O|  |TAMS 0x0000000084600000, 0x0000000084500000| Updating 
|  70|0x0000000084600000, 0x0000000084700000, 0x0000000084700000|100%| O|  |TAMS 0x0000000084700000, 0x0000000084600000| Updating 
|  71|0x0000000084700000, 0x0000000084800000, 0x0000000084800000|100%| O|  |TAMS 0x0000000084800000, 0x0000000084700000| Updating 
|  72|0x0000000084800000, 0x0000000084900000, 0x0000000084900000|100%| O|  |TAMS 0x0000000084900000, 0x0000000084800000| Updating 
|  73|0x0000000084900000, 0x0000000084a00000, 0x0000000084a00000|100%| O|  |TAMS 0x0000000084a00000, 0x0000000084900000| Updating 
|  74|0x0000000084a00000, 0x0000000084b00000, 0x0000000084b00000|100%| O|  |TAMS 0x0000000084b00000, 0x0000000084a00000| Updating 
|  75|0x0000000084b00000, 0x0000000084c00000, 0x0000000084c00000|100%| O|  |TAMS 0x0000000084c00000, 0x0000000084b00000| Updating 
|  76|0x0000000084c00000, 0x0000000084d00000, 0x0000000084d00000|100%| O|  |TAMS 0x0000000084d00000, 0x0000000084c00000| Updating 
|  77|0x0000000084d00000, 0x0000000084e00000, 0x0000000084e00000|100%| O|  |TAMS 0x0000000084e00000, 0x0000000084d00000| Updating 
|  78|0x0000000084e00000, 0x0000000084f00000, 0x0000000084f00000|100%| O|  |TAMS 0x0000000084f00000, 0x0000000084e00000| Updating 
|  79|0x0000000084f00000, 0x0000000085000000, 0x0000000085000000|100%| O|  |TAMS 0x0000000085000000, 0x0000000084f00000| Updating 
|  80|0x0000000085000000, 0x0000000085100000, 0x0000000085100000|100%| O|  |TAMS 0x0000000085100000, 0x0000000085000000| Updating 
|  81|0x0000000085100000, 0x0000000085200000, 0x0000000085200000|100%|HS|  |TAMS 0x0000000085200000, 0x0000000085100000| Complete 
|  82|0x0000000085200000, 0x0000000085300000, 0x0000000085300000|100%| O|  |TAMS 0x0000000085300000, 0x0000000085200000| Updating 
|  83|0x0000000085300000, 0x0000000085400000, 0x0000000085400000|100%| O|  |TAMS 0x0000000085400000, 0x0000000085300000| Updating 
|  84|0x0000000085400000, 0x0000000085500000, 0x0000000085500000|100%| O|  |TAMS 0x0000000085500000, 0x0000000085400000| Updating 
|  85|0x0000000085500000, 0x0000000085600000, 0x0000000085600000|100%| O|  |TAMS 0x0000000085600000, 0x0000000085500000| Updating 
|  86|0x0000000085600000, 0x0000000085700000, 0x0000000085700000|100%| O|  |TAMS 0x0000000085700000, 0x0000000085600000| Updating 
|  87|0x0000000085700000, 0x0000000085800000, 0x0000000085800000|100%| O|  |TAMS 0x0000000085800000, 0x0000000085700000| Updating 
|  88|0x0000000085800000, 0x0000000085900000, 0x0000000085900000|100%| O|  |TAMS 0x0000000085900000, 0x0000000085800000| Updating 
|  89|0x0000000085900000, 0x0000000085a00000, 0x0000000085a00000|100%| O|  |TAMS 0x0000000085a00000, 0x0000000085900000| Updating 
|  90|0x0000000085a00000, 0x0000000085b00000, 0x0000000085b00000|100%| O|  |TAMS 0x0000000085b00000, 0x0000000085a00000| Updating 
|  91|0x0000000085b00000, 0x0000000085c00000, 0x0000000085c00000|100%| O|  |TAMS 0x0000000085c00000, 0x0000000085b00000| Updating 
|  92|0x0000000085c00000, 0x0000000085d00000, 0x0000000085d00000|100%| O|  |TAMS 0x0000000085d00000, 0x0000000085c00000| Updating 
|  93|0x0000000085d00000, 0x0000000085e00000, 0x0000000085e00000|100%| O|  |TAMS 0x0000000085e00000, 0x0000000085d00000| Updating 
|  94|0x0000000085e00000, 0x0000000085f00000, 0x0000000085f00000|100%| O|  |TAMS 0x0000000085f00000, 0x0000000085e00000| Updating 
|  95|0x0000000085f00000, 0x0000000086000000, 0x0000000086000000|100%| O|  |TAMS 0x0000000086000000, 0x0000000085f00000| Updating 
|  96|0x0000000086000000, 0x0000000086100000, 0x0000000086100000|100%| O|  |TAMS 0x0000000086100000, 0x0000000086000000| Updating 
|  97|0x0000000086100000, 0x0000000086200000, 0x0000000086200000|100%| O|  |TAMS 0x0000000086200000, 0x0000000086100000| Updating 
|  98|0x0000000086200000, 0x0000000086300000, 0x0000000086300000|100%| O|  |TAMS 0x0000000086300000, 0x0000000086200000| Updating 
|  99|0x0000000086300000, 0x0000000086400000, 0x0000000086400000|100%| O|  |TAMS 0x0000000086400000, 0x0000000086300000| Updating 
| 100|0x0000000086400000, 0x0000000086500000, 0x0000000086500000|100%| O|  |TAMS 0x0000000086500000, 0x0000000086400000| Updating 
| 101|0x0000000086500000, 0x0000000086600000, 0x0000000086600000|100%| O|  |TAMS 0x0000000086600000, 0x0000000086500000| Updating 
| 102|0x0000000086600000, 0x0000000086700000, 0x0000000086700000|100%| O|  |TAMS 0x0000000086700000, 0x0000000086600000| Updating 
| 103|0x0000000086700000, 0x0000000086800000, 0x0000000086800000|100%| O|  |TAMS 0x0000000086800000, 0x0000000086700000| Updating 
| 104|0x0000000086800000, 0x0000000086900000, 0x0000000086900000|100%| O|  |TAMS 0x0000000086900000, 0x0000000086800000| Updating 
| 105|0x0000000086900000, 0x0000000086a00000, 0x0000000086a00000|100%| O|  |TAMS 0x0000000086a00000, 0x0000000086900000| Updating 
| 106|0x0000000086a00000, 0x0000000086b00000, 0x0000000086b00000|100%| O|  |TAMS 0x0000000086b00000, 0x0000000086a00000| Updating 
| 107|0x0000000086b00000, 0x0000000086c00000, 0x0000000086c00000|100%| O|  |TAMS 0x0000000086c00000, 0x0000000086b00000| Updating 
| 108|0x0000000086c00000, 0x0000000086d00000, 0x0000000086d00000|100%| O|  |TAMS 0x0000000086d00000, 0x0000000086c00000| Updating 
| 109|0x0000000086d00000, 0x0000000086e00000, 0x0000000086e00000|100%| O|  |TAMS 0x0000000086e00000, 0x0000000086d00000| Updating 
| 110|0x0000000086e00000, 0x0000000086f00000, 0x0000000086f00000|100%| O|  |TAMS 0x0000000086f00000, 0x0000000086e00000| Updating 
| 111|0x0000000086f00000, 0x0000000087000000, 0x0000000087000000|100%| O|  |TAMS 0x0000000087000000, 0x0000000086f00000| Updating 
| 112|0x0000000087000000, 0x0000000087100000, 0x0000000087100000|100%| O|  |TAMS 0x0000000087100000, 0x0000000087000000| Updating 
| 113|0x0000000087100000, 0x0000000087200000, 0x0000000087200000|100%| O|  |TAMS 0x0000000087200000, 0x0000000087100000| Updating 
| 114|0x0000000087200000, 0x0000000087300000, 0x0000000087300000|100%| O|  |TAMS 0x0000000087300000, 0x0000000087200000| Updating 
| 115|0x0000000087300000, 0x0000000087400000, 0x0000000087400000|100%| O|  |TAMS 0x0000000087400000, 0x0000000087300000| Updating 
| 116|0x0000000087400000, 0x0000000087500000, 0x0000000087500000|100%| O|  |TAMS 0x0000000087500000, 0x0000000087400000| Updating 
| 117|0x0000000087500000, 0x0000000087600000, 0x0000000087600000|100%| O|  |TAMS 0x0000000087600000, 0x0000000087500000| Updating 
| 118|0x0000000087600000, 0x0000000087700000, 0x0000000087700000|100%| O|  |TAMS 0x0000000087700000, 0x0000000087600000| Updating 
| 119|0x0000000087700000, 0x0000000087800000, 0x0000000087800000|100%| O|  |TAMS 0x0000000087800000, 0x0000000087700000| Updating 
| 120|0x0000000087800000, 0x0000000087900000, 0x0000000087900000|100%| O|  |TAMS 0x0000000087900000, 0x0000000087800000| Updating 
| 121|0x0000000087900000, 0x0000000087a00000, 0x0000000087a00000|100%| O|  |TAMS 0x0000000087a00000, 0x0000000087900000| Updating 
| 122|0x0000000087a00000, 0x0000000087b00000, 0x0000000087b00000|100%| O|  |TAMS 0x0000000087b00000, 0x0000000087a00000| Updating 
| 123|0x0000000087b00000, 0x0000000087c00000, 0x0000000087c00000|100%| O|  |TAMS 0x0000000087c00000, 0x0000000087b00000| Updating 
| 124|0x0000000087c00000, 0x0000000087d00000, 0x0000000087d00000|100%| O|  |TAMS 0x0000000087d00000, 0x0000000087c00000| Updating 
| 125|0x0000000087d00000, 0x0000000087e00000, 0x0000000087e00000|100%| O|  |TAMS 0x0000000087e00000, 0x0000000087d00000| Updating 
| 126|0x0000000087e00000, 0x0000000087f00000, 0x0000000087f00000|100%| O|  |TAMS 0x0000000087f00000, 0x0000000087e00000| Updating 
| 127|0x0000000087f00000, 0x0000000088000000, 0x0000000088000000|100%| O|  |TAMS 0x0000000088000000, 0x0000000087f00000| Updating 
| 128|0x0000000088000000, 0x0000000088100000, 0x0000000088100000|100%| O|  |TAMS 0x0000000088100000, 0x0000000088000000| Updating 
| 129|0x0000000088100000, 0x0000000088200000, 0x0000000088200000|100%| O|  |TAMS 0x0000000088200000, 0x0000000088100000| Updating 
| 130|0x0000000088200000, 0x0000000088300000, 0x0000000088300000|100%| O|  |TAMS 0x0000000088300000, 0x0000000088200000| Updating 
| 131|0x0000000088300000, 0x0000000088400000, 0x0000000088400000|100%| O|  |TAMS 0x0000000088400000, 0x0000000088300000| Updating 
| 132|0x0000000088400000, 0x0000000088500000, 0x0000000088500000|100%| O|  |TAMS 0x0000000088500000, 0x0000000088400000| Updating 
| 133|0x0000000088500000, 0x0000000088600000, 0x0000000088600000|100%| O|  |TAMS 0x0000000088600000, 0x0000000088500000| Updating 
| 134|0x0000000088600000, 0x0000000088700000, 0x0000000088700000|100%| O|  |TAMS 0x0000000088700000, 0x0000000088600000| Updating 
| 135|0x0000000088700000, 0x0000000088800000, 0x0000000088800000|100%| O|  |TAMS 0x0000000088800000, 0x0000000088700000| Updating 
| 136|0x0000000088800000, 0x0000000088900000, 0x0000000088900000|100%| O|  |TAMS 0x0000000088900000, 0x0000000088800000| Updating 
| 137|0x0000000088900000, 0x0000000088a00000, 0x0000000088a00000|100%| O|  |TAMS 0x0000000088a00000, 0x0000000088900000| Updating 
| 138|0x0000000088a00000, 0x0000000088b00000, 0x0000000088b00000|100%| O|  |TAMS 0x0000000088b00000, 0x0000000088a00000| Updating 
| 139|0x0000000088b00000, 0x0000000088c00000, 0x0000000088c00000|100%| O|  |TAMS 0x0000000088c00000, 0x0000000088b00000| Updating 
| 140|0x0000000088c00000, 0x0000000088d00000, 0x0000000088d00000|100%| O|  |TAMS 0x0000000088d00000, 0x0000000088c00000| Updating 
| 141|0x0000000088d00000, 0x0000000088e00000, 0x0000000088e00000|100%| O|  |TAMS 0x0000000088e00000, 0x0000000088d00000| Updating 
| 142|0x0000000088e00000, 0x0000000088f00000, 0x0000000088f00000|100%| O|  |TAMS 0x0000000088f00000, 0x0000000088e00000| Updating 
| 143|0x0000000088f00000, 0x0000000089000000, 0x0000000089000000|100%| O|  |TAMS 0x0000000089000000, 0x0000000088f00000| Updating 
| 144|0x0000000089000000, 0x0000000089100000, 0x0000000089100000|100%| O|  |TAMS 0x0000000089100000, 0x0000000089000000| Updating 
| 145|0x0000000089100000, 0x0000000089200000, 0x0000000089200000|100%| O|  |TAMS 0x0000000089200000, 0x0000000089100000| Updating 
| 146|0x0000000089200000, 0x0000000089300000, 0x0000000089300000|100%| O|  |TAMS 0x0000000089300000, 0x0000000089200000| Updating 
| 147|0x0000000089300000, 0x0000000089400000, 0x0000000089400000|100%| O|  |TAMS 0x0000000089400000, 0x0000000089300000| Updating 
| 148|0x0000000089400000, 0x0000000089500000, 0x0000000089500000|100%| O|  |TAMS 0x0000000089500000, 0x0000000089400000| Updating 
| 149|0x0000000089500000, 0x0000000089600000, 0x0000000089600000|100%| O|  |TAMS 0x0000000089600000, 0x0000000089500000| Updating 
| 150|0x0000000089600000, 0x0000000089700000, 0x0000000089700000|100%| O|  |TAMS 0x0000000089700000, 0x0000000089600000| Updating 
| 151|0x0000000089700000, 0x0000000089800000, 0x0000000089800000|100%| O|  |TAMS 0x0000000089800000, 0x0000000089700000| Updating 
| 152|0x0000000089800000, 0x0000000089900000, 0x0000000089900000|100%| O|  |TAMS 0x0000000089900000, 0x0000000089800000| Updating 
| 153|0x0000000089900000, 0x0000000089a00000, 0x0000000089a00000|100%| O|  |TAMS 0x0000000089a00000, 0x0000000089900000| Updating 
| 154|0x0000000089a00000, 0x0000000089b00000, 0x0000000089b00000|100%| O|  |TAMS 0x0000000089b00000, 0x0000000089a00000| Updating 
| 155|0x0000000089b00000, 0x0000000089c00000, 0x0000000089c00000|100%| O|  |TAMS 0x0000000089c00000, 0x0000000089b00000| Updating 
| 156|0x0000000089c00000, 0x0000000089d00000, 0x0000000089d00000|100%| O|  |TAMS 0x0000000089d00000, 0x0000000089c00000| Updating 
| 157|0x0000000089d00000, 0x0000000089e00000, 0x0000000089e00000|100%| O|  |TAMS 0x0000000089e00000, 0x0000000089d00000| Updating 
| 158|0x0000000089e00000, 0x0000000089f00000, 0x0000000089f00000|100%| O|  |TAMS 0x0000000089f00000, 0x0000000089e00000| Updating 
| 159|0x0000000089f00000, 0x000000008a000000, 0x000000008a000000|100%| O|  |TAMS 0x000000008a000000, 0x0000000089f00000| Updating 
| 160|0x000000008a000000, 0x000000008a100000, 0x000000008a100000|100%| O|  |TAMS 0x000000008a100000, 0x000000008a000000| Updating 
| 161|0x000000008a100000, 0x000000008a200000, 0x000000008a200000|100%| O|  |TAMS 0x000000008a200000, 0x000000008a100000| Updating 
| 162|0x000000008a200000, 0x000000008a300000, 0x000000008a300000|100%| O|  |TAMS 0x000000008a300000, 0x000000008a200000| Updating 
| 163|0x000000008a300000, 0x000000008a400000, 0x000000008a400000|100%| O|  |TAMS 0x000000008a400000, 0x000000008a300000| Updating 
| 164|0x000000008a400000, 0x000000008a500000, 0x000000008a500000|100%| O|  |TAMS 0x000000008a500000, 0x000000008a400000| Updating 
| 165|0x000000008a500000, 0x000000008a600000, 0x000000008a600000|100%| O|  |TAMS 0x000000008a600000, 0x000000008a500000| Updating 
| 166|0x000000008a600000, 0x000000008a700000, 0x000000008a700000|100%| O|  |TAMS 0x000000008a700000, 0x000000008a600000| Updating 
| 167|0x000000008a700000, 0x000000008a800000, 0x000000008a800000|100%| O|  |TAMS 0x000000008a800000, 0x000000008a700000| Updating 
| 168|0x000000008a800000, 0x000000008a900000, 0x000000008a900000|100%| O|  |TAMS 0x000000008a900000, 0x000000008a800000| Updating 
| 169|0x000000008a900000, 0x000000008aa00000, 0x000000008aa00000|100%| O|  |TAMS 0x000000008aa00000, 0x000000008a900000| Updating 
| 170|0x000000008aa00000, 0x000000008ab00000, 0x000000008ab00000|100%| O|  |TAMS 0x000000008ab00000, 0x000000008aa00000| Updating 
| 171|0x000000008ab00000, 0x000000008ac00000, 0x000000008ac00000|100%| O|  |TAMS 0x000000008ac00000, 0x000000008ab00000| Updating 
| 172|0x000000008ac00000, 0x000000008ad00000, 0x000000008ad00000|100%| O|  |TAMS 0x000000008ad00000, 0x000000008ac00000| Updating 
| 173|0x000000008ad00000, 0x000000008ae00000, 0x000000008ae00000|100%| O|  |TAMS 0x000000008ae00000, 0x000000008ad00000| Updating 
| 174|0x000000008ae00000, 0x000000008af00000, 0x000000008af00000|100%| O|  |TAMS 0x000000008af00000, 0x000000008ae00000| Updating 
| 175|0x000000008af00000, 0x000000008b000000, 0x000000008b000000|100%| O|  |TAMS 0x000000008b000000, 0x000000008af00000| Updating 
| 176|0x000000008b000000, 0x000000008b100000, 0x000000008b100000|100%| O|  |TAMS 0x000000008b100000, 0x000000008b000000| Updating 
| 177|0x000000008b100000, 0x000000008b200000, 0x000000008b200000|100%| O|  |TAMS 0x000000008b1ef200, 0x000000008b100000| Updating 
| 178|0x000000008b200000, 0x000000008b300000, 0x000000008b300000|100%| O|  |TAMS 0x000000008b200000, 0x000000008b200000| Untracked 
| 179|0x000000008b300000, 0x000000008b400000, 0x000000008b400000|100%| O|  |TAMS 0x000000008b300000, 0x000000008b300000| Untracked 
| 180|0x000000008b400000, 0x000000008b500000, 0x000000008b500000|100%| O|  |TAMS 0x000000008b400000, 0x000000008b400000| Untracked 
| 181|0x000000008b500000, 0x000000008b600000, 0x000000008b600000|100%| O|  |TAMS 0x000000008b500000, 0x000000008b500000| Untracked 
| 182|0x000000008b600000, 0x000000008b700000, 0x000000008b700000|100%| O|  |TAMS 0x000000008b600000, 0x000000008b600000| Untracked 
| 183|0x000000008b700000, 0x000000008b800000, 0x000000008b800000|100%| O|  |TAMS 0x000000008b700000, 0x000000008b700000| Untracked 
| 184|0x000000008b800000, 0x000000008b900000, 0x000000008b900000|100%| O|  |TAMS 0x000000008b800000, 0x000000008b800000| Untracked 
| 185|0x000000008b900000, 0x000000008ba00000, 0x000000008ba00000|100%| O|  |TAMS 0x000000008b900000, 0x000000008b900000| Untracked 
| 186|0x000000008ba00000, 0x000000008bb00000, 0x000000008bb00000|100%| O|  |TAMS 0x000000008ba00000, 0x000000008ba00000| Untracked 
| 187|0x000000008bb00000, 0x000000008bc00000, 0x000000008bc00000|100%| O|  |TAMS 0x000000008bb00000, 0x000000008bb00000| Untracked 
| 188|0x000000008bc00000, 0x000000008bcc4000, 0x000000008bd00000| 76%| O|  |TAMS 0x000000008bc00000, 0x000000008bc00000| Updating 
| 189|0x000000008bd00000, 0x000000008bd00000, 0x000000008be00000|  0%| F|  |TAMS 0x000000008bd00000, 0x000000008bd00000| Untracked 
| 190|0x000000008be00000, 0x000000008be00000, 0x000000008bf00000|  0%| F|  |TAMS 0x000000008be00000, 0x000000008be00000| Untracked 
| 191|0x000000008bf00000, 0x000000008bf00000, 0x000000008c000000|  0%| F|  |TAMS 0x000000008bf00000, 0x000000008bf00000| Untracked 
| 192|0x000000008c000000, 0x000000008c000000, 0x000000008c100000|  0%| F|  |TAMS 0x000000008c000000, 0x000000008c000000| Untracked 
| 193|0x000000008c100000, 0x000000008c100000, 0x000000008c200000|  0%| F|  |TAMS 0x000000008c100000, 0x000000008c100000| Untracked 
| 194|0x000000008c200000, 0x000000008c200000, 0x000000008c300000|  0%| F|  |TAMS 0x000000008c200000, 0x000000008c200000| Untracked 
| 195|0x000000008c300000, 0x000000008c300000, 0x000000008c400000|  0%| F|  |TAMS 0x000000008c300000, 0x000000008c300000| Untracked 
| 196|0x000000008c400000, 0x000000008c400000, 0x000000008c500000|  0%| F|  |TAMS 0x000000008c400000, 0x000000008c400000| Untracked 
| 197|0x000000008c500000, 0x000000008c500000, 0x000000008c600000|  0%| F|  |TAMS 0x000000008c500000, 0x000000008c500000| Untracked 
| 198|0x000000008c600000, 0x000000008c600000, 0x000000008c700000|  0%| F|  |TAMS 0x000000008c600000, 0x000000008c600000| Untracked 
| 199|0x000000008c700000, 0x000000008c700000, 0x000000008c800000|  0%| F|  |TAMS 0x000000008c700000, 0x000000008c700000| Untracked 
| 200|0x000000008c800000, 0x000000008c800000, 0x000000008c900000|  0%| F|  |TAMS 0x000000008c800000, 0x000000008c800000| Untracked 
| 201|0x000000008c900000, 0x000000008c900000, 0x000000008ca00000|  0%| F|  |TAMS 0x000000008c900000, 0x000000008c900000| Untracked 
| 202|0x000000008ca00000, 0x000000008ca00000, 0x000000008cb00000|  0%| F|  |TAMS 0x000000008ca00000, 0x000000008ca00000| Untracked 
| 203|0x000000008cb00000, 0x000000008cb00000, 0x000000008cc00000|  0%| F|  |TAMS 0x000000008cb00000, 0x000000008cb00000| Untracked 
| 204|0x000000008cc00000, 0x000000008cc00000, 0x000000008cd00000|  0%| F|  |TAMS 0x000000008cc00000, 0x000000008cc00000| Untracked 
| 205|0x000000008cd00000, 0x000000008cd00000, 0x000000008ce00000|  0%| F|  |TAMS 0x000000008cd00000, 0x000000008cd00000| Untracked 
| 206|0x000000008ce00000, 0x000000008ce00000, 0x000000008cf00000|  0%| F|  |TAMS 0x000000008ce00000, 0x000000008ce00000| Untracked 
| 207|0x000000008cf00000, 0x000000008cf00000, 0x000000008d000000|  0%| F|  |TAMS 0x000000008cf00000, 0x000000008cf00000| Untracked 
| 208|0x000000008d000000, 0x000000008d000000, 0x000000008d100000|  0%| F|  |TAMS 0x000000008d000000, 0x000000008d000000| Untracked 
| 209|0x000000008d100000, 0x000000008d100000, 0x000000008d200000|  0%| F|  |TAMS 0x000000008d100000, 0x000000008d100000| Untracked 
| 210|0x000000008d200000, 0x000000008d200000, 0x000000008d300000|  0%| F|  |TAMS 0x000000008d200000, 0x000000008d200000| Untracked 
| 211|0x000000008d300000, 0x000000008d300000, 0x000000008d400000|  0%| F|  |TAMS 0x000000008d300000, 0x000000008d300000| Untracked 
| 212|0x000000008d400000, 0x000000008d400000, 0x000000008d500000|  0%| F|  |TAMS 0x000000008d400000, 0x000000008d400000| Untracked 
| 213|0x000000008d500000, 0x000000008d500000, 0x000000008d600000|  0%| F|  |TAMS 0x000000008d500000, 0x000000008d500000| Untracked 
| 214|0x000000008d600000, 0x000000008d600000, 0x000000008d700000|  0%| F|  |TAMS 0x000000008d600000, 0x000000008d600000| Untracked 
| 215|0x000000008d700000, 0x000000008d700000, 0x000000008d800000|  0%| F|  |TAMS 0x000000008d700000, 0x000000008d700000| Untracked 
| 216|0x000000008d800000, 0x000000008d800000, 0x000000008d900000|  0%| F|  |TAMS 0x000000008d800000, 0x000000008d800000| Untracked 
| 217|0x000000008d900000, 0x000000008d900000, 0x000000008da00000|  0%| F|  |TAMS 0x000000008d900000, 0x000000008d900000| Untracked 
| 218|0x000000008da00000, 0x000000008da00000, 0x000000008db00000|  0%| F|  |TAMS 0x000000008da00000, 0x000000008da00000| Untracked 
| 219|0x000000008db00000, 0x000000008db00000, 0x000000008dc00000|  0%| F|  |TAMS 0x000000008db00000, 0x000000008db00000| Untracked 
| 220|0x000000008dc00000, 0x000000008dc00000, 0x000000008dd00000|  0%| F|  |TAMS 0x000000008dc00000, 0x000000008dc00000| Untracked 
| 221|0x000000008dd00000, 0x000000008dd00000, 0x000000008de00000|  0%| F|  |TAMS 0x000000008dd00000, 0x000000008dd00000| Untracked 
| 222|0x000000008de00000, 0x000000008de00000, 0x000000008df00000|  0%| F|  |TAMS 0x000000008de00000, 0x000000008de00000| Untracked 
| 223|0x000000008df00000, 0x000000008df00000, 0x000000008e000000|  0%| F|  |TAMS 0x000000008df00000, 0x000000008df00000| Untracked 
| 224|0x000000008e000000, 0x000000008e000000, 0x000000008e100000|  0%| F|  |TAMS 0x000000008e000000, 0x000000008e000000| Untracked 
| 225|0x000000008e100000, 0x000000008e100000, 0x000000008e200000|  0%| F|  |TAMS 0x000000008e100000, 0x000000008e100000| Untracked 
| 226|0x000000008e200000, 0x000000008e200000, 0x000000008e300000|  0%| F|  |TAMS 0x000000008e200000, 0x000000008e200000| Untracked 
| 227|0x000000008e300000, 0x000000008e300000, 0x000000008e400000|  0%| F|  |TAMS 0x000000008e300000, 0x000000008e300000| Untracked 
| 228|0x000000008e400000, 0x000000008e400000, 0x000000008e500000|  0%| F|  |TAMS 0x000000008e400000, 0x000000008e400000| Untracked 
| 229|0x000000008e500000, 0x000000008e500000, 0x000000008e600000|  0%| F|  |TAMS 0x000000008e500000, 0x000000008e500000| Untracked 
| 230|0x000000008e600000, 0x000000008e600000, 0x000000008e700000|  0%| F|  |TAMS 0x000000008e600000, 0x000000008e600000| Untracked 
| 231|0x000000008e700000, 0x000000008e700000, 0x000000008e800000|  0%| F|  |TAMS 0x000000008e700000, 0x000000008e700000| Untracked 
| 232|0x000000008e800000, 0x000000008e800000, 0x000000008e900000|  0%| F|  |TAMS 0x000000008e800000, 0x000000008e800000| Untracked 
| 233|0x000000008e900000, 0x000000008e900000, 0x000000008ea00000|  0%| F|  |TAMS 0x000000008e900000, 0x000000008e900000| Untracked 
| 234|0x000000008ea00000, 0x000000008ea00000, 0x000000008eb00000|  0%| F|  |TAMS 0x000000008ea00000, 0x000000008ea00000| Untracked 
| 235|0x000000008eb00000, 0x000000008eb00000, 0x000000008ec00000|  0%| F|  |TAMS 0x000000008eb00000, 0x000000008eb00000| Untracked 
| 236|0x000000008ec00000, 0x000000008ec00000, 0x000000008ed00000|  0%| F|  |TAMS 0x000000008ec00000, 0x000000008ec00000| Untracked 
| 237|0x000000008ed00000, 0x000000008ed00000, 0x000000008ee00000|  0%| F|  |TAMS 0x000000008ed00000, 0x000000008ed00000| Untracked 
| 238|0x000000008ee00000, 0x000000008ee00000, 0x000000008ef00000|  0%| F|  |TAMS 0x000000008ee00000, 0x000000008ee00000| Untracked 
| 239|0x000000008ef00000, 0x000000008ef00000, 0x000000008f000000|  0%| F|  |TAMS 0x000000008ef00000, 0x000000008ef00000| Untracked 
| 240|0x000000008f000000, 0x000000008f000000, 0x000000008f100000|  0%| F|  |TAMS 0x000000008f000000, 0x000000008f000000| Untracked 
| 241|0x000000008f100000, 0x000000008f100000, 0x000000008f200000|  0%| F|  |TAMS 0x000000008f100000, 0x000000008f100000| Untracked 
| 242|0x000000008f200000, 0x000000008f200000, 0x000000008f300000|  0%| F|  |TAMS 0x000000008f200000, 0x000000008f200000| Untracked 
| 243|0x000000008f300000, 0x000000008f300000, 0x000000008f400000|  0%| F|  |TAMS 0x000000008f300000, 0x000000008f300000| Untracked 
| 244|0x000000008f400000, 0x000000008f400000, 0x000000008f500000|  0%| F|  |TAMS 0x000000008f400000, 0x000000008f400000| Untracked 
| 245|0x000000008f500000, 0x000000008f500000, 0x000000008f600000|  0%| F|  |TAMS 0x000000008f500000, 0x000000008f500000| Untracked 
| 246|0x000000008f600000, 0x000000008f600000, 0x000000008f700000|  0%| F|  |TAMS 0x000000008f600000, 0x000000008f600000| Untracked 
| 247|0x000000008f700000, 0x000000008f700000, 0x000000008f800000|  0%| F|  |TAMS 0x000000008f700000, 0x000000008f700000| Untracked 
| 248|0x000000008f800000, 0x000000008f800000, 0x000000008f900000|  0%| F|  |TAMS 0x000000008f800000, 0x000000008f800000| Untracked 
| 249|0x000000008f900000, 0x000000008f900000, 0x000000008fa00000|  0%| F|  |TAMS 0x000000008f900000, 0x000000008f900000| Untracked 
| 250|0x000000008fa00000, 0x000000008fa00000, 0x000000008fb00000|  0%| F|  |TAMS 0x000000008fa00000, 0x000000008fa00000| Untracked 
| 251|0x000000008fb00000, 0x000000008fb00000, 0x000000008fc00000|  0%| F|  |TAMS 0x000000008fb00000, 0x000000008fb00000| Untracked 
| 252|0x000000008fc00000, 0x000000008fc00000, 0x000000008fd00000|  0%| F|  |TAMS 0x000000008fc00000, 0x000000008fc00000| Untracked 
| 253|0x000000008fd00000, 0x000000008fd00000, 0x000000008fe00000|  0%| F|  |TAMS 0x000000008fd00000, 0x000000008fd00000| Untracked 
| 254|0x000000008fe00000, 0x000000008fe00000, 0x000000008ff00000|  0%| F|  |TAMS 0x000000008fe00000, 0x000000008fe00000| Untracked 
| 255|0x000000008ff00000, 0x000000008ff00000, 0x0000000090000000|  0%| F|  |TAMS 0x000000008ff00000, 0x000000008ff00000| Untracked 
| 256|0x0000000090000000, 0x0000000090000000, 0x0000000090100000|  0%| F|  |TAMS 0x0000000090000000, 0x0000000090000000| Untracked 
| 257|0x0000000090100000, 0x0000000090100000, 0x0000000090200000|  0%| F|  |TAMS 0x0000000090100000, 0x0000000090100000| Untracked 
| 258|0x0000000090200000, 0x0000000090200000, 0x0000000090300000|  0%| F|  |TAMS 0x0000000090200000, 0x0000000090200000| Untracked 
| 259|0x0000000090300000, 0x0000000090300000, 0x0000000090400000|  0%| F|  |TAMS 0x0000000090300000, 0x0000000090300000| Untracked 
| 260|0x0000000090400000, 0x0000000090400000, 0x0000000090500000|  0%| F|  |TAMS 0x0000000090400000, 0x0000000090400000| Untracked 
| 261|0x0000000090500000, 0x0000000090500000, 0x0000000090600000|  0%| F|  |TAMS 0x0000000090500000, 0x0000000090500000| Untracked 
| 262|0x0000000090600000, 0x0000000090600000, 0x0000000090700000|  0%| F|  |TAMS 0x0000000090600000, 0x0000000090600000| Untracked 
| 263|0x0000000090700000, 0x00000000907b1900, 0x0000000090800000| 69%| S|CS|TAMS 0x0000000090700000, 0x0000000090700000| Complete 
| 264|0x0000000090800000, 0x0000000090900000, 0x0000000090900000|100%| S|CS|TAMS 0x0000000090800000, 0x0000000090800000| Complete 
| 265|0x0000000090900000, 0x0000000090a00000, 0x0000000090a00000|100%| S|CS|TAMS 0x0000000090900000, 0x0000000090900000| Complete 
| 266|0x0000000090a00000, 0x0000000090b00000, 0x0000000090b00000|100%| S|CS|TAMS 0x0000000090a00000, 0x0000000090a00000| Complete 
| 267|0x0000000090b00000, 0x0000000090c00000, 0x0000000090c00000|100%| S|CS|TAMS 0x0000000090b00000, 0x0000000090b00000| Complete 
| 268|0x0000000090c00000, 0x0000000090c00000, 0x0000000090d00000|  0%| F|  |TAMS 0x0000000090c00000, 0x0000000090c00000| Untracked 
| 269|0x0000000090d00000, 0x0000000090d00000, 0x0000000090e00000|  0%| F|  |TAMS 0x0000000090d00000, 0x0000000090d00000| Untracked 
| 270|0x0000000090e00000, 0x0000000090e00000, 0x0000000090f00000|  0%| F|  |TAMS 0x0000000090e00000, 0x0000000090e00000| Untracked 
| 271|0x0000000090f00000, 0x0000000090f00000, 0x0000000091000000|  0%| F|  |TAMS 0x0000000090f00000, 0x0000000090f00000| Untracked 
| 272|0x0000000091000000, 0x0000000091000000, 0x0000000091100000|  0%| F|  |TAMS 0x0000000091000000, 0x0000000091000000| Untracked 
| 273|0x0000000091100000, 0x0000000091100000, 0x0000000091200000|  0%| F|  |TAMS 0x0000000091100000, 0x0000000091100000| Untracked 
| 274|0x0000000091200000, 0x0000000091200000, 0x0000000091300000|  0%| F|  |TAMS 0x0000000091200000, 0x0000000091200000| Untracked 
| 275|0x0000000091300000, 0x0000000091300000, 0x0000000091400000|  0%| F|  |TAMS 0x0000000091300000, 0x0000000091300000| Untracked 
| 276|0x0000000091400000, 0x0000000091400000, 0x0000000091500000|  0%| F|  |TAMS 0x0000000091400000, 0x0000000091400000| Untracked 
| 277|0x0000000091500000, 0x0000000091500000, 0x0000000091600000|  0%| F|  |TAMS 0x0000000091500000, 0x0000000091500000| Untracked 
| 278|0x0000000091600000, 0x0000000091600000, 0x0000000091700000|  0%| F|  |TAMS 0x0000000091600000, 0x0000000091600000| Untracked 
| 279|0x0000000091700000, 0x0000000091700000, 0x0000000091800000|  0%| F|  |TAMS 0x0000000091700000, 0x0000000091700000| Untracked 
| 280|0x0000000091800000, 0x0000000091800000, 0x0000000091900000|  0%| F|  |TAMS 0x0000000091800000, 0x0000000091800000| Untracked 
| 281|0x0000000091900000, 0x0000000091900000, 0x0000000091a00000|  0%| F|  |TAMS 0x0000000091900000, 0x0000000091900000| Untracked 
| 282|0x0000000091a00000, 0x0000000091a00000, 0x0000000091b00000|  0%| F|  |TAMS 0x0000000091a00000, 0x0000000091a00000| Untracked 
| 283|0x0000000091b00000, 0x0000000091b00000, 0x0000000091c00000|  0%| F|  |TAMS 0x0000000091b00000, 0x0000000091b00000| Untracked 
| 284|0x0000000091c00000, 0x0000000091c00000, 0x0000000091d00000|  0%| F|  |TAMS 0x0000000091c00000, 0x0000000091c00000| Untracked 
| 285|0x0000000091d00000, 0x0000000091d00000, 0x0000000091e00000|  0%| F|  |TAMS 0x0000000091d00000, 0x0000000091d00000| Untracked 
| 286|0x0000000091e00000, 0x0000000091e00000, 0x0000000091f00000|  0%| F|  |TAMS 0x0000000091e00000, 0x0000000091e00000| Untracked 
| 287|0x0000000091f00000, 0x0000000091f00000, 0x0000000092000000|  0%| F|  |TAMS 0x0000000091f00000, 0x0000000091f00000| Untracked 
| 288|0x0000000092000000, 0x0000000092000000, 0x0000000092100000|  0%| F|  |TAMS 0x0000000092000000, 0x0000000092000000| Untracked 
| 289|0x0000000092100000, 0x0000000092100000, 0x0000000092200000|  0%| F|  |TAMS 0x0000000092100000, 0x0000000092100000| Untracked 
| 290|0x0000000092200000, 0x0000000092200000, 0x0000000092300000|  0%| F|  |TAMS 0x0000000092200000, 0x0000000092200000| Untracked 
| 291|0x0000000092300000, 0x0000000092300000, 0x0000000092400000|  0%| F|  |TAMS 0x0000000092300000, 0x0000000092300000| Untracked 
| 292|0x0000000092400000, 0x0000000092400000, 0x0000000092500000|  0%| F|  |TAMS 0x0000000092400000, 0x0000000092400000| Untracked 
| 293|0x0000000092500000, 0x0000000092500000, 0x0000000092600000|  0%| F|  |TAMS 0x0000000092500000, 0x0000000092500000| Untracked 
| 294|0x0000000092600000, 0x0000000092600000, 0x0000000092700000|  0%| F|  |TAMS 0x0000000092600000, 0x0000000092600000| Untracked 
| 295|0x0000000092700000, 0x0000000092700000, 0x0000000092800000|  0%| F|  |TAMS 0x0000000092700000, 0x0000000092700000| Untracked 
| 296|0x0000000092800000, 0x0000000092800000, 0x0000000092900000|  0%| F|  |TAMS 0x0000000092800000, 0x0000000092800000| Untracked 
| 297|0x0000000092900000, 0x0000000092900000, 0x0000000092a00000|  0%| F|  |TAMS 0x0000000092900000, 0x0000000092900000| Untracked 
| 298|0x0000000092a00000, 0x0000000092a00000, 0x0000000092b00000|  0%| F|  |TAMS 0x0000000092a00000, 0x0000000092a00000| Untracked 
| 299|0x0000000092b00000, 0x0000000092b00000, 0x0000000092c00000|  0%| F|  |TAMS 0x0000000092b00000, 0x0000000092b00000| Untracked 
| 300|0x0000000092c00000, 0x0000000092c00000, 0x0000000092d00000|  0%| F|  |TAMS 0x0000000092c00000, 0x0000000092c00000| Untracked 
| 301|0x0000000092d00000, 0x0000000092d00000, 0x0000000092e00000|  0%| F|  |TAMS 0x0000000092d00000, 0x0000000092d00000| Untracked 
| 302|0x0000000092e00000, 0x0000000092e00000, 0x0000000092f00000|  0%| F|  |TAMS 0x0000000092e00000, 0x0000000092e00000| Untracked 
| 303|0x0000000092f00000, 0x0000000092f00000, 0x0000000093000000|  0%| F|  |TAMS 0x0000000092f00000, 0x0000000092f00000| Untracked 
| 304|0x0000000093000000, 0x0000000093000000, 0x0000000093100000|  0%| F|  |TAMS 0x0000000093000000, 0x0000000093000000| Untracked 
| 305|0x0000000093100000, 0x0000000093100000, 0x0000000093200000|  0%| F|  |TAMS 0x0000000093100000, 0x0000000093100000| Untracked 
| 306|0x0000000093200000, 0x0000000093200000, 0x0000000093300000|  0%| F|  |TAMS 0x0000000093200000, 0x0000000093200000| Untracked 
| 307|0x0000000093300000, 0x0000000093300000, 0x0000000093400000|  0%| F|  |TAMS 0x0000000093300000, 0x0000000093300000| Untracked 
| 308|0x0000000093400000, 0x0000000093400000, 0x0000000093500000|  0%| F|  |TAMS 0x0000000093400000, 0x0000000093400000| Untracked 
| 309|0x0000000093500000, 0x0000000093500000, 0x0000000093600000|  0%| F|  |TAMS 0x0000000093500000, 0x0000000093500000| Untracked 
| 310|0x0000000093600000, 0x0000000093600000, 0x0000000093700000|  0%| F|  |TAMS 0x0000000093600000, 0x0000000093600000| Untracked 
| 311|0x0000000093700000, 0x0000000093700000, 0x0000000093800000|  0%| F|  |TAMS 0x0000000093700000, 0x0000000093700000| Untracked 
| 312|0x0000000093800000, 0x0000000093800000, 0x0000000093900000|  0%| F|  |TAMS 0x0000000093800000, 0x0000000093800000| Untracked 
| 313|0x0000000093900000, 0x0000000093900000, 0x0000000093a00000|  0%| F|  |TAMS 0x0000000093900000, 0x0000000093900000| Untracked 
| 314|0x0000000093a00000, 0x0000000093a00000, 0x0000000093b00000|  0%| F|  |TAMS 0x0000000093a00000, 0x0000000093a00000| Untracked 
| 315|0x0000000093b00000, 0x0000000093b00000, 0x0000000093c00000|  0%| F|  |TAMS 0x0000000093b00000, 0x0000000093b00000| Untracked 
| 316|0x0000000093c00000, 0x0000000093c00000, 0x0000000093d00000|  0%| F|  |TAMS 0x0000000093c00000, 0x0000000093c00000| Untracked 
| 317|0x0000000093d00000, 0x0000000093d00000, 0x0000000093e00000|  0%| F|  |TAMS 0x0000000093d00000, 0x0000000093d00000| Untracked 
| 318|0x0000000093e00000, 0x0000000093e00000, 0x0000000093f00000|  0%| F|  |TAMS 0x0000000093e00000, 0x0000000093e00000| Untracked 
| 319|0x0000000093f00000, 0x0000000093f00000, 0x0000000094000000|  0%| F|  |TAMS 0x0000000093f00000, 0x0000000093f00000| Untracked 
| 320|0x0000000094000000, 0x0000000094000000, 0x0000000094100000|  0%| F|  |TAMS 0x0000000094000000, 0x0000000094000000| Untracked 
| 321|0x0000000094100000, 0x0000000094100000, 0x0000000094200000|  0%| F|  |TAMS 0x0000000094100000, 0x0000000094100000| Untracked 
| 322|0x0000000094200000, 0x0000000094200000, 0x0000000094300000|  0%| F|  |TAMS 0x0000000094200000, 0x0000000094200000| Untracked 
| 323|0x0000000094300000, 0x0000000094300000, 0x0000000094400000|  0%| F|  |TAMS 0x0000000094300000, 0x0000000094300000| Untracked 
| 324|0x0000000094400000, 0x0000000094400000, 0x0000000094500000|  0%| F|  |TAMS 0x0000000094400000, 0x0000000094400000| Untracked 
| 325|0x0000000094500000, 0x0000000094500000, 0x0000000094600000|  0%| F|  |TAMS 0x0000000094500000, 0x0000000094500000| Untracked 
| 326|0x0000000094600000, 0x0000000094600000, 0x0000000094700000|  0%| F|  |TAMS 0x0000000094600000, 0x0000000094600000| Untracked 
| 327|0x0000000094700000, 0x0000000094700000, 0x0000000094800000|  0%| F|  |TAMS 0x0000000094700000, 0x0000000094700000| Untracked 
| 328|0x0000000094800000, 0x0000000094800000, 0x0000000094900000|  0%| F|  |TAMS 0x0000000094800000, 0x0000000094800000| Untracked 
| 329|0x0000000094900000, 0x0000000094900000, 0x0000000094a00000|  0%| F|  |TAMS 0x0000000094900000, 0x0000000094900000| Untracked 
| 330|0x0000000094a00000, 0x0000000094a00000, 0x0000000094b00000|  0%| F|  |TAMS 0x0000000094a00000, 0x0000000094a00000| Untracked 
| 331|0x0000000094b00000, 0x0000000094b00000, 0x0000000094c00000|  0%| F|  |TAMS 0x0000000094b00000, 0x0000000094b00000| Untracked 
| 332|0x0000000094c00000, 0x0000000094c00000, 0x0000000094d00000|  0%| F|  |TAMS 0x0000000094c00000, 0x0000000094c00000| Untracked 
| 333|0x0000000094d00000, 0x0000000094d00000, 0x0000000094e00000|  0%| F|  |TAMS 0x0000000094d00000, 0x0000000094d00000| Untracked 
| 334|0x0000000094e00000, 0x0000000094e00000, 0x0000000094f00000|  0%| F|  |TAMS 0x0000000094e00000, 0x0000000094e00000| Untracked 
| 335|0x0000000094f00000, 0x0000000094f00000, 0x0000000095000000|  0%| F|  |TAMS 0x0000000094f00000, 0x0000000094f00000| Untracked 
| 336|0x0000000095000000, 0x0000000095000000, 0x0000000095100000|  0%| F|  |TAMS 0x0000000095000000, 0x0000000095000000| Untracked 
| 337|0x0000000095100000, 0x0000000095100000, 0x0000000095200000|  0%| F|  |TAMS 0x0000000095100000, 0x0000000095100000| Untracked 
| 338|0x0000000095200000, 0x0000000095200000, 0x0000000095300000|  0%| F|  |TAMS 0x0000000095200000, 0x0000000095200000| Untracked 
| 339|0x0000000095300000, 0x0000000095300000, 0x0000000095400000|  0%| F|  |TAMS 0x0000000095300000, 0x0000000095300000| Untracked 

Card table byte_map: [0x000002b726710000,0x000002b726b10000] _byte_map_base: 0x000002b726310000

Marking Bits (Prev, Next): (CMBitMap*) 0x000002b71375ade8, (CMBitMap*) 0x000002b71375ae20
 Prev Bits: [0x000002b726f10000, 0x000002b728f10000)
 Next Bits: [0x000002b728f10000, 0x000002b72af10000)

Polling page: 0x000002b7115c0000

Metaspace:

Usage:
  Non-class:     89.07 MB capacity,    87.55 MB ( 98%) used,     1.23 MB (  1%) free+waste,   303.13 KB ( <1%) overhead. 
      Class:     13.96 MB capacity,    13.00 MB ( 93%) used,   851.26 KB (  6%) free+waste,   136.31 KB ( <1%) overhead. 
       Both:    103.03 MB capacity,   100.54 MB ( 98%) used,     2.06 MB (  2%) free+waste,   439.44 KB ( <1%) overhead. 

Virtual space:
  Non-class space:       90.00 MB reserved,      89.25 MB (>99%) committed 
      Class space:        1.00 GB reserved,      14.07 MB (  1%) committed 
             Both:        1.09 GB reserved,     103.32 MB (  9%) committed 

Chunk freelists:
   Non-Class:  120.00 KB
       Class:  71.00 KB
        Both:  191.00 KB

MaxMetaspaceSize: 17179869184.00 GB
CompressedClassSpaceSize: 1.00 GB

CodeHeap 'non-profiled nmethods': size=120064Kb used=4994Kb max_used=4994Kb free=115069Kb
 bounds [0x000002b71ecc0000, 0x000002b71f1b0000, 0x000002b726200000]
CodeHeap 'profiled nmethods': size=120000Kb used=27744Kb max_used=27744Kb free=92255Kb
 bounds [0x000002b717790000, 0x000002b7192b0000, 0x000002b71ecc0000]
CodeHeap 'non-nmethods': size=5696Kb used=2307Kb max_used=2365Kb free=3389Kb
 bounds [0x000002b717200000, 0x000002b717470000, 0x000002b717790000]
 total_blobs=13779 nmethods=12865 adapters=824
 compilation: enabled
              stopped_count=0, restarted_count=0
 full_count=0

Compilation events (20 events):
Event: 12.688 Thread 0x000002b72d72a800 nmethod 13162% 0x000002b71926c290 code [0x000002b71926c860, 0x000002b7192704e8]
Event: 12.688 Thread 0x000002b72d72a800 13259 %     3       com.android.tools.r8.internal.X4::a @ 173 (366 bytes)
Event: 12.689 Thread 0x000002b72d72a800 nmethod 13259% 0x000002b719271510 code [0x000002b719271a40, 0x000002b719274958]
Event: 12.689 Thread 0x000002b72d72a800 13217 %     3       com.android.tools.r8.ir.regalloc.a::i @ 341 (620 bytes)
Event: 12.692 Thread 0x000002b72d72a800 nmethod 13217% 0x000002b719275590 code [0x000002b719275ee0, 0x000002b71927c408]
Event: 12.692 Thread 0x000002b72d72a800 13279 %     3       com.android.tools.r8.internal.Mv::a @ 55 (406 bytes)
Event: 12.695 Thread 0x000002b72d72a800 nmethod 13279% 0x000002b71927e610 code [0x000002b71927edc0, 0x000002b7192840a8]
Event: 12.695 Thread 0x000002b72d72a800 13164 %     3       com.android.tools.r8.internal.Ne::c @ 436 (1174 bytes)
Event: 12.698 Thread 0x000002b72d72a800 nmethod 13164% 0x000002b719285c90 code [0x000002b719286780, 0x000002b71928ec68]
Event: 12.698 Thread 0x000002b72d72a800 13179 %     3       com.android.tools.r8.internal.ka::a @ 290 (1420 bytes)
Event: 12.704 Thread 0x000002b72d727000 nmethod 13193 0x000002b71f198a10 code [0x000002b71f198ea0, 0x000002b71f19d3b0]
Event: 12.704 Thread 0x000002b72d727000 13250       4       com.android.tools.r8.graph.c0::a (258 bytes)
Event: 12.707 Thread 0x000002b72d72a800 nmethod 13179% 0x000002b719291610 code [0x000002b719292a60, 0x000002b7192a2638]
Event: 12.707 Thread 0x000002b72d72a800 13231 % !   3       com.android.tools.r8.graph.i::a @ 133 (1446 bytes)
Event: 12.707 Thread 0x000002b72d727000 nmethod 13250 0x000002b71f19fb10 code [0x000002b71f19fca0, 0x000002b71f19fed8]
Event: 12.707 Thread 0x000002b72d727000 12589       4       com.android.tools.r8.internal.Sb$a::hashCode (32 bytes)
Event: 12.708 Thread 0x000002b72d727000 nmethod 12589 0x000002b71f1a0010 code [0x000002b71f1a01a0, 0x000002b71f1a0258]
Event: 12.708 Thread 0x000002b72d727000 12522       4       java.util.ArrayDeque::add (7 bytes)
Event: 12.709 Thread 0x000002b72d727000 nmethod 12522 0x000002b71f1a0310 code [0x000002b71f1a04c0, 0x000002b71f1a06e8]
Event: 12.710 Thread 0x000002b72d727000 12663       4       com.android.tools.r8.graph.c0::a (158 bytes)

GC Heap History (20 events):
Event: 10.565 GC heap after
{Heap after GC invocations=43 (full 0):
 garbage-first heap   total 199680K, used 113209K [0x0000000080000000, 0x0000000100000000)
  region size 1024K, 8 young (8192K), 8 survivors (8192K)
 Metaspace       used 95696K, capacity 98079K, committed 98124K, reserved 1134592K
  class space    used 12258K, capacity 13131K, committed 13132K, reserved 1048576K
}
Event: 10.698 GC heap before
{Heap before GC invocations=44 (full 0):
 garbage-first heap   total 199680K, used 158265K [0x0000000080000000, 0x0000000100000000)
  region size 1024K, 52 young (53248K), 8 survivors (8192K)
 Metaspace       used 96005K, capacity 98368K, committed 98508K, reserved 1134592K
  class space    used 12303K, capacity 13183K, committed 13260K, reserved 1048576K
}
Event: 10.709 GC heap after
{Heap after GC invocations=45 (full 0):
 garbage-first heap   total 199680K, used 122731K [0x0000000080000000, 0x0000000100000000)
  region size 1024K, 7 young (7168K), 7 survivors (7168K)
 Metaspace       used 96005K, capacity 98368K, committed 98508K, reserved 1134592K
  class space    used 12303K, capacity 13183K, committed 13260K, reserved 1048576K
}
Event: 10.763 GC heap before
{Heap before GC invocations=45 (full 0):
 garbage-first heap   total 199680K, used 161643K [0x0000000080000000, 0x0000000100000000)
  region size 1024K, 45 young (46080K), 7 survivors (7168K)
 Metaspace       used 96567K, capacity 98942K, committed 99148K, reserved 1134592K
  class space    used 12382K, capacity 13267K, committed 13388K, reserved 1048576K
}
Event: 10.777 GC heap after
{Heap after GC invocations=46 (full 0):
 garbage-first heap   total 239616K, used 131367K [0x0000000080000000, 0x0000000100000000)
  region size 1024K, 6 young (6144K), 6 survivors (6144K)
 Metaspace       used 96567K, capacity 98942K, committed 99148K, reserved 1134592K
  class space    used 12382K, capacity 13267K, committed 13388K, reserved 1048576K
}
Event: 10.928 GC heap before
{Heap before GC invocations=47 (full 0):
 garbage-first heap   total 239616K, used 179495K [0x0000000080000000, 0x0000000100000000)
  region size 1024K, 53 young (54272K), 6 survivors (6144K)
 Metaspace       used 96808K, capacity 99062K, committed 99660K, reserved 1136640K
  class space    used 12368K, capacity 13205K, committed 13388K, reserved 1048576K
}
Event: 10.948 GC heap after
{Heap after GC invocations=48 (full 0):
 garbage-first heap   total 239616K, used 142181K [0x0000000080000000, 0x0000000100000000)
  region size 1024K, 7 young (7168K), 7 survivors (7168K)
 Metaspace       used 96808K, capacity 99062K, committed 99660K, reserved 1136640K
  class space    used 12368K, capacity 13205K, committed 13388K, reserved 1048576K
}
Event: 11.000 GC heap before
{Heap before GC invocations=48 (full 0):
 garbage-first heap   total 239616K, used 187237K [0x0000000080000000, 0x0000000100000000)
  region size 1024K, 51 young (52224K), 7 survivors (7168K)
 Metaspace       used 97321K, capacity 99575K, committed 100044K, reserved 1136640K
  class space    used 12436K, capacity 13269K, committed 13516K, reserved 1048576K
}
Event: 11.014 GC heap after
{Heap after GC invocations=49 (full 0):
 garbage-first heap   total 239616K, used 151400K [0x0000000080000000, 0x0000000100000000)
  region size 1024K, 7 young (7168K), 7 survivors (7168K)
 Metaspace       used 97321K, capacity 99575K, committed 100044K, reserved 1136640K
  class space    used 12436K, capacity 13269K, committed 13516K, reserved 1048576K
}
Event: 11.110 GC heap before
{Heap before GC invocations=49 (full 0):
 garbage-first heap   total 239616K, used 192360K [0x0000000080000000, 0x0000000100000000)
  region size 1024K, 47 young (48128K), 7 survivors (7168K)
 Metaspace       used 98260K, capacity 100574K, committed 100812K, reserved 1136640K
  class space    used 12579K, capacity 13481K, committed 13516K, reserved 1048576K
}
Event: 11.121 GC heap after
{Heap after GC invocations=50 (full 0):
 garbage-first heap   total 239616K, used 159000K [0x0000000080000000, 0x0000000100000000)
  region size 1024K, 6 young (6144K), 6 survivors (6144K)
 Metaspace       used 98260K, capacity 100574K, committed 100812K, reserved 1136640K
  class space    used 12579K, capacity 13481K, committed 13516K, reserved 1048576K
}
Event: 11.190 GC heap before
{Heap before GC invocations=50 (full 0):
 garbage-first heap   total 239616K, used 196888K [0x0000000080000000, 0x0000000100000000)
  region size 1024K, 43 young (44032K), 6 survivors (6144K)
 Metaspace       used 98296K, capacity 100663K, committed 100812K, reserved 1136640K
  class space    used 12586K, capacity 13488K, committed 13516K, reserved 1048576K
}
Event: 11.206 GC heap after
{Heap after GC invocations=51 (full 0):
 garbage-first heap   total 348160K, used 166429K [0x0000000080000000, 0x0000000100000000)
  region size 1024K, 6 young (6144K), 6 survivors (6144K)
 Metaspace       used 98296K, capacity 100663K, committed 100812K, reserved 1136640K
  class space    used 12586K, capacity 13488K, committed 13516K, reserved 1048576K
}
Event: 11.413 GC heap before
{Heap before GC invocations=52 (full 0):
 garbage-first heap   total 348160K, used 235037K [0x0000000080000000, 0x0000000100000000)
  region size 1024K, 74 young (75776K), 6 survivors (6144K)
 Metaspace       used 99038K, capacity 101403K, committed 101452K, reserved 1136640K
  class space    used 12719K, capacity 13629K, committed 13644K, reserved 1048576K
}
Event: 11.466 GC heap after
{Heap after GC invocations=53 (full 0):
 garbage-first heap   total 348160K, used 178176K [0x0000000080000000, 0x0000000100000000)
  region size 1024K, 10 young (10240K), 10 survivors (10240K)
 Metaspace       used 99038K, capacity 101403K, committed 101452K, reserved 1136640K
  class space    used 12719K, capacity 13629K, committed 13644K, reserved 1048576K
}
Event: 11.669 GC heap before
{Heap before GC invocations=53 (full 0):
 garbage-first heap   total 348160K, used 247808K [0x0000000080000000, 0x0000000100000000)
  region size 1024K, 78 young (79872K), 10 survivors (10240K)
 Metaspace       used 99798K, capacity 102286K, committed 102476K, reserved 1138688K
  class space    used 12882K, capacity 13849K, committed 13900K, reserved 1048576K
}
Event: 11.723 GC heap after
{Heap after GC invocations=54 (full 0):
 garbage-first heap   total 348160K, used 192444K [0x0000000080000000, 0x0000000100000000)
  region size 1024K, 10 young (10240K), 10 survivors (10240K)
 Metaspace       used 99798K, capacity 102286K, committed 102476K, reserved 1138688K
  class space    used 12882K, capacity 13849K, committed 13900K, reserved 1048576K
}
Event: 12.339 GC heap before
{Heap before GC invocations=54 (full 0):
 garbage-first heap   total 348160K, used 259004K [0x0000000080000000, 0x0000000100000000)
  region size 1024K, 75 young (76800K), 10 survivors (10240K)
 Metaspace       used 102825K, capacity 105429K, committed 105548K, reserved 1140736K
  class space    used 13304K, capacity 14332K, committed 14412K, reserved 1048576K
}
Event: 12.362 GC heap after
{Heap after GC invocations=55 (full 0):
 garbage-first heap   total 348160K, used 198368K [0x0000000080000000, 0x0000000100000000)
  region size 1024K, 5 young (5120K), 5 survivors (5120K)
 Metaspace       used 102825K, capacity 105429K, committed 105548K, reserved 1140736K
  class space    used 13304K, capacity 14332K, committed 14412K, reserved 1048576K
}
Event: 12.712 GC heap before
{Heap before GC invocations=55 (full 0):
 garbage-first heap   total 348160K, used 265952K [0x0000000080000000, 0x0000000100000000)
  region size 1024K, 72 young (73728K), 5 survivors (5120K)
 Metaspace       used 102956K, capacity 105505K, committed 105804K, reserved 1140736K
  class space    used 13309K, capacity 14297K, committed 14412K, reserved 1048576K
}

Deoptimization events (20 events):
Event: 12.471 Thread 0x000002b730937000 DEOPT PACKING pc=0x000002b718fd6fc6 sp=0x000000fa974f8cb0
Event: 12.471 Thread 0x000002b730937000 DEOPT UNPACKING pc=0x000002b7172276ce sp=0x000000fa974f8128 mode 0
Event: 12.512 Thread 0x000002b73093d800 DEOPT PACKING pc=0x000002b718fd6fc6 sp=0x000000fa977f9620
Event: 12.512 Thread 0x000002b73093d800 DEOPT UNPACKING pc=0x000002b7172276ce sp=0x000000fa977f8a98 mode 0
Event: 12.514 Thread 0x000002b73093d800 DEOPT PACKING pc=0x000002b718fca5da sp=0x000000fa977f8810
Event: 12.514 Thread 0x000002b73093d800 DEOPT UNPACKING pc=0x000002b7172276ce sp=0x000000fa977f7d80 mode 0
Event: 12.543 Thread 0x000002b73093c800 DEOPT PACKING pc=0x000002b718fafab3 sp=0x000000fa973f9b50
Event: 12.543 Thread 0x000002b73093c800 DEOPT UNPACKING pc=0x000002b7172276ce sp=0x000000fa973f9168 mode 0
Event: 12.545 Thread 0x000002b730936000 DEOPT PACKING pc=0x000002b718fd6fc6 sp=0x000000fa972f9070
Event: 12.545 Thread 0x000002b730936000 DEOPT UNPACKING pc=0x000002b7172276ce sp=0x000000fa972f84e8 mode 0
Event: 12.585 Thread 0x000002b73093d800 DEOPT PACKING pc=0x000002b718fd6fc6 sp=0x000000fa977f9620
Event: 12.585 Thread 0x000002b73093d800 DEOPT UNPACKING pc=0x000002b7172276ce sp=0x000000fa977f8a98 mode 0
Event: 12.606 Thread 0x000002b730941800 DEOPT PACKING pc=0x000002b719087beb sp=0x000000fa975f9290
Event: 12.606 Thread 0x000002b730941800 DEOPT UNPACKING pc=0x000002b7172276ce sp=0x000000fa975f8748 mode 0
Event: 12.613 Thread 0x000002b730941800 DEOPT PACKING pc=0x000002b718fd6fc6 sp=0x000000fa975f9980
Event: 12.613 Thread 0x000002b730941800 DEOPT UNPACKING pc=0x000002b7172276ce sp=0x000000fa975f8df8 mode 0
Event: 12.640 Thread 0x000002b730936000 DEOPT PACKING pc=0x000002b718fe44b3 sp=0x000000fa972f96f0
Event: 12.640 Thread 0x000002b730936000 DEOPT UNPACKING pc=0x000002b7172276ce sp=0x000000fa972f8ec8 mode 0
Event: 12.641 Thread 0x000002b730936000 DEOPT PACKING pc=0x000002b718fd6fc6 sp=0x000000fa972f9400
Event: 12.641 Thread 0x000002b730936000 DEOPT UNPACKING pc=0x000002b7172276ce sp=0x000000fa972f8878 mode 0

Classes redefined (0 events):
No events

Internal exceptions (20 events):
Event: 11.610 Thread 0x000002b73093c800 Exception <a 'java/lang/IncompatibleClassChangeError'{0x000000009362ee90}: Found class java.lang.Object, but interface was expected> (0x000000009362ee90) thrown at [./src/hotspot/share/interpreter/linkResolver.cpp, line 839]
Event: 11.610 Thread 0x000002b730936000 Exception <a 'java/lang/IncompatibleClassChangeError'{0x0000000091d38918}: Found class java.lang.Object, but interface was expected> (0x0000000091d38918) thrown at [./src/hotspot/share/interpreter/linkResolver.cpp, line 839]
Event: 11.610 Thread 0x000002b730941800 Exception <a 'java/lang/IncompatibleClassChangeError'{0x0000000091ec8420}: Found class java.lang.Object, but interface was expected> (0x0000000091ec8420) thrown at [./src/hotspot/share/interpreter/linkResolver.cpp, line 839]
Event: 11.610 Thread 0x000002b730937000 Exception <a 'java/lang/IncompatibleClassChangeError'{0x000000009205c6b8}: Found class java.lang.Object, but interface was expected> (0x000000009205c6b8) thrown at [./src/hotspot/share/interpreter/linkResolver.cpp, line 839]
Event: 11.611 Thread 0x000002b73093c800 Exception <a 'java/lang/IncompatibleClassChangeError'{0x0000000093630420}: Found class java.lang.Object, but interface was expected> (0x0000000093630420) thrown at [./src/hotspot/share/interpreter/linkResolver.cpp, line 839]
Event: 11.611 Thread 0x000002b730937000 Exception <a 'java/lang/IncompatibleClassChangeError'{0x000000009205fdc8}: Found class java.lang.Object, but interface was expected> (0x000000009205fdc8) thrown at [./src/hotspot/share/interpreter/linkResolver.cpp, line 839]
Event: 11.611 Thread 0x000002b730941800 Exception <a 'java/lang/IncompatibleClassChangeError'{0x0000000091ecbb30}: Found class java.lang.Object, but interface was expected> (0x0000000091ecbb30) thrown at [./src/hotspot/share/interpreter/linkResolver.cpp, line 839]
Event: 11.611 Thread 0x000002b730936000 Exception <a 'java/lang/IncompatibleClassChangeError'{0x0000000091d43f90}: Found class java.lang.Object, but interface was expected> (0x0000000091d43f90) thrown at [./src/hotspot/share/interpreter/linkResolver.cpp, line 839]
Event: 11.637 Thread 0x000002b73093d800 Exception <a 'java/lang/NoSuchMethodError'{0x000000009184b4c0}: 'void java.lang.invoke.DirectMethodHandle$Holder.invokeVirtual(java.lang.Object, java.lang.Object, int, java.lang.Object)'> (0x000000009184b4c0) thrown at [./src/hotspot/share/interpreter/linkResolver.cpp, line 773]
Event: 11.637 Thread 0x000002b730941800 Exception <a 'java/lang/NoSuchMethodError'{0x0000000091ed3958}: 'void java.lang.invoke.DirectMethodHandle$Holder.invokeVirtual(java.lang.Object, java.lang.Object, int, java.lang.Object)'> (0x0000000091ed3958) thrown at [./src/hotspot/share/interpreter/linkResolver.cpp, line 773]
Event: 11.637 Thread 0x000002b730937000 Exception <a 'java/lang/NoSuchMethodError'{0x0000000092091358}: 'void java.lang.invoke.DirectMethodHandle$Holder.invokeVirtual(java.lang.Object, java.lang.Object, int, java.lang.Object)'> (0x0000000092091358) thrown at [./src/hotspot/share/interpreter/linkResolver.cpp, line 773]
Event: 11.842 Thread 0x000002b730936000 Exception <a 'java/lang/NoSuchMethodError'{0x000000009458b6d0}: 'int java.lang.invoke.DirectMethodHandle$Holder.invokeSpecial(java.lang.Object, java.lang.Object, java.lang.Object, int, java.lang.Object)'> (0x000000009458b6d0) thrown at [./src/hotspot/share/interpreter/linkResolver.cpp, line 773]
Event: 11.842 Thread 0x000002b730937000 Exception <a 'java/lang/NoSuchMethodError'{0x0000000094bff780}: 'int java.lang.invoke.DirectMethodHandle$Holder.invokeSpecial(java.lang.Object, java.lang.Object, java.lang.Object, int, java.lang.Object)'> (0x0000000094bff780) thrown at [./src/hotspot/share/interpreter/linkResolver.cpp, line 773]
Event: 11.842 Thread 0x000002b730941800 Exception <a 'java/lang/NoSuchMethodError'{0x0000000094336e90}: 'int java.lang.invoke.DirectMethodHandle$Holder.invokeSpecial(java.lang.Object, java.lang.Object, java.lang.Object, int, java.lang.Object)'> (0x0000000094336e90) thrown at [./src/hotspot/share/interpreter/linkResolver.cpp, line 773]
Event: 11.865 Thread 0x000002b730941800 Exception <a 'java/lang/NoSuchMethodError'{0x000000009433cb08}: 'java.lang.Object java.lang.invoke.DirectMethodHandle$Holder.newInvokeSpecial(java.lang.Object, int)'> (0x000000009433cb08) thrown at [./src/hotspot/share/interpreter/linkResolver.cpp, line 773]
Event: 11.865 Thread 0x000002b730937000 Exception <a 'java/lang/NoSuchMethodError'{0x00000000943721b8}: 'java.lang.Object java.lang.invoke.DirectMethodHandle$Holder.newInvokeSpecial(java.lang.Object, int)'> (0x00000000943721b8) thrown at [./src/hotspot/share/interpreter/linkResolver.cpp, line 773]
Event: 11.865 Thread 0x000002b73093c800 Exception <a 'java/lang/NoSuchMethodError'{0x000000009469d2c8}: 'java.lang.Object java.lang.invoke.DirectMethodHandle$Holder.newInvokeSpecial(java.lang.Object, int)'> (0x000000009469d2c8) thrown at [./src/hotspot/share/interpreter/linkResolver.cpp, line 773]
Event: 11.865 Thread 0x000002b730936000 Exception <a 'java/lang/NoSuchMethodError'{0x000000009426bfc8}: 'java.lang.Object java.lang.invoke.DirectMethodHandle$Holder.newInvokeSpecial(java.lang.Object, int)'> (0x000000009426bfc8) thrown at [./src/hotspot/share/interpreter/linkResolver.cpp, line 773]
Event: 11.973 Thread 0x000002b730941800 Exception <a 'java/lang/NoSuchMethodError'{0x00000000939a1bc8}: 'java.lang.Object java.lang.invoke.DirectMethodHandle$Holder.invokeInterface(java.lang.Object, java.lang.Object, int)'> (0x00000000939a1bc8) thrown at [./src/hotspot/share/interpreter/linkResolver.cpp, line 773]
Event: 12.614 Thread 0x000002b73093c800 Exception <a 'java/lang/NoSuchMethodError'{0x0000000091e9ee58}: 'int java.lang.invoke.DirectMethodHandle$Holder.invokeInterface(java.lang.Object, java.lang.Object, int)'> (0x0000000091e9ee58) thrown at [./src/hotspot/share/interpreter/linkResolver.cpp, line 773]

Events (20 events):
Event: 12.638 loading class com/android/tools/r8/code/v3 done
Event: 12.638 loading class com/android/tools/r8/code/s3
Event: 12.638 loading class com/android/tools/r8/code/s3 done
Event: 12.651 Executing VM operation: G1CollectForAllocation
Event: 12.651 loading class com/android/tools/r8/internal/GE
Event: 12.651 loading class com/android/tools/r8/internal/GE done
Event: 12.651 loading class com/android/tools/r8/internal/GE
Event: 12.651 loading class com/android/tools/r8/internal/GE done
Event: 12.651 loading class com/android/tools/r8/internal/FE
Event: 12.651 loading class com/android/tools/r8/internal/FE done
Event: 12.651 loading class com/android/tools/r8/code/F0
Event: 12.651 loading class com/android/tools/r8/code/F0 done
Event: 12.651 loading class com/android/tools/r8/code/F0
Event: 12.651 loading class com/android/tools/r8/code/F0 done
Event: 12.652 loading class com/android/tools/r8/code/F0
Event: 12.652 loading class com/android/tools/r8/code/F0 done
Event: 12.652 loading class com/android/tools/r8/code/G0
Event: 12.652 loading class com/android/tools/r8/code/G0 done
Event: 12.652 loading class com/android/tools/r8/code/G0
Event: 12.652 loading class com/android/tools/r8/code/G0 done


Dynamic libraries:
0x00007ff6ca3f0000 - 0x00007ff6ca3fa000 	C:\Program Files\Android\Android Studio1\jre\bin\java.exe
0x00007ffd7b730000 - 0x00007ffd7b925000 	C:\Windows\SYSTEM32\ntdll.dll
0x00007ffd798a0000 - 0x00007ffd7995e000 	C:\Windows\System32\KERNEL32.DLL
0x00007ffd78ff0000 - 0x00007ffd792b8000 	C:\Windows\System32\KERNELBASE.dll
0x00007ffd751a0000 - 0x00007ffd75230000 	C:\Windows\SYSTEM32\apphelp.dll
0x00007ffd79440000 - 0x00007ffd79540000 	C:\Windows\System32\ucrtbase.dll
0x00007ffd6af50000 - 0x00007ffd6af69000 	C:\Program Files\Android\Android Studio1\jre\bin\jli.dll
0x00007ffd71650000 - 0x00007ffd71667000 	C:\Program Files\Android\Android Studio1\jre\bin\VCRUNTIME140.dll
0x00007ffd79960000 - 0x00007ffd79b01000 	C:\Windows\System32\USER32.dll
0x00007ffd796b0000 - 0x00007ffd796d2000 	C:\Windows\System32\win32u.dll
0x00007ffd69470000 - 0x00007ffd6970a000 	C:\Windows\WinSxS\amd64_microsoft.windows.common-controls_6595b64144ccf1df_6.0.19041.1110_none_60b5254171f9507e\COMCTL32.dll
0x00007ffd7b6c0000 - 0x00007ffd7b6eb000 	C:\Windows\System32\GDI32.dll
0x00007ffd79ca0000 - 0x00007ffd79d3e000 	C:\Windows\System32\msvcrt.dll
0x00007ffd795a0000 - 0x00007ffd796ad000 	C:\Windows\System32\gdi32full.dll
0x00007ffd793a0000 - 0x00007ffd7943d000 	C:\Windows\System32\msvcp_win.dll
0x00007ffd7a610000 - 0x00007ffd7a640000 	C:\Windows\System32\IMM32.DLL
0x00007ffd68260000 - 0x00007ffd682fd000 	C:\Program Files\Android\Android Studio1\jre\bin\msvcp140.dll
0x00007ffd50c30000 - 0x00007ffd516ff000 	C:\Program Files\Android\Android Studio1\jre\bin\server\jvm.dll
0x00007ffd7a420000 - 0x00007ffd7a4cc000 	C:\Windows\System32\ADVAPI32.dll
0x00007ffd79df0000 - 0x00007ffd79e8b000 	C:\Windows\System32\sechost.dll
0x00007ffd79b10000 - 0x00007ffd79c3a000 	C:\Windows\System32\RPCRT4.dll
0x00007ffd7b5d0000 - 0x00007ffd7b5d8000 	C:\Windows\System32\PSAPI.DLL
0x00007ffd72b50000 - 0x00007ffd72b59000 	C:\Windows\SYSTEM32\WSOCK32.dll
0x00007ffd6dcc0000 - 0x00007ffd6dcca000 	C:\Windows\SYSTEM32\VERSION.dll
0x00007ffd69b60000 - 0x00007ffd69b87000 	C:\Windows\SYSTEM32\WINMM.dll
0x00007ffd7b200000 - 0x00007ffd7b26b000 	C:\Windows\System32\WS2_32.dll
0x00007ffd77710000 - 0x00007ffd77722000 	C:\Windows\SYSTEM32\kernel.appcore.dll
0x00007ffd6af30000 - 0x00007ffd6af41000 	C:\Program Files\Android\Android Studio1\jre\bin\verify.dll
0x00007ffd76a90000 - 0x00007ffd76c74000 	C:\Windows\SYSTEM32\DBGHELP.DLL
0x00007ffd701f0000 - 0x00007ffd7021c000 	C:\Windows\SYSTEM32\dbgcore.DLL
0x00007ffd796e0000 - 0x00007ffd79762000 	C:\Windows\System32\bcryptPrimitives.dll
0x00007ffd68ab0000 - 0x00007ffd68ad9000 	C:\Program Files\Android\Android Studio1\jre\bin\java.dll
0x00007ffd72ad0000 - 0x00007ffd72adb000 	C:\Program Files\Android\Android Studio1\jre\bin\jimage.dll
0x00007ffd6af10000 - 0x00007ffd6af28000 	C:\Program Files\Android\Android Studio1\jre\bin\zip.dll
0x00007ffd7a7f0000 - 0x00007ffd7af34000 	C:\Windows\System32\SHELL32.dll
0x00007ffd76c80000 - 0x00007ffd77414000 	C:\Windows\SYSTEM32\windows.storage.dll
0x00007ffd7b270000 - 0x00007ffd7b5c5000 	C:\Windows\System32\combase.dll
0x00007ffd78890000 - 0x00007ffd788be000 	C:\Windows\SYSTEM32\Wldp.dll
0x00007ffd7a370000 - 0x00007ffd7a41d000 	C:\Windows\System32\SHCORE.dll
0x00007ffd79e90000 - 0x00007ffd79ee5000 	C:\Windows\System32\shlwapi.dll
0x00007ffd78d80000 - 0x00007ffd78d9f000 	C:\Windows\SYSTEM32\profapi.dll
0x00007ffd68a90000 - 0x00007ffd68aaa000 	C:\Program Files\Android\Android Studio1\jre\bin\net.dll
0x00007ffd6e920000 - 0x00007ffd6ea2c000 	C:\Windows\SYSTEM32\WINHTTP.dll
0x00007ffd785f0000 - 0x00007ffd7865a000 	C:\Windows\system32\mswsock.dll
0x00007ffd68a70000 - 0x00007ffd68a84000 	C:\Program Files\Android\Android Studio1\jre\bin\nio.dll
0x00007ffd71670000 - 0x00007ffd71697000 	C:\Users\霓扉奸.gradle\native\8bec1ad78214c89d9ad589b4d07fe93259594b29d510b10fafb7a158f7737e5d\windows-amd64\native-platform.dll
0x00007ffd68300000 - 0x00007ffd6843d000 	C:\Users\霓扉奸.gradle\native\53dbd7edfb1c66fb8903c78663c9afc45aea4f116125fa6feffd364cf09443e8\windows-amd64\native-platform-file-events.dll
0x00007ffd72a90000 - 0x00007ffd72a9a000 	C:\Program Files\Android\Android Studio1\jre\bin\management.dll
0x00007ffd711c0000 - 0x00007ffd711cc000 	C:\Program Files\Android\Android Studio1\jre\bin\management_ext.dll
0x00007ffd787e0000 - 0x00007ffd787f8000 	C:\Windows\SYSTEM32\CRYPTSP.dll
0x00007ffd77f00000 - 0x00007ffd77f34000 	C:\Windows\system32\rsaenh.dll
0x00007ffd79370000 - 0x00007ffd79397000 	C:\Windows\System32\bcrypt.dll
0x00007ffd78d40000 - 0x00007ffd78d6e000 	C:\Windows\SYSTEM32\USERENV.dll
0x00007ffd78800000 - 0x00007ffd7880c000 	C:\Windows\SYSTEM32\CRYPTBASE.dll
0x00007ffd78290000 - 0x00007ffd782cb000 	C:\Windows\SYSTEM32\IPHLPAPI.DLL
0x00007ffd7afe0000 - 0x00007ffd7afe8000 	C:\Windows\System32\NSI.dll
0x00007ffd71c50000 - 0x00007ffd71c67000 	C:\Windows\SYSTEM32\dhcpcsvc6.DLL
0x00007ffd71ba0000 - 0x00007ffd71bbd000 	C:\Windows\SYSTEM32\dhcpcsvc.DLL
0x00007ffd782d0000 - 0x00007ffd7839b000 	C:\Windows\SYSTEM32\DNSAPI.dll

dbghelp: loaded successfully - version: 4.0.5 - missing functions: none
symbol engine: initialized successfully - sym options: 0x614 - pdb path: .;C:\Program Files\Android\Android Studio1\jre\bin;C:\Windows\SYSTEM32;C:\Windows\WinSxS\amd64_microsoft.windows.common-controls_6595b64144ccf1df_6.0.19041.1110_none_60b5254171f9507e;C:\Program Files\Android\Android Studio1\jre\bin\server;C:\Users\霓扉奸.gradle\native\8bec1ad78214c89d9ad589b4d07fe93259594b29d510b10fafb7a158f7737e5d\windows-amd64;C:\Users\霓扉奸.gradle\native\53dbd7edfb1c66fb8903c78663c9afc45aea4f116125fa6feffd364cf09443e8\windows-amd64

VM Arguments:
jvm_args: --add-opens=java.base/java.util=ALL-UNNAMED --add-opens=java.base/java.lang=ALL-UNNAMED --add-opens=java.base/java.lang.invoke=ALL-UNNAMED --add-opens=java.base/java.util=ALL-UNNAMED --add-opens=java.prefs/java.util.prefs=ALL-UNNAMED --add-opens=java.prefs/java.util.prefs=ALL-UNNAMED --add-opens=java.base/java.nio.charset=ALL-UNNAMED --add-opens=java.base/java.net=ALL-UNNAMED --add-opens=java.base/java.util.concurrent.atomic=ALL-UNNAMED -Xmx2048m -Dfile.encoding=UTF-8 -Duser.country=RU -Duser.language=ru -Duser.variant 
java_command: org.gradle.launcher.daemon.bootstrap.GradleDaemon 7.0.2
java_class_path (initial): C:\Users\霓扉奸.gradle\wrapper\dists\gradle-7.0.2-bin\857tjihv64xamwrf0h14cai3r\gradle-7.0.2\lib\gradle-launcher-7.0.2.jar
Launcher Type: SUN_STANDARD

[Global flags]
     intx CICompilerCount                          = 3                                         {product} {ergonomic}
     uint ConcGCThreads                            = 2                                         {product} {ergonomic}
     uint G1ConcRefinementThreads                  = 6                                         {product} {ergonomic}
   size_t G1HeapRegionSize                         = 1048576                                   {product} {ergonomic}
    uintx GCDrainStackTargetSize                   = 64                                        {product} {ergonomic}
   size_t InitialHeapSize                          = 67108864                                  {product} {ergonomic}
   size_t MarkStackSize                            = 4194304                                   {product} {ergonomic}
   size_t MaxHeapSize                              = 2147483648                                {product} {command line}
   size_t MaxNewSize                               = 1287651328                                {product} {ergonomic}
   size_t MinHeapDeltaBytes                        = 1048576                                   {product} {ergonomic}
    uintx NonNMethodCodeHeapSize                   = 5830732                                {pd product} {ergonomic}
    uintx NonProfiledCodeHeapSize                  = 122913754                              {pd product} {ergonomic}
    uintx ProfiledCodeHeapSize                     = 122913754                              {pd product} {ergonomic}
    uintx ReservedCodeCacheSize                    = 251658240                              {pd product} {ergonomic}
     bool SegmentedCodeCache                       = true                                      {product} {ergonomic}
     bool UseCompressedClassPointers               = true                                 {lp64_product} {ergonomic}
     bool UseCompressedOops                        = true                                 {lp64_product} {ergonomic}
     bool UseG1GC                                  = true                                      {product} {ergonomic}
     bool UseLargePagesIndividualAllocation        = false                                  {pd product} {ergonomic}

Logging:
Log output configuration:
 #0: stdout all=warning uptime,level,tags
 #1: stderr all=off uptime,level,tags

Environment Variables:
JAVA_HOME=C:\Program Files\Java\jre1.8.0_51
PATH=C:\Windows\system32;C:\Windows;C:\Windows\System32\Wbem;C:\Windows\System32\WindowsPowerShell\v1.0\;C:\Windows\System32\OpenSSH\;C:\Program Files\Git\cmd;C:\Users\Public\Documents\android-sdk-26-1-1\platform-tools;C:\Users\Public\Documents\android-sdk-26-1-1\tools;C:\Users\霓扉奸AppData\Local\Microsoft\WindowsApps;C:\Users\霓扉奸AppData\Local\GitHubDesktop\bin
USERNAME=Kseniya
OS=Windows_NT
PROCESSOR_IDENTIFIER=Intel64 Family 6 Model 158 Stepping 10, GenuineIntel



---------------  S Y S T E M  ---------------

OS: Windows 10 , 64 bit Build 19041 (10.0.19041.1348)
OS uptime: 4 days 0:17 hours

CPU:total 6 (initial active 6) (6 cores per cpu, 1 threads per core) family 6 model 158 stepping 10 microcode 0xb4, cmov, cx8, fxsr, mmx, sse, sse2, sse3, ssse3, sse4.1, sse4.2, popcnt, avx, avx2, aes, clmul, erms, 3dnowpref, lzcnt, tsc, tscinvbit, bmi1, bmi2, adx, fma

Memory: 4k page, system-wide physical 4016M (251M free)
TotalPageFile size 16304M (AvailPageFile size 249M)
current process WorkingSet (physical memory assigned to process): 434M, peak: 489M
current process commit charge ("private bytes"): 750M, peak: 1223M

vm_info: OpenJDK 64-Bit Server VM (11.0.10+0-b96-7249189) for windows-amd64 JRE (11.0.10+0-b96-7249189), built on Mar 31 2021 21:44:00 by "builder" with MS VC++ 14.0 (VS2015)

END.
