#
# There is insufficient memory for the Java Runtime Environment to continue.
# Native memory allocation (mmap) failed to map 445644800 bytes for Failed to commit area from 0x0000000095000000 to 0x00000000af900000 of length 445644800.
# Possible reasons:
#   The system is out of physical RAM or swap space
#   The process is running with CompressedOops enabled, and the Java Heap may be blocking the growth of the native heap
# Possible solutions:
#   Reduce memory load on the system
#   Increase physical memory or swap space
#   Check if swap backing store is full
#   Decrease Java heap size (-Xmx/-Xms)
#   Decrease number of Java threads
#   Decrease Java thread stack sizes (-Xss)
#   Set larger code cache with -XX:ReservedCodeCacheSize=
#   JVM is running with Unscaled Compressed Oops mode in which the Java heap is
#     placed in the first 4GB address space. The Java Heap base address is the
#     maximum limit for the native heap growth. Please use -XX:HeapBaseMinAddress
#     to set the Java Heap base and to place the Java Heap above 4GB virtual address.
# This output file may be truncated or incomplete.
#
#  Out of Memory Error (./src/hotspot/os/windows/os_windows.cpp:3301), pid=7940, tid=11708
#
# JRE version: OpenJDK Runtime Environment (11.0.10) (build 11.0.10+0-b96-7249189)
# Java VM: OpenJDK 64-Bit Server VM (11.0.10+0-b96-7249189, mixed mode, tiered, compressed oops, g1 gc, windows-amd64)
# No core dump will be written. Minidumps are not enabled by default on client versions of Windows
#

---------------  S U M M A R Y ------------

Command Line: --add-opens=java.base/java.util=ALL-UNNAMED --add-opens=java.base/java.lang=ALL-UNNAMED --add-opens=java.base/java.lang.invoke=ALL-UNNAMED --add-opens=java.base/java.util=ALL-UNNAMED --add-opens=java.prefs/java.util.prefs=ALL-UNNAMED --add-opens=java.prefs/java.util.prefs=ALL-UNNAMED --add-opens=java.base/java.nio.charset=ALL-UNNAMED --add-opens=java.base/java.net=ALL-UNNAMED --add-opens=java.base/java.util.concurrent.atomic=ALL-UNNAMED -Xmx2048m -Dfile.encoding=UTF-8 -Duser.country=RU -Duser.language=ru -Duser.variant org.gradle.launcher.daemon.bootstrap.GradleDaemon 7.0.2

Host: Intel(R) Core(TM) i5-9400F CPU @ 2.90GHz, 6 cores, 3G,  Windows 10 , 64 bit Build 19041 (10.0.19041.1348)
Time: Sun Dec 19 19:55:52 2021 RTZ 2 (撫侁) elapsed time: 121.740595 seconds (0d 0h 2m 1s)

---------------  T H R E A D  ---------------

Current thread (0x00000188d51ff000):  VMThread "VM Thread" [stack: 0x00000003c7c00000,0x00000003c7d00000] [id=11708]

Stack: [0x00000003c7c00000,0x00000003c7d00000]
[error occurred during error reporting (printing stack bounds), id 0xc0000005, EXCEPTION_ACCESS_VIOLATION (0xc0000005) at pc=0x00000188becf0f2d]

Native frames: (J=compiled Java code, j=interpreted, Vv=VM code, C=native code)
V  [jvm.dll+0x5ecfaa]
V  [jvm.dll+0x722bd5]
V  [jvm.dll+0x72412d]
V  [jvm.dll+0x724745]
V  [jvm.dll+0x7246fb]
V  [jvm.dll+0x5ec348]
V  [jvm.dll+0x5ecad8]
C  [ntdll.dll+0xa20cf]
C  [ntdll.dll+0x51454]
C  [ntdll.dll+0xa0bfe]
C  0x00000188becf0f2d

VM_Operation (0x00000003ca8f8e10): G1CollectForAllocation, mode: safepoint, requested by thread 0x00000188df7fa800


---------------  P R O C E S S  ---------------

Threads class SMR info:
_java_thread_list=0x00000188ddbefd90, length=63, elements={
0x00000188bb20f000, 0x00000188d5202000, 0x00000188d5203800, 0x00000188d5220800,
0x00000188d5224000, 0x00000188d5225000, 0x00000188d5229000, 0x00000188d522a800,
0x00000188d522b800, 0x00000188d5d1f000, 0x00000188d7242000, 0x00000188d82cc800,
0x00000188d7ddc000, 0x00000188d7c4d000, 0x00000188d7677000, 0x00000188d7c36800,
0x00000188d7c3b800, 0x00000188d7c37800, 0x00000188d7c3c800, 0x00000188d7c39000,
0x00000188d7c3a000, 0x00000188d7c3b000, 0x00000188d8816000, 0x00000188d8818000,
0x00000188d8814800, 0x00000188d8815800, 0x00000188d8819800, 0x00000188d881c000,
0x00000188df7f1800, 0x00000188df7f3000, 0x00000188df7f2800, 0x00000188df7f0800,
0x00000188df7f4000, 0x00000188df7ee000, 0x00000188df7f4800, 0x00000188df7ef000,
0x00000188df7fb000, 0x00000188df7f9000, 0x00000188df7f9800, 0x00000188df7f5800,
0x00000188df7fc000, 0x00000188df7fa800, 0x00000188df7f7000, 0x00000188df7f6800,
0x00000188df7f8000, 0x00000188df7fd000, 0x00000188d8818800, 0x00000188d8817000,
0x00000188d8813000, 0x00000188d881c800, 0x00000188d881e800, 0x00000188d8820000,
0x00000188d881a800, 0x00000188d8821000, 0x00000188d881b000, 0x00000188d881f000,
0x00000188d8821800, 0x00000188d7c38800, 0x00000188d7c36000, 0x00000188dd81c800,
0x00000188dd81e000, 0x00000188dd81a000, 0x00000188dd81d000
}

Java Threads: ( => current thread )
  0x00000188bb20f000 JavaThread "main" [_thread_blocked, id=19648, stack(0x00000003c7600000,0x00000003c7700000)]
  0x00000188d5202000 JavaThread "Reference Handler" daemon [_thread_blocked, id=15632, stack(0x00000003c7d00000,0x00000003c7e00000)]
  0x00000188d5203800 JavaThread "Finalizer" daemon [_thread_blocked, id=2452, stack(0x00000003c7e00000,0x00000003c7f00000)]
  0x00000188d5220800 JavaThread "Signal Dispatcher" daemon [_thread_blocked, id=8372, stack(0x00000003c7f00000,0x00000003c8000000)]
  0x00000188d5224000 JavaThread "Attach Listener" daemon [_thread_blocked, id=8992, stack(0x00000003c8000000,0x00000003c8100000)]
  0x00000188d5225000 JavaThread "Service Thread" daemon [_thread_blocked, id=18796, stack(0x00000003c8100000,0x00000003c8200000)]
  0x00000188d5229000 JavaThread "C2 CompilerThread0" daemon [_thread_blocked, id=13964, stack(0x00000003c8200000,0x00000003c8300000)]
  0x00000188d522a800 JavaThread "C1 CompilerThread0" daemon [_thread_blocked, id=2788, stack(0x00000003c8300000,0x00000003c8400000)]
  0x00000188d522b800 JavaThread "Sweeper thread" daemon [_thread_blocked, id=2400, stack(0x00000003c8400000,0x00000003c8500000)]
  0x00000188d5d1f000 JavaThread "Common-Cleaner" daemon [_thread_blocked, id=260, stack(0x00000003c8500000,0x00000003c8600000)]
  0x00000188d7242000 JavaThread "Daemon health stats" [_thread_blocked, id=12944, stack(0x00000003c8800000,0x00000003c8900000)]
  0x00000188d82cc800 JavaThread "Incoming local TCP Connector on port 56593" [_thread_in_native, id=7432, stack(0x00000003c8900000,0x00000003c8a00000)]
  0x00000188d7ddc000 JavaThread "Daemon periodic checks" [_thread_blocked, id=2460, stack(0x00000003c8a00000,0x00000003c8b00000)]
  0x00000188d7c4d000 JavaThread "Daemon" [_thread_blocked, id=18352, stack(0x00000003c8b00000,0x00000003c8c00000)]
  0x00000188d7677000 JavaThread "Daemon worker" [_thread_blocked, id=10184, stack(0x00000003c8e00000,0x00000003c8f00000)]
  0x00000188d7c36800 JavaThread "Cache worker for file hash cache (C:\Users\햔쮏혪햧햨햟\.gradle\caches\7.0.2\fileHashes)" [_thread_blocked, id=8092, stack(0x00000003c9600000,0x00000003c9700000)]
  0x00000188d7c3b800 JavaThread "File lock request listener" [_thread_in_native, id=18548, stack(0x00000003c9700000,0x00000003c9800000)]
  0x00000188d7c37800 JavaThread "Cache worker for journal cache (C:\Users\햔쮏혪햧햨햟\.gradle\caches\journal-1)" [_thread_blocked, id=2700, stack(0x00000003c9900000,0x00000003c9a00000)]
  0x00000188d7c3c800 JavaThread "File watcher server" daemon [_thread_blocked, id=3768, stack(0x00000003c9b00000,0x00000003c9c00000)]
  0x00000188d7c39000 JavaThread "File watcher consumer" daemon [_thread_blocked, id=4180, stack(0x00000003c9c00000,0x00000003c9d00000)]
  0x00000188d7c3a000 JavaThread "jar transforms" [_thread_blocked, id=21088, stack(0x00000003c9d00000,0x00000003c9e00000)]
  0x00000188d7c3b000 JavaThread "jar transforms Thread 2" [_thread_blocked, id=3568, stack(0x00000003c9e00000,0x00000003c9f00000)]
  0x00000188d8816000 JavaThread "jar transforms Thread 3" [_thread_blocked, id=6904, stack(0x00000003c9f00000,0x00000003ca000000)]
  0x00000188d8818000 JavaThread "jar transforms Thread 4" [_thread_blocked, id=21128, stack(0x00000003ca000000,0x00000003ca100000)]
  0x00000188d8814800 JavaThread "jar transforms Thread 5" [_thread_blocked, id=19664, stack(0x00000003ca100000,0x00000003ca200000)]
  0x00000188d8815800 JavaThread "jar transforms Thread 6" [_thread_blocked, id=5764, stack(0x00000003ca200000,0x00000003ca300000)]
  0x00000188d8819800 JavaThread "Cache worker for execution history cache (C:\Users\햔쮏혪햧햨햟\.gradle\caches\7.0.2\executionHistory)" [_thread_blocked, id=19196, stack(0x00000003ca600000,0x00000003ca700000)]
  0x00000188d881c000 JavaThread "Cache worker for file content cache (C:\Users\햔쮏혪햧햨햟\.gradle\caches\7.0.2\fileContent)" [_thread_blocked, id=10888, stack(0x00000003ca700000,0x00000003ca800000)]
  0x00000188df7f1800 JavaThread "Memory manager" [_thread_blocked, id=15508, stack(0x00000003cb200000,0x00000003cb300000)]
  0x00000188df7f3000 JavaThread "pool-3-thread-1" [_thread_blocked, id=16616, stack(0x00000003c7500000,0x00000003c7600000)]
  0x00000188df7f2800 JavaThread "Handler for socket connection from /127.0.0.1:56593 to /127.0.0.1:63485" [_thread_in_native, id=12548, stack(0x00000003c7300000,0x00000003c7400000)]
  0x00000188df7f0800 JavaThread "Cancel handler" [_thread_blocked, id=14576, stack(0x00000003c7400000,0x00000003c7500000)]
  0x00000188df7f4000 JavaThread "Asynchronous log dispatcher for DefaultDaemonConnection: socket connection from /127.0.0.1:56593 to /127.0.0.1:63485" [_thread_blocked, id=21348, stack(0x00000003c8c00000,0x00000003c8d00000)]
  0x00000188df7ee000 JavaThread "Stdin handler" [_thread_blocked, id=14696, stack(0x00000003c8d00000,0x00000003c8e00000)]
  0x00000188df7f4800 JavaThread "Daemon client event forwarder" [_thread_blocked, id=2084, stack(0x00000003c8f00000,0x00000003c9000000)]
  0x00000188df7ef000 JavaThread "Cache worker for file hash cache (C:\Users\Public\Documents\Homework19\.gradle\7.0.2\fileHashes)" [_thread_blocked, id=7944, stack(0x00000003c9000000,0x00000003c9100000)]
  0x00000188df7fb000 JavaThread "Cache worker for checksums cache (C:\Users\Public\Documents\Homework19\.gradle\checksums)" [_thread_blocked, id=6652, stack(0x00000003c9100000,0x00000003c9200000)]
  0x00000188df7f9000 JavaThread "Cache worker for cache directory md-supplier (C:\Users\햔쮏혪햧햨햟\.gradle\caches\7.0.2\md-supplier)" [_thread_blocked, id=15468, stack(0x00000003c9a00000,0x00000003c9b00000)]
  0x00000188df7f9800 JavaThread "Cache worker for cache directory md-rule (C:\Users\햔쮏혪햧햨햟\.gradle\caches\7.0.2\md-rule)" [_thread_blocked, id=5916, stack(0x00000003ca300000,0x00000003ca400000)]
  0x00000188df7f5800 JavaThread "Cache worker for dependencies-accessors (C:\Users\Public\Documents\Homework19\.gradle\7.0.2\dependencies-accessors)" [_thread_blocked, id=10296, stack(0x00000003ca400000,0x00000003ca500000)]
  0x00000188df7fc000 JavaThread "Cache worker for Build Output Cleanup Cache (C:\Users\Public\Documents\Homework19\.gradle\buildOutputCleanup)" [_thread_blocked, id=11188, stack(0x00000003ca500000,0x00000003ca600000)]
  0x00000188df7fa800 JavaThread "Build operations" [_thread_blocked, id=13296, stack(0x00000003ca800000,0x00000003ca900000)]
  0x00000188df7f7000 JavaThread "Build operations Thread 2" [_thread_blocked, id=19640, stack(0x00000003ca900000,0x00000003caa00000)]
  0x00000188df7f6800 JavaThread "Build operations Thread 3" [_thread_blocked, id=9220, stack(0x00000003cab00000,0x00000003cac00000)]
  0x00000188df7f8000 JavaThread "Build operations Thread 4" [_thread_blocked, id=20980, stack(0x00000003cac00000,0x00000003cad00000)]
  0x00000188df7fd000 JavaThread "Build operations Thread 5" [_thread_blocked, id=484, stack(0x00000003cad00000,0x00000003cae00000)]
  0x00000188d8818800 JavaThread "Build operations Thread 6" [_thread_blocked, id=7440, stack(0x00000003cae00000,0x00000003caf00000)]
  0x00000188d8817000 JavaThread "build event listener" [_thread_blocked, id=9000, stack(0x00000003caf00000,0x00000003cb000000)]
  0x00000188d8813000 JavaThread "build event listener" [_thread_blocked, id=13012, stack(0x00000003cb000000,0x00000003cb100000)]
  0x00000188d881c800 JavaThread "pool-6-thread-1" [_thread_blocked, id=13356, stack(0x00000003cb400000,0x00000003cb500000)]
  0x00000188d881e800 JavaThread "build event listener" [_thread_blocked, id=21184, stack(0x00000003cb500000,0x00000003cb600000)]
  0x00000188d8820000 JavaThread "Execution worker for ':'" [_thread_blocked, id=9712, stack(0x00000003cb600000,0x00000003cb700000)]
  0x00000188d881a800 JavaThread "Execution worker for ':' Thread 2" [_thread_blocked, id=20200, stack(0x00000003cb700000,0x00000003cb800000)]
  0x00000188d8821000 JavaThread "Execution worker for ':' Thread 3" [_thread_blocked, id=16764, stack(0x00000003cb800000,0x00000003cb900000)]
  0x00000188d881b000 JavaThread "Execution worker for ':' Thread 4" [_thread_blocked, id=13052, stack(0x00000003cb900000,0x00000003cba00000)]
  0x00000188d881f000 JavaThread "Execution worker for ':' Thread 5" [_thread_blocked, id=6192, stack(0x00000003cba00000,0x00000003cbb00000)]
  0x00000188d8821800 JavaThread "Cache worker for execution history cache (C:\Users\Public\Documents\Homework19\.gradle\7.0.2\executionHistory)" [_thread_blocked, id=14280, stack(0x00000003cbb00000,0x00000003cbc00000)]
  0x00000188d7c38800 JavaThread "WorkerExecutor Queue" [_thread_blocked, id=19804, stack(0x00000003cbc00000,0x00000003cbd00000)]
  0x00000188d7c36000 JavaThread "WorkerExecutor Queue Thread 2" [_thread_blocked, id=9992, stack(0x00000003cbd00000,0x00000003cbe00000)]
  0x00000188dd81c800 JavaThread "WorkerExecutor Queue Thread 3" [_thread_blocked, id=752, stack(0x00000003cbe00000,0x00000003cbf00000)]
  0x00000188dd81e000 JavaThread "WorkerExecutor Queue Thread 4" [_thread_blocked, id=20140, stack(0x00000003cbf00000,0x00000003cc000000)]
  0x00000188dd81a000 JavaThread "WorkerExecutor Queue Thread 5" [_thread_blocked, id=21396, stack(0x00000003cc000000,0x00000003cc100000)]
  0x00000188dd81d000 JavaThread "WorkerExecutor Queue Thread 6" [_thread_blocked, id=7192, stack(0x00000003cc100000,0x00000003cc200000)]

Other Threads:
=>0x00000188d51ff000 VMThread "VM Thread" [stack: 0x00000003c7c00000,0x00000003c7d00000] [id=11708]
  0x00000188d5d2c000 WatcherThread [stack: 0x00000003c8600000,0x00000003c8700000] [id=17380]
  0x00000188bb224800 GCTaskThread "GC Thread#0" [stack: 0x00000003c7700000,0x00000003c7800000] [id=9336]
  0x00000188d6431000 GCTaskThread "GC Thread#1" [stack: 0x00000003c8700000,0x00000003c8800000] [id=6980]
  0x00000188d7c47000 GCTaskThread "GC Thread#2" [stack: 0x00000003c9200000,0x00000003c9300000] [id=15660]
  0x00000188d750b800 GCTaskThread "GC Thread#3" [stack: 0x00000003c9300000,0x00000003c9400000] [id=16832]
  0x00000188d774e800 GCTaskThread "GC Thread#4" [stack: 0x00000003c9400000,0x00000003c9500000] [id=5140]
  0x00000188d7f8d000 GCTaskThread "GC Thread#5" [stack: 0x00000003c9500000,0x00000003c9600000] [id=6640]
  0x00000188bb255000 ConcurrentGCThread "G1 Main Marker" [stack: 0x00000003c7800000,0x00000003c7900000] [id=19824]
  0x00000188bb256800 ConcurrentGCThread "G1 Conc#0" [stack: 0x00000003c7900000,0x00000003c7a00000] [id=20160]
  0x00000188d8291800 ConcurrentGCThread "G1 Conc#1" [stack: 0x00000003c9800000,0x00000003c9900000] [id=5228]
  0x00000188bb2b7800 ConcurrentGCThread "G1 Refine#0" [stack: 0x00000003c7a00000,0x00000003c7b00000] [id=5868]
  0x00000188bb2b8800 ConcurrentGCThread "G1 Young RemSet Sampling" [stack: 0x00000003c7b00000,0x00000003c7c00000] [id=9076]

Threads with active compile tasks:
C2 CompilerThread0 121820 26101 %     4       com.android.tools.r8.internal.U6::a @ 2560 (6044 bytes)
C1 CompilerThread0 121820 26391       2       java.util.stream.SortedOps$RefSortingSink::end (126 bytes)

VM state:at safepoint (normal execution)

VM Mutex/Monitor currently owned by a thread:  ([mutex/lock_event])
[0x00000188bb20b530] Threads_lock - owner thread: 0x00000188d51ff000
[0x00000188bb20c070] Heap_lock - owner thread: 0x00000188df7fa800

Heap address: 0x0000000080000000, size: 2048 MB, Compressed Oops mode: 32-bit
Narrow klass base: 0x0000000000000000, Narrow klass shift: 3
Compressed class space size: 1073741824 Address: 0x0000000100000000

Heap:
 garbage-first heap   total 779264K, used 217088K [0x0000000080000000, 0x0000000100000000)
  region size 1024K, 11 young (11264K), 11 survivors (11264K)
 Metaspace       used 148700K, capacity 152670K, committed 154328K, reserved 1183744K
  class space    used 18170K, capacity 19615K, committed 20224K, reserved 1048576K
Heap Regions: E=young(eden), S=young(survivor), O=old, HS=humongous(starts), HC=humongous(continues), CS=collection set, F=free, A=archive, TAMS=top-at-mark-start (previous, next)
|   0|0x0000000080000000, 0x0000000080100000, 0x0000000080100000|100%| O|  |TAMS 0x0000000080100000, 0x0000000080000000| Updating 
|   1|0x0000000080100000, 0x0000000080200000, 0x0000000080200000|100%| O|  |TAMS 0x0000000080200000, 0x0000000080100000| Updating 
|   2|0x0000000080200000, 0x0000000080300000, 0x0000000080300000|100%| O|  |TAMS 0x0000000080300000, 0x0000000080200000| Updating 
|   3|0x0000000080300000, 0x0000000080400000, 0x0000000080400000|100%|HS|  |TAMS 0x0000000080400000, 0x0000000080300000| Complete 
|   4|0x0000000080400000, 0x0000000080500000, 0x0000000080500000|100%|HC|  |TAMS 0x0000000080500000, 0x0000000080400000| Complete 
|   5|0x0000000080500000, 0x0000000080600000, 0x0000000080600000|100%|HC|  |TAMS 0x0000000080600000, 0x0000000080500000| Complete 
|   6|0x0000000080600000, 0x0000000080700000, 0x0000000080700000|100%| O|  |TAMS 0x0000000080700000, 0x0000000080600000| Updating 
|   7|0x0000000080700000, 0x0000000080800000, 0x0000000080800000|100%| O|  |TAMS 0x0000000080800000, 0x0000000080700000| Updating 
|   8|0x0000000080800000, 0x0000000080900000, 0x0000000080900000|100%| O|  |TAMS 0x0000000080900000, 0x0000000080800000| Updating 
|   9|0x0000000080900000, 0x0000000080a00000, 0x0000000080a00000|100%| O|  |TAMS 0x0000000080a00000, 0x0000000080900000| Updating 
|  10|0x0000000080a00000, 0x0000000080b00000, 0x0000000080b00000|100%| O|  |TAMS 0x0000000080b00000, 0x0000000080a00000| Updating 
|  11|0x0000000080b00000, 0x0000000080c00000, 0x0000000080c00000|100%| O|  |TAMS 0x0000000080c00000, 0x0000000080b00000| Updating 
|  12|0x0000000080c00000, 0x0000000080d00000, 0x0000000080d00000|100%| O|  |TAMS 0x0000000080d00000, 0x0000000080c00000| Updating 
|  13|0x0000000080d00000, 0x0000000080e00000, 0x0000000080e00000|100%| O|  |TAMS 0x0000000080e00000, 0x0000000080d00000| Updating 
|  14|0x0000000080e00000, 0x0000000080f00000, 0x0000000080f00000|100%| O|  |TAMS 0x0000000080f00000, 0x0000000080e00000| Updating 
|  15|0x0000000080f00000, 0x0000000081000000, 0x0000000081000000|100%| O|  |TAMS 0x0000000081000000, 0x0000000080f00000| Updating 
|  16|0x0000000081000000, 0x0000000081100000, 0x0000000081100000|100%|HS|  |TAMS 0x0000000081100000, 0x0000000081000000| Complete 
|  17|0x0000000081100000, 0x0000000081200000, 0x0000000081200000|100%|HC|  |TAMS 0x0000000081200000, 0x0000000081100000| Complete 
|  18|0x0000000081200000, 0x0000000081300000, 0x0000000081300000|100%|HS|  |TAMS 0x0000000081300000, 0x0000000081200000| Complete 
|  19|0x0000000081300000, 0x0000000081400000, 0x0000000081400000|100%|HC|  |TAMS 0x0000000081400000, 0x0000000081300000| Complete 
|  20|0x0000000081400000, 0x0000000081500000, 0x0000000081500000|100%|HC|  |TAMS 0x0000000081500000, 0x0000000081400000| Complete 
|  21|0x0000000081500000, 0x0000000081600000, 0x0000000081600000|100%|HS|  |TAMS 0x0000000081600000, 0x0000000081500000| Complete 
|  22|0x0000000081600000, 0x0000000081700000, 0x0000000081700000|100%|HC|  |TAMS 0x0000000081700000, 0x0000000081600000| Complete 
|  23|0x0000000081700000, 0x0000000081800000, 0x0000000081800000|100%|HC|  |TAMS 0x0000000081800000, 0x0000000081700000| Complete 
|  24|0x0000000081800000, 0x0000000081900000, 0x0000000081900000|100%|HC|  |TAMS 0x0000000081900000, 0x0000000081800000| Complete 
|  25|0x0000000081900000, 0x0000000081a00000, 0x0000000081a00000|100%|HC|  |TAMS 0x0000000081a00000, 0x0000000081900000| Complete 
|  26|0x0000000081a00000, 0x0000000081b00000, 0x0000000081b00000|100%| O|  |TAMS 0x0000000081b00000, 0x0000000081a00000| Updating 
|  27|0x0000000081b00000, 0x0000000081c00000, 0x0000000081c00000|100%| O|  |TAMS 0x0000000081c00000, 0x0000000081b00000| Updating 
|  28|0x0000000081c00000, 0x0000000081d00000, 0x0000000081d00000|100%| O|  |TAMS 0x0000000081d00000, 0x0000000081c00000| Updating 
|  29|0x0000000081d00000, 0x0000000081e00000, 0x0000000081e00000|100%| O|  |TAMS 0x0000000081e00000, 0x0000000081d00000| Updating 
|  30|0x0000000081e00000, 0x0000000081f00000, 0x0000000081f00000|100%| O|  |TAMS 0x0000000081f00000, 0x0000000081e00000| Updating 
|  31|0x0000000081f00000, 0x0000000082000000, 0x0000000082000000|100%| O|  |TAMS 0x0000000082000000, 0x0000000081f00000| Updating 
|  32|0x0000000082000000, 0x0000000082100000, 0x0000000082100000|100%| O|  |TAMS 0x0000000082100000, 0x0000000082000000| Updating 
|  33|0x0000000082100000, 0x0000000082200000, 0x0000000082200000|100%| O|  |TAMS 0x0000000082200000, 0x0000000082100000| Updating 
|  34|0x0000000082200000, 0x0000000082300000, 0x0000000082300000|100%| O|  |TAMS 0x0000000082300000, 0x0000000082200000| Updating 
|  35|0x0000000082300000, 0x0000000082400000, 0x0000000082400000|100%| O|  |TAMS 0x0000000082400000, 0x0000000082300000| Updating 
|  36|0x0000000082400000, 0x0000000082500000, 0x0000000082500000|100%| O|  |TAMS 0x0000000082500000, 0x0000000082400000| Updating 
|  37|0x0000000082500000, 0x0000000082600000, 0x0000000082600000|100%| O|  |TAMS 0x0000000082600000, 0x0000000082500000| Updating 
|  38|0x0000000082600000, 0x0000000082700000, 0x0000000082700000|100%| O|  |TAMS 0x0000000082700000, 0x0000000082600000| Updating 
|  39|0x0000000082700000, 0x0000000082800000, 0x0000000082800000|100%|HS|  |TAMS 0x0000000082800000, 0x0000000082700000| Complete 
|  40|0x0000000082800000, 0x0000000082900000, 0x0000000082900000|100%|HC|  |TAMS 0x0000000082900000, 0x0000000082800000| Complete 
|  41|0x0000000082900000, 0x0000000082a00000, 0x0000000082a00000|100%|HC|  |TAMS 0x0000000082a00000, 0x0000000082900000| Complete 
|  42|0x0000000082a00000, 0x0000000082b00000, 0x0000000082b00000|100%|HC|  |TAMS 0x0000000082b00000, 0x0000000082a00000| Complete 
|  43|0x0000000082b00000, 0x0000000082c00000, 0x0000000082c00000|100%|HC|  |TAMS 0x0000000082c00000, 0x0000000082b00000| Complete 
|  44|0x0000000082c00000, 0x0000000082d00000, 0x0000000082d00000|100%| O|  |TAMS 0x0000000082d00000, 0x0000000082c00000| Updating 
|  45|0x0000000082d00000, 0x0000000082e00000, 0x0000000082e00000|100%|HS|  |TAMS 0x0000000082e00000, 0x0000000082d00000| Complete 
|  46|0x0000000082e00000, 0x0000000082f00000, 0x0000000082f00000|100%|HC|  |TAMS 0x0000000082f00000, 0x0000000082e00000| Complete 
|  47|0x0000000082f00000, 0x0000000083000000, 0x0000000083000000|100%|HC|  |TAMS 0x0000000083000000, 0x0000000082f00000| Complete 
|  48|0x0000000083000000, 0x0000000083100000, 0x0000000083100000|100%| O|  |TAMS 0x0000000083100000, 0x0000000083000000| Updating 
|  49|0x0000000083100000, 0x0000000083200000, 0x0000000083200000|100%| O|  |TAMS 0x0000000083200000, 0x0000000083100000| Updating 
|  50|0x0000000083200000, 0x0000000083300000, 0x0000000083300000|100%| O|  |TAMS 0x0000000083300000, 0x0000000083200000| Updating 
|  51|0x0000000083300000, 0x0000000083400000, 0x0000000083400000|100%| O|  |TAMS 0x0000000083400000, 0x0000000083300000| Updating 
|  52|0x0000000083400000, 0x0000000083500000, 0x0000000083500000|100%| O|  |TAMS 0x0000000083500000, 0x0000000083400000| Updating 
|  53|0x0000000083500000, 0x0000000083600000, 0x0000000083600000|100%| O|  |TAMS 0x0000000083600000, 0x0000000083500000| Updating 
|  54|0x0000000083600000, 0x0000000083700000, 0x0000000083700000|100%| O|  |TAMS 0x0000000083700000, 0x0000000083600000| Updating 
|  55|0x0000000083700000, 0x0000000083800000, 0x0000000083800000|100%| O|  |TAMS 0x0000000083800000, 0x0000000083700000| Updating 
|  56|0x0000000083800000, 0x0000000083900000, 0x0000000083900000|100%| O|  |TAMS 0x0000000083900000, 0x0000000083800000| Updating 
|  57|0x0000000083900000, 0x0000000083a00000, 0x0000000083a00000|100%| O|  |TAMS 0x0000000083a00000, 0x0000000083900000| Updating 
|  58|0x0000000083a00000, 0x0000000083b00000, 0x0000000083b00000|100%| O|  |TAMS 0x0000000083b00000, 0x0000000083a00000| Updating 
|  59|0x0000000083b00000, 0x0000000083c00000, 0x0000000083c00000|100%| O|  |TAMS 0x0000000083c00000, 0x0000000083b00000| Updating 
|  60|0x0000000083c00000, 0x0000000083d00000, 0x0000000083d00000|100%| O|  |TAMS 0x0000000083d00000, 0x0000000083c00000| Updating 
|  61|0x0000000083d00000, 0x0000000083e00000, 0x0000000083e00000|100%| O|  |TAMS 0x0000000083e00000, 0x0000000083d00000| Updating 
|  62|0x0000000083e00000, 0x0000000083f00000, 0x0000000083f00000|100%| O|  |TAMS 0x0000000083f00000, 0x0000000083e00000| Updating 
|  63|0x0000000083f00000, 0x0000000084000000, 0x0000000084000000|100%| O|  |TAMS 0x0000000084000000, 0x0000000083f00000| Updating 
|  64|0x0000000084000000, 0x0000000084100000, 0x0000000084100000|100%| O|  |TAMS 0x0000000084100000, 0x0000000084000000| Updating 
|  65|0x0000000084100000, 0x0000000084200000, 0x0000000084200000|100%| O|  |TAMS 0x0000000084200000, 0x0000000084100000| Updating 
|  66|0x0000000084200000, 0x0000000084300000, 0x0000000084300000|100%| O|  |TAMS 0x0000000084300000, 0x0000000084200000| Updating 
|  67|0x0000000084300000, 0x0000000084400000, 0x0000000084400000|100%|HS|  |TAMS 0x0000000084400000, 0x0000000084300000| Complete 
|  68|0x0000000084400000, 0x0000000084500000, 0x0000000084500000|100%| O|  |TAMS 0x0000000084500000, 0x0000000084400000| Updating 
|  69|0x0000000084500000, 0x0000000084600000, 0x0000000084600000|100%| O|  |TAMS 0x0000000084600000, 0x0000000084500000| Updating 
|  70|0x0000000084600000, 0x0000000084700000, 0x0000000084700000|100%|HS|  |TAMS 0x0000000084700000, 0x0000000084600000| Complete 
|  71|0x0000000084700000, 0x0000000084800000, 0x0000000084800000|100%|HS|  |TAMS 0x0000000084800000, 0x0000000084700000| Complete 
|  72|0x0000000084800000, 0x0000000084900000, 0x0000000084900000|100%|HS|  |TAMS 0x0000000084900000, 0x0000000084800000| Complete 
|  73|0x0000000084900000, 0x0000000084a00000, 0x0000000084a00000|100%|HC|  |TAMS 0x0000000084a00000, 0x0000000084900000| Complete 
|  74|0x0000000084a00000, 0x0000000084b00000, 0x0000000084b00000|100%|HC|  |TAMS 0x0000000084b00000, 0x0000000084a00000| Complete 
|  75|0x0000000084b00000, 0x0000000084c00000, 0x0000000084c00000|100%|HS|  |TAMS 0x0000000084c00000, 0x0000000084b00000| Complete 
|  76|0x0000000084c00000, 0x0000000084d00000, 0x0000000084d00000|100%|HC|  |TAMS 0x0000000084d00000, 0x0000000084c00000| Complete 
|  77|0x0000000084d00000, 0x0000000084e00000, 0x0000000084e00000|100%| O|  |TAMS 0x0000000084e00000, 0x0000000084d00000| Updating 
|  78|0x0000000084e00000, 0x0000000084f00000, 0x0000000084f00000|100%| O|  |TAMS 0x0000000084f00000, 0x0000000084e00000| Updating 
|  79|0x0000000084f00000, 0x0000000085000000, 0x0000000085000000|100%| O|  |TAMS 0x0000000085000000, 0x0000000084f00000| Updating 
|  80|0x0000000085000000, 0x0000000085100000, 0x0000000085100000|100%| O|  |TAMS 0x0000000085100000, 0x0000000085000000| Updating 
|  81|0x0000000085100000, 0x0000000085200000, 0x0000000085200000|100%| O|  |TAMS 0x0000000085200000, 0x0000000085100000| Updating 
|  82|0x0000000085200000, 0x0000000085300000, 0x0000000085300000|100%| O|  |TAMS 0x0000000085300000, 0x0000000085200000| Updating 
|  83|0x0000000085300000, 0x0000000085400000, 0x0000000085400000|100%| O|  |TAMS 0x0000000085400000, 0x0000000085300000| Updating 
|  84|0x0000000085400000, 0x0000000085500000, 0x0000000085500000|100%| O|  |TAMS 0x0000000085500000, 0x0000000085400000| Updating 
|  85|0x0000000085500000, 0x0000000085600000, 0x0000000085600000|100%| O|  |TAMS 0x0000000085600000, 0x0000000085500000| Updating 
|  86|0x0000000085600000, 0x0000000085700000, 0x0000000085700000|100%| O|  |TAMS 0x0000000085700000, 0x0000000085600000| Updating 
|  87|0x0000000085700000, 0x0000000085800000, 0x0000000085800000|100%| O|  |TAMS 0x0000000085800000, 0x0000000085700000| Updating 
|  88|0x0000000085800000, 0x0000000085900000, 0x0000000085900000|100%| O|  |TAMS 0x0000000085900000, 0x0000000085800000| Updating 
|  89|0x0000000085900000, 0x0000000085a00000, 0x0000000085a00000|100%| O|  |TAMS 0x0000000085a00000, 0x0000000085900000| Updating 
|  90|0x0000000085a00000, 0x0000000085b00000, 0x0000000085b00000|100%| O|  |TAMS 0x0000000085b00000, 0x0000000085a00000| Updating 
|  91|0x0000000085b00000, 0x0000000085c00000, 0x0000000085c00000|100%| O|  |TAMS 0x0000000085c00000, 0x0000000085b00000| Updating 
|  92|0x0000000085c00000, 0x0000000085d00000, 0x0000000085d00000|100%| O|  |TAMS 0x0000000085d00000, 0x0000000085c00000| Updating 
|  93|0x0000000085d00000, 0x0000000085e00000, 0x0000000085e00000|100%| O|  |TAMS 0x0000000085e00000, 0x0000000085d00000| Updating 
|  94|0x0000000085e00000, 0x0000000085f00000, 0x0000000085f00000|100%| O|  |TAMS 0x0000000085f00000, 0x0000000085e00000| Updating 
|  95|0x0000000085f00000, 0x0000000086000000, 0x0000000086000000|100%| O|  |TAMS 0x0000000086000000, 0x0000000085f00000| Updating 
|  96|0x0000000086000000, 0x0000000086100000, 0x0000000086100000|100%| O|  |TAMS 0x0000000086100000, 0x0000000086000000| Updating 
|  97|0x0000000086100000, 0x0000000086200000, 0x0000000086200000|100%| O|  |TAMS 0x0000000086200000, 0x0000000086100000| Updating 
|  98|0x0000000086200000, 0x0000000086300000, 0x0000000086300000|100%| O|  |TAMS 0x0000000086300000, 0x0000000086200000| Updating 
|  99|0x0000000086300000, 0x0000000086400000, 0x0000000086400000|100%| O|  |TAMS 0x0000000086400000, 0x0000000086300000| Updating 
| 100|0x0000000086400000, 0x0000000086500000, 0x0000000086500000|100%| O|  |TAMS 0x0000000086500000, 0x0000000086400000| Updating 
| 101|0x0000000086500000, 0x0000000086600000, 0x0000000086600000|100%| O|  |TAMS 0x0000000086600000, 0x0000000086500000| Updating 
| 102|0x0000000086600000, 0x0000000086700000, 0x0000000086700000|100%| O|  |TAMS 0x0000000086700000, 0x0000000086600000| Updating 
| 103|0x0000000086700000, 0x0000000086800000, 0x0000000086800000|100%| O|  |TAMS 0x0000000086800000, 0x0000000086700000| Updating 
| 104|0x0000000086800000, 0x0000000086900000, 0x0000000086900000|100%| O|  |TAMS 0x0000000086900000, 0x0000000086800000| Updating 
| 105|0x0000000086900000, 0x0000000086a00000, 0x0000000086a00000|100%| O|  |TAMS 0x0000000086a00000, 0x0000000086900000| Updating 
| 106|0x0000000086a00000, 0x0000000086b00000, 0x0000000086b00000|100%| O|  |TAMS 0x0000000086b00000, 0x0000000086a00000| Updating 
| 107|0x0000000086b00000, 0x0000000086c00000, 0x0000000086c00000|100%| O|  |TAMS 0x0000000086c00000, 0x0000000086b00000| Updating 
| 108|0x0000000086c00000, 0x0000000086d00000, 0x0000000086d00000|100%| O|  |TAMS 0x0000000086d00000, 0x0000000086c00000| Updating 
| 109|0x0000000086d00000, 0x0000000086e00000, 0x0000000086e00000|100%| O|  |TAMS 0x0000000086e00000, 0x0000000086d00000| Updating 
| 110|0x0000000086e00000, 0x0000000086f00000, 0x0000000086f00000|100%| O|  |TAMS 0x0000000086f00000, 0x0000000086e00000| Updating 
| 111|0x0000000086f00000, 0x0000000087000000, 0x0000000087000000|100%| O|  |TAMS 0x0000000087000000, 0x0000000086f00000| Updating 
| 112|0x0000000087000000, 0x0000000087100000, 0x0000000087100000|100%| O|  |TAMS 0x0000000087100000, 0x0000000087000000| Updating 
| 113|0x0000000087100000, 0x0000000087200000, 0x0000000087200000|100%| O|  |TAMS 0x0000000087200000, 0x0000000087100000| Updating 
| 114|0x0000000087200000, 0x0000000087300000, 0x0000000087300000|100%| O|  |TAMS 0x0000000087300000, 0x0000000087200000| Updating 
| 115|0x0000000087300000, 0x0000000087400000, 0x0000000087400000|100%| O|  |TAMS 0x0000000087400000, 0x0000000087300000| Updating 
| 116|0x0000000087400000, 0x0000000087500000, 0x0000000087500000|100%| O|  |TAMS 0x0000000087500000, 0x0000000087400000| Updating 
| 117|0x0000000087500000, 0x0000000087600000, 0x0000000087600000|100%| O|  |TAMS 0x0000000087600000, 0x0000000087500000| Updating 
| 118|0x0000000087600000, 0x0000000087700000, 0x0000000087700000|100%| O|  |TAMS 0x0000000087700000, 0x0000000087600000| Updating 
| 119|0x0000000087700000, 0x0000000087800000, 0x0000000087800000|100%| O|  |TAMS 0x0000000087800000, 0x0000000087700000| Updating 
| 120|0x0000000087800000, 0x0000000087900000, 0x0000000087900000|100%|HS|  |TAMS 0x0000000087900000, 0x0000000087800000| Complete 
| 121|0x0000000087900000, 0x0000000087a00000, 0x0000000087a00000|100%| O|  |TAMS 0x0000000087a00000, 0x0000000087900000| Updating 
| 122|0x0000000087a00000, 0x0000000087b00000, 0x0000000087b00000|100%| O|  |TAMS 0x0000000087b00000, 0x0000000087a00000| Updating 
| 123|0x0000000087b00000, 0x0000000087c00000, 0x0000000087c00000|100%| O|  |TAMS 0x0000000087c00000, 0x0000000087b00000| Updating 
| 124|0x0000000087c00000, 0x0000000087d00000, 0x0000000087d00000|100%| O|  |TAMS 0x0000000087d00000, 0x0000000087c00000| Updating 
| 125|0x0000000087d00000, 0x0000000087e00000, 0x0000000087e00000|100%| O|  |TAMS 0x0000000087e00000, 0x0000000087d00000| Updating 
| 126|0x0000000087e00000, 0x0000000087f00000, 0x0000000087f00000|100%| O|  |TAMS 0x0000000087f00000, 0x0000000087e00000| Updating 
| 127|0x0000000087f00000, 0x0000000088000000, 0x0000000088000000|100%| O|  |TAMS 0x0000000088000000, 0x0000000087f00000| Updating 
| 128|0x0000000088000000, 0x0000000088100000, 0x0000000088100000|100%| O|  |TAMS 0x0000000088100000, 0x0000000088000000| Updating 
| 129|0x0000000088100000, 0x0000000088200000, 0x0000000088200000|100%| O|  |TAMS 0x0000000088200000, 0x0000000088100000| Updating 
| 130|0x0000000088200000, 0x0000000088300000, 0x0000000088300000|100%| O|  |TAMS 0x0000000088300000, 0x0000000088200000| Updating 
| 131|0x0000000088300000, 0x0000000088400000, 0x0000000088400000|100%| O|  |TAMS 0x0000000088400000, 0x0000000088300000| Updating 
| 132|0x0000000088400000, 0x0000000088500000, 0x0000000088500000|100%| O|  |TAMS 0x0000000088500000, 0x0000000088400000| Updating 
| 133|0x0000000088500000, 0x0000000088600000, 0x0000000088600000|100%| O|  |TAMS 0x0000000088600000, 0x0000000088500000| Updating 
| 134|0x0000000088600000, 0x0000000088700000, 0x0000000088700000|100%| O|  |TAMS 0x0000000088700000, 0x0000000088600000| Updating 
| 135|0x0000000088700000, 0x0000000088800000, 0x0000000088800000|100%| O|  |TAMS 0x0000000088800000, 0x0000000088700000| Updating 
| 136|0x0000000088800000, 0x0000000088900000, 0x0000000088900000|100%| O|  |TAMS 0x0000000088900000, 0x0000000088800000| Updating 
| 137|0x0000000088900000, 0x0000000088a00000, 0x0000000088a00000|100%| O|  |TAMS 0x0000000088a00000, 0x0000000088900000| Updating 
| 138|0x0000000088a00000, 0x0000000088b00000, 0x0000000088b00000|100%| O|  |TAMS 0x0000000088b00000, 0x0000000088a00000| Updating 
| 139|0x0000000088b00000, 0x0000000088c00000, 0x0000000088c00000|100%| O|  |TAMS 0x0000000088c00000, 0x0000000088b00000| Updating 
| 140|0x0000000088c00000, 0x0000000088d00000, 0x0000000088d00000|100%| O|  |TAMS 0x0000000088d00000, 0x0000000088c00000| Updating 
| 141|0x0000000088d00000, 0x0000000088e00000, 0x0000000088e00000|100%| O|  |TAMS 0x0000000088e00000, 0x0000000088d00000| Updating 
| 142|0x0000000088e00000, 0x0000000088f00000, 0x0000000088f00000|100%| O|  |TAMS 0x0000000088f00000, 0x0000000088e00000| Updating 
| 143|0x0000000088f00000, 0x0000000089000000, 0x0000000089000000|100%| O|  |TAMS 0x0000000089000000, 0x0000000088f00000| Updating 
| 144|0x0000000089000000, 0x0000000089100000, 0x0000000089100000|100%| O|  |TAMS 0x0000000089100000, 0x0000000089000000| Updating 
| 145|0x0000000089100000, 0x0000000089200000, 0x0000000089200000|100%| O|  |TAMS 0x0000000089200000, 0x0000000089100000| Updating 
| 146|0x0000000089200000, 0x0000000089300000, 0x0000000089300000|100%| O|  |TAMS 0x0000000089300000, 0x0000000089200000| Updating 
| 147|0x0000000089300000, 0x0000000089400000, 0x0000000089400000|100%| O|  |TAMS 0x0000000089400000, 0x0000000089300000| Updating 
| 148|0x0000000089400000, 0x0000000089500000, 0x0000000089500000|100%| O|  |TAMS 0x0000000089500000, 0x0000000089400000| Updating 
| 149|0x0000000089500000, 0x0000000089600000, 0x0000000089600000|100%| O|  |TAMS 0x0000000089600000, 0x0000000089500000| Updating 
| 150|0x0000000089600000, 0x0000000089700000, 0x0000000089700000|100%| O|  |TAMS 0x0000000089700000, 0x0000000089600000| Updating 
| 151|0x0000000089700000, 0x0000000089800000, 0x0000000089800000|100%| O|  |TAMS 0x0000000089800000, 0x0000000089700000| Updating 
| 152|0x0000000089800000, 0x0000000089900000, 0x0000000089900000|100%| O|  |TAMS 0x0000000089900000, 0x0000000089800000| Updating 
| 153|0x0000000089900000, 0x0000000089a00000, 0x0000000089a00000|100%| O|  |TAMS 0x0000000089a00000, 0x0000000089900000| Updating 
| 154|0x0000000089a00000, 0x0000000089b00000, 0x0000000089b00000|100%| O|  |TAMS 0x0000000089b00000, 0x0000000089a00000| Updating 
| 155|0x0000000089b00000, 0x0000000089c00000, 0x0000000089c00000|100%| O|  |TAMS 0x0000000089c00000, 0x0000000089b00000| Updating 
| 156|0x0000000089c00000, 0x0000000089d00000, 0x0000000089d00000|100%| O|  |TAMS 0x0000000089d00000, 0x0000000089c00000| Updating 
| 157|0x0000000089d00000, 0x0000000089e00000, 0x0000000089e00000|100%| O|  |TAMS 0x0000000089e00000, 0x0000000089d00000| Updating 
| 158|0x0000000089e00000, 0x0000000089f00000, 0x0000000089f00000|100%| O|  |TAMS 0x0000000089f00000, 0x0000000089e00000| Updating 
| 159|0x0000000089f00000, 0x000000008a000000, 0x000000008a000000|100%| O|  |TAMS 0x000000008a000000, 0x0000000089f00000| Updating 
| 160|0x000000008a000000, 0x000000008a100000, 0x000000008a100000|100%| O|  |TAMS 0x000000008a100000, 0x000000008a000000| Updating 
| 161|0x000000008a100000, 0x000000008a200000, 0x000000008a200000|100%| O|  |TAMS 0x000000008a200000, 0x000000008a100000| Updating 
| 162|0x000000008a200000, 0x000000008a300000, 0x000000008a300000|100%| O|  |TAMS 0x000000008a300000, 0x000000008a200000| Updating 
| 163|0x000000008a300000, 0x000000008a400000, 0x000000008a400000|100%| O|  |TAMS 0x000000008a400000, 0x000000008a300000| Updating 
| 164|0x000000008a400000, 0x000000008a500000, 0x000000008a500000|100%| O|  |TAMS 0x000000008a500000, 0x000000008a400000| Updating 
| 165|0x000000008a500000, 0x000000008a600000, 0x000000008a600000|100%| O|  |TAMS 0x000000008a600000, 0x000000008a500000| Updating 
| 166|0x000000008a600000, 0x000000008a700000, 0x000000008a700000|100%| O|  |TAMS 0x000000008a700000, 0x000000008a600000| Updating 
| 167|0x000000008a700000, 0x000000008a800000, 0x000000008a800000|100%| O|  |TAMS 0x000000008a800000, 0x000000008a700000| Updating 
| 168|0x000000008a800000, 0x000000008a900000, 0x000000008a900000|100%| O|  |TAMS 0x000000008a900000, 0x000000008a800000| Updating 
| 169|0x000000008a900000, 0x000000008aa00000, 0x000000008aa00000|100%| O|  |TAMS 0x000000008aa00000, 0x000000008a900000| Updating 
| 170|0x000000008aa00000, 0x000000008ab00000, 0x000000008ab00000|100%| O|  |TAMS 0x000000008ab00000, 0x000000008aa00000| Updating 
| 171|0x000000008ab00000, 0x000000008ac00000, 0x000000008ac00000|100%| O|  |TAMS 0x000000008abd7200, 0x000000008ab00000| Updating 
| 172|0x000000008ac00000, 0x000000008ad00000, 0x000000008ad00000|100%| O|  |TAMS 0x000000008ac00000, 0x000000008ac00000| Untracked 
| 173|0x000000008ad00000, 0x000000008ae00000, 0x000000008ae00000|100%| O|  |TAMS 0x000000008ad00000, 0x000000008ad00000| Untracked 
| 174|0x000000008ae00000, 0x000000008af00000, 0x000000008af00000|100%| O|  |TAMS 0x000000008ae00000, 0x000000008ae00000| Untracked 
| 175|0x000000008af00000, 0x000000008b000000, 0x000000008b000000|100%| O|  |TAMS 0x000000008af00000, 0x000000008af00000| Untracked 
| 176|0x000000008b000000, 0x000000008b100000, 0x000000008b100000|100%| O|  |TAMS 0x000000008b000000, 0x000000008b000000| Untracked 
| 177|0x000000008b100000, 0x000000008b200000, 0x000000008b200000|100%| O|  |TAMS 0x000000008b100000, 0x000000008b100000| Untracked 
| 178|0x000000008b200000, 0x000000008b300000, 0x000000008b300000|100%| O|  |TAMS 0x000000008b200000, 0x000000008b200000| Untracked 
| 179|0x000000008b300000, 0x000000008b400000, 0x000000008b400000|100%| O|  |TAMS 0x000000008b300000, 0x000000008b300000| Untracked 
| 180|0x000000008b400000, 0x000000008b500000, 0x000000008b500000|100%| O|  |TAMS 0x000000008b400000, 0x000000008b400000| Untracked 
| 181|0x000000008b500000, 0x000000008b600000, 0x000000008b600000|100%| O|  |TAMS 0x000000008b500000, 0x000000008b500000| Untracked 
| 182|0x000000008b600000, 0x000000008b700000, 0x000000008b700000|100%| O|  |TAMS 0x000000008b600000, 0x000000008b600000| Untracked 
| 183|0x000000008b700000, 0x000000008b800000, 0x000000008b800000|100%| O|  |TAMS 0x000000008b700000, 0x000000008b700000| Untracked 
| 184|0x000000008b800000, 0x000000008b900000, 0x000000008b900000|100%| O|  |TAMS 0x000000008b800000, 0x000000008b800000| Untracked 
| 185|0x000000008b900000, 0x000000008ba00000, 0x000000008ba00000|100%| O|  |TAMS 0x000000008b900000, 0x000000008b900000| Untracked 
| 186|0x000000008ba00000, 0x000000008bb00000, 0x000000008bb00000|100%| O|  |TAMS 0x000000008ba00000, 0x000000008ba00000| Updating 
| 187|0x000000008bb00000, 0x000000008bc00000, 0x000000008bc00000|100%| O|  |TAMS 0x000000008bb00000, 0x000000008bb00000| Untracked 
| 188|0x000000008bc00000, 0x000000008bd00000, 0x000000008bd00000|100%| O|  |TAMS 0x000000008bc00000, 0x000000008bc00000| Untracked 
| 189|0x000000008bd00000, 0x000000008be00000, 0x000000008be00000|100%| O|  |TAMS 0x000000008bd00000, 0x000000008bd00000| Untracked 
| 190|0x000000008be00000, 0x000000008bf00000, 0x000000008bf00000|100%| O|  |TAMS 0x000000008be00000, 0x000000008be00000| Untracked 
| 191|0x000000008bf00000, 0x000000008c000000, 0x000000008c000000|100%| O|  |TAMS 0x000000008bf00000, 0x000000008bf00000| Untracked 
| 192|0x000000008c000000, 0x000000008c100000, 0x000000008c100000|100%| O|  |TAMS 0x000000008c000000, 0x000000008c000000| Untracked 
| 193|0x000000008c100000, 0x000000008c200000, 0x000000008c200000|100%| O|  |TAMS 0x000000008c100000, 0x000000008c100000| Untracked 
| 194|0x000000008c200000, 0x000000008c300000, 0x000000008c300000|100%| O|  |TAMS 0x000000008c200000, 0x000000008c200000| Untracked 
| 195|0x000000008c300000, 0x000000008c400000, 0x000000008c400000|100%| O|  |TAMS 0x000000008c300000, 0x000000008c300000| Untracked 
| 196|0x000000008c400000, 0x000000008c500000, 0x000000008c500000|100%| O|  |TAMS 0x000000008c400000, 0x000000008c400000| Untracked 
| 197|0x000000008c500000, 0x000000008c600000, 0x000000008c600000|100%| O|  |TAMS 0x000000008c500000, 0x000000008c500000| Untracked 
| 198|0x000000008c600000, 0x000000008c700000, 0x000000008c700000|100%| O|  |TAMS 0x000000008c600000, 0x000000008c600000| Untracked 
| 199|0x000000008c700000, 0x000000008c800000, 0x000000008c800000|100%| O|  |TAMS 0x000000008c700000, 0x000000008c700000| Untracked 
| 200|0x000000008c800000, 0x000000008c900000, 0x000000008c900000|100%| O|  |TAMS 0x000000008c800000, 0x000000008c800000| Untracked 
| 201|0x000000008c900000, 0x000000008c900000, 0x000000008ca00000|  0%| F|  |TAMS 0x000000008c900000, 0x000000008c900000| Untracked 
| 202|0x000000008ca00000, 0x000000008ca00000, 0x000000008cb00000|  0%| F|  |TAMS 0x000000008ca00000, 0x000000008ca00000| Untracked 
| 203|0x000000008cb00000, 0x000000008cb00000, 0x000000008cc00000|  0%| F|  |TAMS 0x000000008cb00000, 0x000000008cb00000| Untracked 
| 204|0x000000008cc00000, 0x000000008cc00000, 0x000000008cd00000|  0%| F|  |TAMS 0x000000008cc00000, 0x000000008cc00000| Untracked 
| 205|0x000000008cd00000, 0x000000008cd00000, 0x000000008ce00000|  0%| F|  |TAMS 0x000000008cd00000, 0x000000008cd00000| Untracked 
| 206|0x000000008ce00000, 0x000000008ce00000, 0x000000008cf00000|  0%| F|  |TAMS 0x000000008ce00000, 0x000000008ce00000| Untracked 
| 207|0x000000008cf00000, 0x000000008cf00000, 0x000000008d000000|  0%| F|  |TAMS 0x000000008cf00000, 0x000000008cf00000| Untracked 
| 208|0x000000008d000000, 0x000000008d000000, 0x000000008d100000|  0%| F|  |TAMS 0x000000008d000000, 0x000000008d000000| Untracked 
| 209|0x000000008d100000, 0x000000008d100000, 0x000000008d200000|  0%| F|  |TAMS 0x000000008d100000, 0x000000008d100000| Untracked 
| 210|0x000000008d200000, 0x000000008d200000, 0x000000008d300000|  0%| F|  |TAMS 0x000000008d200000, 0x000000008d200000| Untracked 
| 211|0x000000008d300000, 0x000000008d300000, 0x000000008d400000|  0%| F|  |TAMS 0x000000008d300000, 0x000000008d300000| Untracked 
| 212|0x000000008d400000, 0x000000008d400000, 0x000000008d500000|  0%| F|  |TAMS 0x000000008d400000, 0x000000008d400000| Untracked 
| 213|0x000000008d500000, 0x000000008d500000, 0x000000008d600000|  0%| F|  |TAMS 0x000000008d500000, 0x000000008d500000| Untracked 
| 214|0x000000008d600000, 0x000000008d600000, 0x000000008d700000|  0%| F|  |TAMS 0x000000008d600000, 0x000000008d600000| Untracked 
| 215|0x000000008d700000, 0x000000008d700000, 0x000000008d800000|  0%| F|  |TAMS 0x000000008d700000, 0x000000008d700000| Untracked 
| 216|0x000000008d800000, 0x000000008d800000, 0x000000008d900000|  0%| F|  |TAMS 0x000000008d800000, 0x000000008d800000| Untracked 
| 217|0x000000008d900000, 0x000000008d900000, 0x000000008da00000|  0%| F|  |TAMS 0x000000008d900000, 0x000000008d900000| Untracked 
| 218|0x000000008da00000, 0x000000008da00000, 0x000000008db00000|  0%| F|  |TAMS 0x000000008da00000, 0x000000008da00000| Untracked 
| 219|0x000000008db00000, 0x000000008db00000, 0x000000008dc00000|  0%| F|  |TAMS 0x000000008db00000, 0x000000008db00000| Untracked 
| 220|0x000000008dc00000, 0x000000008dc00000, 0x000000008dd00000|  0%| F|  |TAMS 0x000000008dc00000, 0x000000008dc00000| Untracked 
| 221|0x000000008dd00000, 0x000000008dd00000, 0x000000008de00000|  0%| F|  |TAMS 0x000000008dd00000, 0x000000008dd00000| Untracked 
| 222|0x000000008de00000, 0x000000008de00000, 0x000000008df00000|  0%| F|  |TAMS 0x000000008de00000, 0x000000008de00000| Untracked 
| 223|0x000000008df00000, 0x000000008df00000, 0x000000008e000000|  0%| F|  |TAMS 0x000000008df00000, 0x000000008df00000| Untracked 
| 224|0x000000008e000000, 0x000000008e000000, 0x000000008e100000|  0%| F|  |TAMS 0x000000008e000000, 0x000000008e000000| Untracked 
| 225|0x000000008e100000, 0x000000008e100000, 0x000000008e200000|  0%| F|  |TAMS 0x000000008e100000, 0x000000008e100000| Untracked 
| 226|0x000000008e200000, 0x000000008e200000, 0x000000008e300000|  0%| F|  |TAMS 0x000000008e200000, 0x000000008e200000| Untracked 
| 227|0x000000008e300000, 0x000000008e300000, 0x000000008e400000|  0%| F|  |TAMS 0x000000008e300000, 0x000000008e300000| Untracked 
| 228|0x000000008e400000, 0x000000008e400000, 0x000000008e500000|  0%| F|  |TAMS 0x000000008e400000, 0x000000008e400000| Untracked 
| 229|0x000000008e500000, 0x000000008e500000, 0x000000008e600000|  0%| F|  |TAMS 0x000000008e500000, 0x000000008e500000| Untracked 
| 230|0x000000008e600000, 0x000000008e600000, 0x000000008e700000|  0%| F|  |TAMS 0x000000008e600000, 0x000000008e600000| Untracked 
| 231|0x000000008e700000, 0x000000008e700000, 0x000000008e800000|  0%| F|  |TAMS 0x000000008e700000, 0x000000008e700000| Untracked 
| 232|0x000000008e800000, 0x000000008e800000, 0x000000008e900000|  0%| F|  |TAMS 0x000000008e800000, 0x000000008e800000| Untracked 
| 233|0x000000008e900000, 0x000000008e900000, 0x000000008ea00000|  0%| F|  |TAMS 0x000000008e900000, 0x000000008e900000| Untracked 
| 234|0x000000008ea00000, 0x000000008ea00000, 0x000000008eb00000|  0%| F|  |TAMS 0x000000008ea00000, 0x000000008ea00000| Untracked 
| 235|0x000000008eb00000, 0x000000008eb00000, 0x000000008ec00000|  0%| F|  |TAMS 0x000000008eb00000, 0x000000008eb00000| Untracked 
| 236|0x000000008ec00000, 0x000000008ec00000, 0x000000008ed00000|  0%| F|  |TAMS 0x000000008ec00000, 0x000000008ec00000| Untracked 
| 237|0x000000008ed00000, 0x000000008ed00000, 0x000000008ee00000|  0%| F|  |TAMS 0x000000008ed00000, 0x000000008ed00000| Untracked 
| 238|0x000000008ee00000, 0x000000008ee00000, 0x000000008ef00000|  0%| F|  |TAMS 0x000000008ee00000, 0x000000008ee00000| Untracked 
| 239|0x000000008ef00000, 0x000000008ef00000, 0x000000008f000000|  0%| F|  |TAMS 0x000000008ef00000, 0x000000008ef00000| Untracked 
| 240|0x000000008f000000, 0x000000008f000000, 0x000000008f100000|  0%| F|  |TAMS 0x000000008f000000, 0x000000008f000000| Untracked 
| 241|0x000000008f100000, 0x000000008f200000, 0x000000008f200000|100%| S|CS|TAMS 0x000000008f100000, 0x000000008f100000| Complete 
| 242|0x000000008f200000, 0x000000008f200000, 0x000000008f300000|  0%| F|  |TAMS 0x000000008f200000, 0x000000008f200000| Untracked 
| 243|0x000000008f300000, 0x000000008f300000, 0x000000008f400000|  0%| F|  |TAMS 0x000000008f300000, 0x000000008f300000| Untracked 
| 244|0x000000008f400000, 0x000000008f400000, 0x000000008f500000|  0%| F|  |TAMS 0x000000008f400000, 0x000000008f400000| Untracked 
| 245|0x000000008f500000, 0x000000008f500000, 0x000000008f600000|  0%| F|  |TAMS 0x000000008f500000, 0x000000008f500000| Untracked 
| 246|0x000000008f600000, 0x000000008f600000, 0x000000008f700000|  0%| F|  |TAMS 0x000000008f600000, 0x000000008f600000| Untracked 
| 247|0x000000008f700000, 0x000000008f700000, 0x000000008f800000|  0%| F|  |TAMS 0x000000008f700000, 0x000000008f700000| Untracked 
| 248|0x000000008f800000, 0x000000008f800000, 0x000000008f900000|  0%| F|  |TAMS 0x000000008f800000, 0x000000008f800000| Untracked 
| 249|0x000000008f900000, 0x000000008f900000, 0x000000008fa00000|  0%| F|  |TAMS 0x000000008f900000, 0x000000008f900000| Untracked 
| 250|0x000000008fa00000, 0x000000008fa00000, 0x000000008fb00000|  0%| F|  |TAMS 0x000000008fa00000, 0x000000008fa00000| Untracked 
| 251|0x000000008fb00000, 0x000000008fb00000, 0x000000008fc00000|  0%| F|  |TAMS 0x000000008fb00000, 0x000000008fb00000| Untracked 
| 252|0x000000008fc00000, 0x000000008fc00000, 0x000000008fd00000|  0%| F|  |TAMS 0x000000008fc00000, 0x000000008fc00000| Untracked 
| 253|0x000000008fd00000, 0x000000008fe00000, 0x000000008fe00000|100%| S|CS|TAMS 0x000000008fd00000, 0x000000008fd00000| Complete 
| 254|0x000000008fe00000, 0x000000008ff00000, 0x000000008ff00000|100%| S|CS|TAMS 0x000000008fe00000, 0x000000008fe00000| Complete 
| 255|0x000000008ff00000, 0x0000000090000000, 0x0000000090000000|100%| S|CS|TAMS 0x000000008ff00000, 0x000000008ff00000| Complete 
| 256|0x0000000090000000, 0x0000000090100000, 0x0000000090100000|100%| S|CS|TAMS 0x0000000090000000, 0x0000000090000000| Complete 
| 257|0x0000000090100000, 0x0000000090200000, 0x0000000090200000|100%| S|CS|TAMS 0x0000000090100000, 0x0000000090100000| Complete 
| 258|0x0000000090200000, 0x0000000090300000, 0x0000000090300000|100%| S|CS|TAMS 0x0000000090200000, 0x0000000090200000| Complete 
| 259|0x0000000090300000, 0x0000000090400000, 0x0000000090400000|100%| S|CS|TAMS 0x0000000090300000, 0x0000000090300000| Complete 
| 260|0x0000000090400000, 0x0000000090500000, 0x0000000090500000|100%| S|CS|TAMS 0x0000000090400000, 0x0000000090400000| Complete 
| 261|0x0000000090500000, 0x0000000090600000, 0x0000000090600000|100%| S|CS|TAMS 0x0000000090500000, 0x0000000090500000| Complete 
| 262|0x0000000090600000, 0x0000000090700000, 0x0000000090700000|100%| S|CS|TAMS 0x0000000090600000, 0x0000000090600000| Complete 
| 263|0x0000000090700000, 0x0000000090700000, 0x0000000090800000|  0%| F|  |TAMS 0x0000000090700000, 0x0000000090700000| Untracked 
| 264|0x0000000090800000, 0x0000000090800000, 0x0000000090900000|  0%| F|  |TAMS 0x0000000090800000, 0x0000000090800000| Untracked 
| 265|0x0000000090900000, 0x0000000090900000, 0x0000000090a00000|  0%| F|  |TAMS 0x0000000090900000, 0x0000000090900000| Untracked 
| 266|0x0000000090a00000, 0x0000000090a00000, 0x0000000090b00000|  0%| F|  |TAMS 0x0000000090a00000, 0x0000000090a00000| Untracked 
| 267|0x0000000090b00000, 0x0000000090b00000, 0x0000000090c00000|  0%| F|  |TAMS 0x0000000090b00000, 0x0000000090b00000| Untracked 
| 268|0x0000000090c00000, 0x0000000090c00000, 0x0000000090d00000|  0%| F|  |TAMS 0x0000000090c00000, 0x0000000090c00000| Untracked 
| 269|0x0000000090d00000, 0x0000000090d00000, 0x0000000090e00000|  0%| F|  |TAMS 0x0000000090d00000, 0x0000000090d00000| Untracked 
| 270|0x0000000090e00000, 0x0000000090e00000, 0x0000000090f00000|  0%| F|  |TAMS 0x0000000090e00000, 0x0000000090e00000| Untracked 
| 271|0x0000000090f00000, 0x0000000090f00000, 0x0000000091000000|  0%| F|  |TAMS 0x0000000090f00000, 0x0000000090f00000| Untracked 
| 272|0x0000000091000000, 0x0000000091000000, 0x0000000091100000|  0%| F|  |TAMS 0x0000000091000000, 0x0000000091000000| Untracked 
| 273|0x0000000091100000, 0x0000000091100000, 0x0000000091200000|  0%| F|  |TAMS 0x0000000091100000, 0x0000000091100000| Untracked 
| 274|0x0000000091200000, 0x0000000091200000, 0x0000000091300000|  0%| F|  |TAMS 0x0000000091200000, 0x0000000091200000| Untracked 
| 275|0x0000000091300000, 0x0000000091300000, 0x0000000091400000|  0%| F|  |TAMS 0x0000000091300000, 0x0000000091300000| Untracked 
| 276|0x0000000091400000, 0x0000000091400000, 0x0000000091500000|  0%| F|  |TAMS 0x0000000091400000, 0x0000000091400000| Untracked 
| 277|0x0000000091500000, 0x0000000091500000, 0x0000000091600000|  0%| F|  |TAMS 0x0000000091500000, 0x0000000091500000| Untracked 
| 278|0x0000000091600000, 0x0000000091600000, 0x0000000091700000|  0%| F|  |TAMS 0x0000000091600000, 0x0000000091600000| Untracked 
| 279|0x0000000091700000, 0x0000000091700000, 0x0000000091800000|  0%| F|  |TAMS 0x0000000091700000, 0x0000000091700000| Untracked 
| 280|0x0000000091800000, 0x0000000091800000, 0x0000000091900000|  0%| F|  |TAMS 0x0000000091800000, 0x0000000091800000| Untracked 
| 281|0x0000000091900000, 0x0000000091900000, 0x0000000091a00000|  0%| F|  |TAMS 0x0000000091900000, 0x0000000091900000| Untracked 
| 282|0x0000000091a00000, 0x0000000091a00000, 0x0000000091b00000|  0%| F|  |TAMS 0x0000000091a00000, 0x0000000091a00000| Untracked 
| 283|0x0000000091b00000, 0x0000000091b00000, 0x0000000091c00000|  0%| F|  |TAMS 0x0000000091b00000, 0x0000000091b00000| Untracked 
| 284|0x0000000091c00000, 0x0000000091c00000, 0x0000000091d00000|  0%| F|  |TAMS 0x0000000091c00000, 0x0000000091c00000| Untracked 
| 285|0x0000000091d00000, 0x0000000091d00000, 0x0000000091e00000|  0%| F|  |TAMS 0x0000000091d00000, 0x0000000091d00000| Untracked 
| 286|0x0000000091e00000, 0x0000000091e00000, 0x0000000091f00000|  0%| F|  |TAMS 0x0000000091e00000, 0x0000000091e00000| Untracked 
| 287|0x0000000091f00000, 0x0000000091f00000, 0x0000000092000000|  0%| F|  |TAMS 0x0000000091f00000, 0x0000000091f00000| Untracked 
| 288|0x0000000092000000, 0x0000000092000000, 0x0000000092100000|  0%| F|  |TAMS 0x0000000092000000, 0x0000000092000000| Untracked 
| 289|0x0000000092100000, 0x0000000092100000, 0x0000000092200000|  0%| F|  |TAMS 0x0000000092100000, 0x0000000092100000| Untracked 
| 290|0x0000000092200000, 0x0000000092200000, 0x0000000092300000|  0%| F|  |TAMS 0x0000000092200000, 0x0000000092200000| Untracked 
| 291|0x0000000092300000, 0x0000000092300000, 0x0000000092400000|  0%| F|  |TAMS 0x0000000092300000, 0x0000000092300000| Untracked 
| 292|0x0000000092400000, 0x0000000092400000, 0x0000000092500000|  0%| F|  |TAMS 0x0000000092400000, 0x0000000092400000| Untracked 
| 293|0x0000000092500000, 0x0000000092500000, 0x0000000092600000|  0%| F|  |TAMS 0x0000000092500000, 0x0000000092500000| Untracked 
| 294|0x0000000092600000, 0x0000000092600000, 0x0000000092700000|  0%| F|  |TAMS 0x0000000092600000, 0x0000000092600000| Untracked 
| 295|0x0000000092700000, 0x0000000092700000, 0x0000000092800000|  0%| F|  |TAMS 0x0000000092700000, 0x0000000092700000| Untracked 
| 296|0x0000000092800000, 0x0000000092800000, 0x0000000092900000|  0%| F|  |TAMS 0x0000000092800000, 0x0000000092800000| Untracked 
| 297|0x0000000092900000, 0x0000000092900000, 0x0000000092a00000|  0%| F|  |TAMS 0x0000000092900000, 0x0000000092900000| Untracked 
| 298|0x0000000092a00000, 0x0000000092a00000, 0x0000000092b00000|  0%| F|  |TAMS 0x0000000092a00000, 0x0000000092a00000| Untracked 
| 299|0x0000000092b00000, 0x0000000092b00000, 0x0000000092c00000|  0%| F|  |TAMS 0x0000000092b00000, 0x0000000092b00000| Untracked 
| 300|0x0000000092c00000, 0x0000000092c00000, 0x0000000092d00000|  0%| F|  |TAMS 0x0000000092c00000, 0x0000000092c00000| Untracked 
| 301|0x0000000092d00000, 0x0000000092d00000, 0x0000000092e00000|  0%| F|  |TAMS 0x0000000092d00000, 0x0000000092d00000| Untracked 
| 302|0x0000000092e00000, 0x0000000092e00000, 0x0000000092f00000|  0%| F|  |TAMS 0x0000000092e00000, 0x0000000092e00000| Untracked 
| 303|0x0000000092f00000, 0x0000000092f00000, 0x0000000093000000|  0%| F|  |TAMS 0x0000000092f00000, 0x0000000092f00000| Untracked 
| 304|0x0000000093000000, 0x0000000093000000, 0x0000000093100000|  0%| F|  |TAMS 0x0000000093000000, 0x0000000093000000| Untracked 
| 305|0x0000000093100000, 0x0000000093100000, 0x0000000093200000|  0%| F|  |TAMS 0x0000000093100000, 0x0000000093100000| Untracked 
| 306|0x0000000093200000, 0x0000000093200000, 0x0000000093300000|  0%| F|  |TAMS 0x0000000093200000, 0x0000000093200000| Untracked 
| 307|0x0000000093300000, 0x0000000093300000, 0x0000000093400000|  0%| F|  |TAMS 0x0000000093300000, 0x0000000093300000| Untracked 
| 308|0x0000000093400000, 0x0000000093400000, 0x0000000093500000|  0%| F|  |TAMS 0x0000000093400000, 0x0000000093400000| Untracked 
| 309|0x0000000093500000, 0x0000000093500000, 0x0000000093600000|  0%| F|  |TAMS 0x0000000093500000, 0x0000000093500000| Untracked 
| 310|0x0000000093600000, 0x0000000093600000, 0x0000000093700000|  0%| F|  |TAMS 0x0000000093600000, 0x0000000093600000| Untracked 
| 311|0x0000000093700000, 0x0000000093700000, 0x0000000093800000|  0%| F|  |TAMS 0x0000000093700000, 0x0000000093700000| Untracked 
| 312|0x0000000093800000, 0x0000000093800000, 0x0000000093900000|  0%| F|  |TAMS 0x0000000093800000, 0x0000000093800000| Untracked 
| 313|0x0000000093900000, 0x0000000093900000, 0x0000000093a00000|  0%| F|  |TAMS 0x0000000093900000, 0x0000000093900000| Untracked 
| 314|0x0000000093a00000, 0x0000000093a00000, 0x0000000093b00000|  0%| F|  |TAMS 0x0000000093a00000, 0x0000000093a00000| Untracked 
| 315|0x0000000093b00000, 0x0000000093b00000, 0x0000000093c00000|  0%| F|  |TAMS 0x0000000093b00000, 0x0000000093b00000| Untracked 
| 316|0x0000000093c00000, 0x0000000093c00000, 0x0000000093d00000|  0%| F|  |TAMS 0x0000000093c00000, 0x0000000093c00000| Untracked 
| 317|0x0000000093d00000, 0x0000000093d00000, 0x0000000093e00000|  0%| F|  |TAMS 0x0000000093d00000, 0x0000000093d00000| Untracked 
| 318|0x0000000093e00000, 0x0000000093e00000, 0x0000000093f00000|  0%| F|  |TAMS 0x0000000093e00000, 0x0000000093e00000| Untracked 
| 319|0x0000000093f00000, 0x0000000093f00000, 0x0000000094000000|  0%| F|  |TAMS 0x0000000093f00000, 0x0000000093f00000| Untracked 
| 320|0x0000000094000000, 0x0000000094000000, 0x0000000094100000|  0%| F|  |TAMS 0x0000000094000000, 0x0000000094000000| Untracked 
| 321|0x0000000094100000, 0x0000000094100000, 0x0000000094200000|  0%| F|  |TAMS 0x0000000094100000, 0x0000000094100000| Untracked 
| 322|0x0000000094200000, 0x0000000094200000, 0x0000000094300000|  0%| F|  |TAMS 0x0000000094200000, 0x0000000094200000| Untracked 
| 323|0x0000000094300000, 0x0000000094300000, 0x0000000094400000|  0%| F|  |TAMS 0x0000000094300000, 0x0000000094300000| Untracked 
| 324|0x0000000094400000, 0x0000000094400000, 0x0000000094500000|  0%| F|  |TAMS 0x0000000094400000, 0x0000000094400000| Untracked 
| 325|0x0000000094500000, 0x0000000094500000, 0x0000000094600000|  0%| F|  |TAMS 0x0000000094500000, 0x0000000094500000| Untracked 
| 326|0x0000000094600000, 0x0000000094600000, 0x0000000094700000|  0%| F|  |TAMS 0x0000000094600000, 0x0000000094600000| Untracked 
| 327|0x0000000094700000, 0x0000000094700000, 0x0000000094800000|  0%| F|  |TAMS 0x0000000094700000, 0x0000000094700000| Untracked 
| 328|0x0000000094800000, 0x0000000094800000, 0x0000000094900000|  0%| F|  |TAMS 0x0000000094800000, 0x0000000094800000| Untracked 
| 329|0x0000000094900000, 0x0000000094900000, 0x0000000094a00000|  0%| F|  |TAMS 0x0000000094900000, 0x0000000094900000| Untracked 
| 330|0x0000000094a00000, 0x0000000094a00000, 0x0000000094b00000|  0%| F|  |TAMS 0x0000000094a00000, 0x0000000094a00000| Untracked 
| 331|0x0000000094b00000, 0x0000000094b00000, 0x0000000094c00000|  0%| F|  |TAMS 0x0000000094b00000, 0x0000000094b00000| Untracked 
| 332|0x0000000094c00000, 0x0000000094c00000, 0x0000000094d00000|  0%| F|  |TAMS 0x0000000094c00000, 0x0000000094c00000| Untracked 
| 333|0x0000000094d00000, 0x0000000094d00000, 0x0000000094e00000|  0%| F|  |TAMS 0x0000000094d00000, 0x0000000094d00000| Untracked 
| 334|0x0000000094e00000, 0x0000000094e00000, 0x0000000094f00000|  0%| F|  |TAMS 0x0000000094e00000, 0x0000000094e00000| Untracked 
| 335|0x0000000094f00000, 0x0000000094f00000, 0x0000000095000000|  0%| F|  |TAMS 0x0000000094f00000, 0x0000000094f00000| Untracked 

Card table byte_map: [0x00000188ce200000,0x00000188ce600000] _byte_map_base: 0x00000188cde00000

Marking Bits (Prev, Next): (CMBitMap*) 0x00000188bb24c640, (CMBitMap*) 0x00000188bb24c608
 Prev Bits: [0x00000188d0a00000, 0x00000188d2a00000)
 Next Bits: [0x00000188cea00000, 0x00000188d0a00000)

Polling page: 0x00000188ba9e0000

Metaspace:

Usage:
  Non-class:    129.94 MB capacity,   127.47 MB ( 98%) used,     2.02 MB (  2%) free+waste,   460.31 KB ( <1%) overhead. 
      Class:     19.16 MB capacity,    17.74 MB ( 93%) used,     1.21 MB (  6%) free+waste,   202.44 KB (  1%) overhead. 
       Both:    149.09 MB capacity,   145.22 MB ( 97%) used,     3.23 MB (  2%) free+waste,   662.75 KB ( <1%) overhead. 

Virtual space:
  Non-class space:      132.00 MB reserved,     130.96 MB (>99%) committed 
      Class space:        1.00 GB reserved,      19.75 MB (  2%) committed 
             Both:        1.13 GB reserved,     150.71 MB ( 13%) committed 

Chunk freelists:
   Non-Class:  857.00 KB
       Class:  545.00 KB
        Both:  1.37 MB

MaxMetaspaceSize: 17179869184.00 GB
CompressedClassSpaceSize: 1.00 GB

CodeHeap 'non-profiled nmethods': size=120064Kb used=14239Kb max_used=14481Kb free=105824Kb
 bounds [0x00000188c67b0000, 0x00000188c75f0000, 0x00000188cdcf0000]
CodeHeap 'profiled nmethods': size=120000Kb used=51142Kb max_used=51142Kb free=68857Kb
 bounds [0x00000188bf280000, 0x00000188c24a0000, 0x00000188c67b0000]
CodeHeap 'non-nmethods': size=5696Kb used=2384Kb max_used=2424Kb free=3311Kb
 bounds [0x00000188becf0000, 0x00000188bef60000, 0x00000188bf280000]
 total_blobs=24109 nmethods=23088 adapters=929
 compilation: enabled
              stopped_count=0, restarted_count=0
 full_count=0

Compilation events (20 events):
Event: 121.672 Thread 0x00000188d522a800 nmethod 26386% 0x00000188c2477d90 code [0x00000188c2478080, 0x00000188c2479608]
Event: 121.672 Thread 0x00000188d522a800 26412       3       com.android.tools.r8.internal.QG::j0 (43 bytes)
Event: 121.673 Thread 0x00000188d522a800 nmethod 26412 0x00000188c2479a90 code [0x00000188c2479ca0, 0x00000188c247a498]
Event: 121.673 Thread 0x00000188d522a800 26399 %     3       com.android.tools.r8.internal.iw::apply @ 2 (47 bytes)
Event: 121.673 Thread 0x00000188d522a800 nmethod 26399% 0x00000188c247a690 code [0x00000188c247a8a0, 0x00000188c247ae68]
Event: 121.673 Thread 0x00000188d522a800 26376 %     3       com.android.tools.r8.internal.Ne::c @ 1029 (1174 bytes)
Event: 121.677 Thread 0x00000188d522a800 nmethod 26376% 0x00000188c247b010 code [0x00000188c247bb00, 0x00000188c2483ea8]
Event: 121.677 Thread 0x00000188d522a800 26414       3       com.android.tools.r8.internal.Jj::hasNext (217 bytes)
Event: 121.678 Thread 0x00000188d522a800 nmethod 26414 0x00000188c2486690 code [0x00000188c2486980, 0x00000188c2487ea8]
Event: 121.678 Thread 0x00000188d522a800 26409       3       com.android.tools.r8.internal.Ne::b (74 bytes)
Event: 121.678 Thread 0x00000188d522a800 nmethod 26409 0x00000188c2488310 code [0x00000188c2488600, 0x00000188c24898c8]
Event: 121.678 Thread 0x00000188d522a800 26410       3       com.android.tools.r8.internal.F7::a (219 bytes)
Event: 121.680 Thread 0x00000188d522a800 nmethod 26410 0x00000188c2489e10 code [0x00000188c248a300, 0x00000188c248cbd8]
Event: 121.680 Thread 0x00000188d522a800 26393       3       com.android.tools.r8.internal.Tr::a (115 bytes)
Event: 121.681 Thread 0x00000188d522a800 nmethod 26393 0x00000188c248d910 code [0x00000188c248dbe0, 0x00000188c248ee28]
Event: 121.681 Thread 0x00000188d522a800 26407 %     3       com.android.tools.r8.internal.Rs::a @ 0 (30 bytes)
Event: 121.681 Thread 0x00000188d522a800 nmethod 26407% 0x00000188c248f490 code [0x00000188c248f680, 0x00000188c248fb48]
Event: 121.681 Thread 0x00000188d522a800 26408 %     3       com.android.tools.r8.internal.qf::indexOf @ 18 (50 bytes)
Event: 121.681 Thread 0x00000188d522a800 nmethod 26408% 0x00000188c248fc90 code [0x00000188c248fe80, 0x00000188c2490428]
Event: 121.681 Thread 0x00000188d522a800 26391       2       java.util.stream.SortedOps$RefSortingSink::end (126 bytes)

GC Heap History (20 events):
Event: 118.135 GC heap after
{Heap after GC invocations=144 (full 0):
 garbage-first heap   total 286720K, used 158946K [0x0000000080000000, 0x0000000100000000)
  region size 1024K, 4 young (4096K), 4 survivors (4096K)
 Metaspace       used 138111K, capacity 141584K, committed 141912K, reserved 1173504K
  class space    used 16738K, capacity 17958K, committed 18048K, reserved 1048576K
}
Event: 118.211 GC heap before
{Heap before GC invocations=144 (full 0):
 garbage-first heap   total 286720K, used 168162K [0x0000000080000000, 0x0000000100000000)
  region size 1024K, 14 young (14336K), 4 survivors (4096K)
 Metaspace       used 138111K, capacity 141584K, committed 141912K, reserved 1173504K
  class space    used 16738K, capacity 17958K, committed 18048K, reserved 1048576K
}
Event: 118.216 GC heap after
{Heap after GC invocations=145 (full 0):
 garbage-first heap   total 286720K, used 146228K [0x0000000080000000, 0x0000000100000000)
  region size 1024K, 1 young (1024K), 1 survivors (1024K)
 Metaspace       used 138111K, capacity 141584K, committed 141912K, reserved 1173504K
  class space    used 16738K, capacity 17958K, committed 18048K, reserved 1048576K
}
Event: 119.088 GC heap before
{Heap before GC invocations=145 (full 0):
 garbage-first heap   total 286720K, used 229172K [0x0000000080000000, 0x0000000100000000)
  region size 1024K, 83 young (84992K), 1 survivors (1024K)
 Metaspace       used 138425K, capacity 141891K, committed 142168K, reserved 1173504K
  class space    used 16781K, capacity 18013K, committed 18048K, reserved 1048576K
}
Event: 119.094 GC heap after
{Heap after GC invocations=146 (full 0):
 garbage-first heap   total 286720K, used 148410K [0x0000000080000000, 0x0000000100000000)
  region size 1024K, 3 young (3072K), 3 survivors (3072K)
 Metaspace       used 138425K, capacity 141891K, committed 142168K, reserved 1173504K
  class space    used 16781K, capacity 18013K, committed 18048K, reserved 1048576K
}
Event: 119.902 GC heap before
{Heap before GC invocations=147 (full 0):
 garbage-first heap   total 286720K, used 232378K [0x0000000080000000, 0x0000000100000000)
  region size 1024K, 86 young (88064K), 3 survivors (3072K)
 Metaspace       used 147717K, capacity 152119K, committed 152280K, reserved 1181696K
  class space    used 18300K, capacity 19925K, committed 19968K, reserved 1048576K
}
Event: 119.909 GC heap after
{Heap after GC invocations=148 (full 0):
 garbage-first heap   total 286720K, used 153520K [0x0000000080000000, 0x0000000100000000)
  region size 1024K, 8 young (8192K), 8 survivors (8192K)
 Metaspace       used 147717K, capacity 152119K, committed 152280K, reserved 1181696K
  class space    used 18300K, capacity 19925K, committed 19968K, reserved 1048576K
}
Event: 119.945 GC heap before
{Heap before GC invocations=148 (full 0):
 garbage-first heap   total 286720K, used 159664K [0x0000000080000000, 0x0000000100000000)
  region size 1024K, 14 young (14336K), 8 survivors (8192K)
 Metaspace       used 147791K, capacity 152198K, committed 152280K, reserved 1181696K
  class space    used 18306K, capacity 19929K, committed 19968K, reserved 1048576K
}
Event: 119.953 GC heap after
{Heap after GC invocations=149 (full 0):
 garbage-first heap   total 344064K, used 150512K [0x0000000080000000, 0x0000000100000000)
  region size 1024K, 2 young (2048K), 2 survivors (2048K)
 Metaspace       used 147791K, capacity 152198K, committed 152280K, reserved 1181696K
  class space    used 18306K, capacity 19929K, committed 19968K, reserved 1048576K
}
Event: 120.384 GC heap before
{Heap before GC invocations=149 (full 0):
 garbage-first heap   total 344064K, used 272368K [0x0000000080000000, 0x0000000100000000)
  region size 1024K, 121 young (123904K), 2 survivors (2048K)
 Metaspace       used 148564K, capacity 153072K, committed 153176K, reserved 1181696K
  class space    used 18423K, capacity 20069K, committed 20096K, reserved 1048576K
}
Event: 120.393 GC heap after
{Heap after GC invocations=150 (full 0):
 garbage-first heap   total 344064K, used 153515K [0x0000000080000000, 0x0000000100000000)
  region size 1024K, 5 young (5120K), 5 survivors (5120K)
 Metaspace       used 148564K, capacity 153072K, committed 153176K, reserved 1181696K
  class space    used 18423K, capacity 20069K, committed 20096K, reserved 1048576K
}
Event: 120.686 GC heap before
{Heap before GC invocations=151 (full 0):
 garbage-first heap   total 344064K, used 257963K [0x0000000080000000, 0x0000000100000000)
  region size 1024K, 109 young (111616K), 5 survivors (5120K)
 Metaspace       used 147819K, capacity 151782K, committed 153560K, reserved 1183744K
  class space    used 18159K, capacity 19576K, committed 20224K, reserved 1048576K
}
Event: 120.692 GC heap after
{Heap after GC invocations=152 (full 0):
 garbage-first heap   total 344064K, used 160768K [0x0000000080000000, 0x0000000100000000)
  region size 1024K, 12 young (12288K), 12 survivors (12288K)
 Metaspace       used 147819K, capacity 151782K, committed 153560K, reserved 1183744K
  class space    used 18159K, capacity 19576K, committed 20224K, reserved 1048576K
}
Event: 120.903 GC heap before
{Heap before GC invocations=153 (full 0):
 garbage-first heap   total 344064K, used 279552K [0x0000000080000000, 0x0000000100000000)
  region size 1024K, 128 young (131072K), 12 survivors (12288K)
 Metaspace       used 148235K, capacity 152203K, committed 153816K, reserved 1183744K
  class space    used 18164K, capacity 19580K, committed 20224K, reserved 1048576K
}
Event: 121.111 GC heap after
{Heap after GC invocations=154 (full 0):
 garbage-first heap   total 344064K, used 178879K [0x0000000080000000, 0x0000000100000000)
  region size 1024K, 16 young (16384K), 16 survivors (16384K)
 Metaspace       used 148235K, capacity 152203K, committed 153816K, reserved 1183744K
  class space    used 18164K, capacity 19580K, committed 20224K, reserved 1048576K
}
Event: 121.223 GC heap before
{Heap before GC invocations=154 (full 0):
 garbage-first heap   total 344064K, used 274111K [0x0000000080000000, 0x0000000100000000)
  region size 1024K, 110 young (112640K), 16 survivors (16384K)
 Metaspace       used 148345K, capacity 152287K, committed 153816K, reserved 1183744K
  class space    used 18164K, capacity 19580K, committed 20224K, reserved 1048576K
}
Event: 121.287 GC heap after
{Heap after GC invocations=155 (full 0):
 garbage-first heap   total 344064K, used 190300K [0x0000000080000000, 0x0000000100000000)
  region size 1024K, 14 young (14336K), 14 survivors (14336K)
 Metaspace       used 148345K, capacity 152287K, committed 153816K, reserved 1183744K
  class space    used 18164K, capacity 19580K, committed 20224K, reserved 1048576K
}
Event: 121.455 GC heap before
{Heap before GC invocations=155 (full 0):
 garbage-first heap   total 344064K, used 275292K [0x0000000080000000, 0x0000000100000000)
  region size 1024K, 97 young (99328K), 14 survivors (14336K)
 Metaspace       used 148660K, capacity 152654K, committed 154328K, reserved 1183744K
  class space    used 18168K, capacity 19612K, committed 20224K, reserved 1048576K
}
Event: 121.487 GC heap after
{Heap after GC invocations=156 (full 0):
 garbage-first heap   total 344064K, used 204122K [0x0000000080000000, 0x0000000100000000)
  region size 1024K, 13 young (13312K), 13 survivors (13312K)
 Metaspace       used 148660K, capacity 152654K, committed 154328K, reserved 1183744K
  class space    used 18168K, capacity 19612K, committed 20224K, reserved 1048576K
}
Event: 121.682 GC heap before
{Heap before GC invocations=156 (full 0):
 garbage-first heap   total 344064K, used 278874K [0x0000000080000000, 0x0000000100000000)
  region size 1024K, 86 young (88064K), 13 survivors (13312K)
 Metaspace       used 148700K, capacity 152670K, committed 154328K, reserved 1183744K
  class space    used 18170K, capacity 19615K, committed 20224K, reserved 1048576K
}

Deoptimization events (20 events):
Event: 121.158 Thread 0x00000188df7f8000 DEOPT PACKING pc=0x00000188bf830658 sp=0x00000003cacf9930
Event: 121.158 Thread 0x00000188df7f8000 DEOPT UNPACKING pc=0x00000188bed176ce sp=0x00000003cacf8ee8 mode 0
Event: 121.160 Thread 0x00000188df7f8000 DEOPT PACKING pc=0x00000188c088a084 sp=0x00000003cacf9720
Event: 121.160 Thread 0x00000188df7f8000 DEOPT UNPACKING pc=0x00000188bed176ce sp=0x00000003cacf8db0 mode 0
Event: 121.164 Thread 0x00000188df7f8000 DEOPT PACKING pc=0x00000188bfac17f5 sp=0x00000003cacf9640
Event: 121.164 Thread 0x00000188df7f8000 DEOPT UNPACKING pc=0x00000188bed176ce sp=0x00000003cacf8cd8 mode 0
Event: 121.288 Thread 0x00000188df7f8000 DEOPT PACKING pc=0x00000188c03a3f15 sp=0x00000003cacf9870
Event: 121.288 Thread 0x00000188df7f8000 DEOPT UNPACKING pc=0x00000188bed176ce sp=0x00000003cacf8ec8 mode 0
Event: 121.364 Thread 0x00000188df7fd000 Uncommon trap: trap_request=0xffffff4d fr.pc=0x00000188c75dae4c relative=0x0000000000005b2c
Event: 121.364 Thread 0x00000188df7fd000 Uncommon trap: reason=unstable_if action=reinterpret pc=0x00000188c75dae4c method=com.android.tools.r8.internal.X4.a(Lcom/android/tools/r8/internal/Me;IZ)V @ 151 c2
Event: 121.364 Thread 0x00000188df7fd000 DEOPT PACKING pc=0x00000188c75dae4c sp=0x00000003cadf90a0
Event: 121.364 Thread 0x00000188df7fd000 DEOPT UNPACKING pc=0x00000188bed178af sp=0x00000003cadf9090 mode 2
Event: 121.427 Thread 0x00000188df7f8000 DEOPT PACKING pc=0x00000188bf6f0022 sp=0x00000003cacf90e0
Event: 121.427 Thread 0x00000188df7f8000 DEOPT UNPACKING pc=0x00000188bed176ce sp=0x00000003cacf8668 mode 0
Event: 121.488 Thread 0x00000188df7f6800 DEOPT PACKING pc=0x00000188c22b4828 sp=0x00000003cabf95e0
Event: 121.488 Thread 0x00000188df7f6800 DEOPT UNPACKING pc=0x00000188bed176ce sp=0x00000003cabf8a98 mode 0
Event: 121.665 Thread 0x00000188df7f8000 DEOPT PACKING pc=0x00000188c1f9694c sp=0x00000003cacf9230
Event: 121.665 Thread 0x00000188df7f8000 DEOPT UNPACKING pc=0x00000188bed176ce sp=0x00000003cacf8748 mode 0
Event: 121.665 Thread 0x00000188df7f8000 DEOPT PACKING pc=0x00000188c1f9eac9 sp=0x00000003cacf9790
Event: 121.665 Thread 0x00000188df7f8000 DEOPT UNPACKING pc=0x00000188bed176ce sp=0x00000003cacf8cf8 mode 0

Classes redefined (0 events):
No events

Internal exceptions (20 events):
Event: 120.300 Thread 0x00000188d8818800 Exception <a 'sun/nio/fs/WindowsException'{0x00000000906bae90}> (0x00000000906bae90) thrown at [./src/hotspot/share/prims/jni.cpp, line 615]
Event: 120.319 Thread 0x00000188df7fa800 Exception <a 'sun/nio/fs/WindowsException'{0x000000008fa25888}> (0x000000008fa25888) thrown at [./src/hotspot/share/prims/jni.cpp, line 615]
Event: 120.351 Thread 0x00000188df7fa800 Exception <a 'sun/nio/fs/WindowsException'{0x000000008f3f5068}> (0x000000008f3f5068) thrown at [./src/hotspot/share/prims/jni.cpp, line 615]
Event: 120.361 Thread 0x00000188df7fa800 Exception <a 'sun/nio/fs/WindowsException'{0x000000008e1bdbb0}> (0x000000008e1bdbb0) thrown at [./src/hotspot/share/prims/jni.cpp, line 615]
Event: 120.381 Thread 0x00000188d8818800 Exception <a 'sun/nio/fs/WindowsException'{0x000000008d70cb58}> (0x000000008d70cb58) thrown at [./src/hotspot/share/prims/jni.cpp, line 615]
Event: 120.411 Thread 0x00000188df7fd000 Exception <a 'sun/nio/fs/WindowsException'{0x0000000094a9f7c0}> (0x0000000094a9f7c0) thrown at [./src/hotspot/share/prims/jni.cpp, line 615]
Event: 120.425 Thread 0x00000188df7fa800 Exception <a 'sun/nio/fs/WindowsException'{0x00000000946a8b40}> (0x00000000946a8b40) thrown at [./src/hotspot/share/prims/jni.cpp, line 615]
Event: 120.474 Thread 0x00000188d8818800 Exception <a 'sun/nio/fs/WindowsException'{0x00000000949f3048}> (0x00000000949f3048) thrown at [./src/hotspot/share/prims/jni.cpp, line 615]
Event: 120.565 Thread 0x00000188d8818800 Exception <a 'java/lang/NoSuchMethodError'{0x0000000092336f70}: 'int java.lang.invoke.DirectMethodHandle$Holder.invokeInterface(java.lang.Object, java.lang.Object, int)'> (0x0000000092336f70) thrown at [./src/hotspot/share/interpreter/linkResolver.cpp, line 773]
Event: 120.572 Thread 0x00000188df7f7000 Exception <a 'sun/nio/fs/WindowsException'{0x0000000092108560}> (0x0000000092108560) thrown at [./src/hotspot/share/prims/jni.cpp, line 615]
Event: 120.576 Thread 0x00000188df7fa800 Exception <a 'sun/nio/fs/WindowsException'{0x00000000920822c8}> (0x00000000920822c8) thrown at [./src/hotspot/share/prims/jni.cpp, line 615]
Event: 120.621 Thread 0x00000188df7fd000 Exception <a 'sun/nio/fs/WindowsException'{0x0000000094afb6a0}> (0x0000000094afb6a0) thrown at [./src/hotspot/share/prims/jni.cpp, line 615]
Event: 120.627 Thread 0x00000188df7fd000 Exception <a 'sun/nio/fs/WindowsException'{0x0000000090863fc0}> (0x0000000090863fc0) thrown at [./src/hotspot/share/prims/jni.cpp, line 615]
Event: 120.632 Thread 0x00000188df7fa800 Exception <a 'sun/nio/fs/WindowsException'{0x00000000906804c8}> (0x00000000906804c8) thrown at [./src/hotspot/share/prims/jni.cpp, line 615]
Event: 120.772 Thread 0x00000188df7f6800 Exception <a 'sun/nio/fs/WindowsException'{0x0000000092e85a20}> (0x0000000092e85a20) thrown at [./src/hotspot/share/prims/jni.cpp, line 615]
Event: 120.777 Thread 0x00000188df7fd000 Exception <a 'sun/nio/fs/WindowsException'{0x00000000929fbbd8}> (0x00000000929fbbd8) thrown at [./src/hotspot/share/prims/jni.cpp, line 615]
Event: 120.807 Thread 0x00000188d8818800 Exception <a 'sun/nio/fs/WindowsException'{0x00000000921ff4a8}> (0x00000000921ff4a8) thrown at [./src/hotspot/share/prims/jni.cpp, line 615]
Event: 120.849 Thread 0x00000188df7f7000 Exception <a 'sun/nio/fs/WindowsException'{0x00000000911a2cd0}> (0x00000000911a2cd0) thrown at [./src/hotspot/share/prims/jni.cpp, line 615]
Event: 121.127 Thread 0x00000188d8818800 Exception <a 'sun/nio/fs/WindowsException'{0x00000000942c7388}> (0x00000000942c7388) thrown at [./src/hotspot/share/prims/jni.cpp, line 615]
Event: 121.364 Thread 0x00000188df7fa800 Exception <a 'sun/nio/fs/WindowsException'{0x00000000923ff118}> (0x00000000923ff118) thrown at [./src/hotspot/share/prims/jni.cpp, line 615]

Events (20 events):
Event: 121.374 loading class com/android/tools/r8/internal/ch done
Event: 121.376 loading class com/android/tools/r8/internal/ah
Event: 121.376 loading class com/android/tools/r8/internal/ah done
Event: 121.381 loading class com/android/tools/r8/internal/Ug
Event: 121.381 loading class com/android/tools/r8/internal/Ug done
Event: 121.452 Executing VM operation: G1CollectForAllocation
Event: 121.487 Executing VM operation: G1CollectForAllocation done
Event: 121.559 Executing VM operation: CGC_Operation
Event: 121.628 Executing VM operation: CGC_Operation done
Event: 121.637 loading class com/android/tools/r8/internal/Os
Event: 121.637 loading class com/android/tools/r8/internal/Os done
Event: 121.637 loading class com/android/tools/r8/internal/Os
Event: 121.637 loading class com/android/tools/r8/internal/Os done
Event: 121.639 loading class com/android/tools/r8/internal/m4
Event: 121.639 loading class com/android/tools/r8/internal/m4 done
Event: 121.639 loading class com/android/tools/r8/internal/m4
Event: 121.639 loading class com/android/tools/r8/internal/m4 done
Event: 121.642 loading class com/android/tools/r8/code/l0
Event: 121.642 loading class com/android/tools/r8/code/l0 done
Event: 121.681 Executing VM operation: G1CollectForAllocation


Dynamic libraries:
0x00007ff6ca3f0000 - 0x00007ff6ca3fa000 	C:\Program Files\Android\Android Studio1\jre\bin\java.exe
0x00007ffd7b730000 - 0x00007ffd7b925000 	C:\Windows\SYSTEM32\ntdll.dll
0x00007ffd798a0000 - 0x00007ffd7995e000 	C:\Windows\System32\KERNEL32.DLL
0x00007ffd78ff0000 - 0x00007ffd792b8000 	C:\Windows\System32\KERNELBASE.dll
0x00007ffd751a0000 - 0x00007ffd75230000 	C:\Windows\SYSTEM32\apphelp.dll
0x00007ffd79440000 - 0x00007ffd79540000 	C:\Windows\System32\ucrtbase.dll
0x00007ffd6af50000 - 0x00007ffd6af69000 	C:\Program Files\Android\Android Studio1\jre\bin\jli.dll
0x00007ffd79960000 - 0x00007ffd79b01000 	C:\Windows\System32\USER32.dll
0x00007ffd796b0000 - 0x00007ffd796d2000 	C:\Windows\System32\win32u.dll
0x00007ffd69470000 - 0x00007ffd6970a000 	C:\Windows\WinSxS\amd64_microsoft.windows.common-controls_6595b64144ccf1df_6.0.19041.1110_none_60b5254171f9507e\COMCTL32.dll
0x00007ffd7b6c0000 - 0x00007ffd7b6eb000 	C:\Windows\System32\GDI32.dll
0x00007ffd79ca0000 - 0x00007ffd79d3e000 	C:\Windows\System32\msvcrt.dll
0x00007ffd795a0000 - 0x00007ffd796ad000 	C:\Windows\System32\gdi32full.dll
0x00007ffd793a0000 - 0x00007ffd7943d000 	C:\Windows\System32\msvcp_win.dll
0x00007ffd71650000 - 0x00007ffd71667000 	C:\Program Files\Android\Android Studio1\jre\bin\VCRUNTIME140.dll
0x00007ffd7a610000 - 0x00007ffd7a640000 	C:\Windows\System32\IMM32.DLL
0x00007ffd68260000 - 0x00007ffd682fd000 	C:\Program Files\Android\Android Studio1\jre\bin\msvcp140.dll
0x00007ffd50c30000 - 0x00007ffd516ff000 	C:\Program Files\Android\Android Studio1\jre\bin\server\jvm.dll
0x00007ffd7a420000 - 0x00007ffd7a4cc000 	C:\Windows\System32\ADVAPI32.dll
0x00007ffd79df0000 - 0x00007ffd79e8b000 	C:\Windows\System32\sechost.dll
0x00007ffd79b10000 - 0x00007ffd79c3a000 	C:\Windows\System32\RPCRT4.dll
0x00007ffd7b5d0000 - 0x00007ffd7b5d8000 	C:\Windows\System32\PSAPI.DLL
0x00007ffd69b60000 - 0x00007ffd69b87000 	C:\Windows\SYSTEM32\WINMM.dll
0x00007ffd6dcc0000 - 0x00007ffd6dcca000 	C:\Windows\SYSTEM32\VERSION.dll
0x00007ffd72b50000 - 0x00007ffd72b59000 	C:\Windows\SYSTEM32\WSOCK32.dll
0x00007ffd7b200000 - 0x00007ffd7b26b000 	C:\Windows\System32\WS2_32.dll
0x00007ffd77710000 - 0x00007ffd77722000 	C:\Windows\SYSTEM32\kernel.appcore.dll
0x00007ffd6af30000 - 0x00007ffd6af41000 	C:\Program Files\Android\Android Studio1\jre\bin\verify.dll
0x00007ffd76a90000 - 0x00007ffd76c74000 	C:\Windows\SYSTEM32\DBGHELP.DLL
0x00007ffd701f0000 - 0x00007ffd7021c000 	C:\Windows\SYSTEM32\dbgcore.DLL
0x00007ffd796e0000 - 0x00007ffd79762000 	C:\Windows\System32\bcryptPrimitives.dll
0x00007ffd68ab0000 - 0x00007ffd68ad9000 	C:\Program Files\Android\Android Studio1\jre\bin\java.dll
0x00007ffd72ad0000 - 0x00007ffd72adb000 	C:\Program Files\Android\Android Studio1\jre\bin\jimage.dll
0x00007ffd6af10000 - 0x00007ffd6af28000 	C:\Program Files\Android\Android Studio1\jre\bin\zip.dll
0x00007ffd7a7f0000 - 0x00007ffd7af34000 	C:\Windows\System32\SHELL32.dll
0x00007ffd76c80000 - 0x00007ffd77414000 	C:\Windows\SYSTEM32\windows.storage.dll
0x00007ffd7b270000 - 0x00007ffd7b5c5000 	C:\Windows\System32\combase.dll
0x00007ffd78890000 - 0x00007ffd788be000 	C:\Windows\SYSTEM32\Wldp.dll
0x00007ffd7a370000 - 0x00007ffd7a41d000 	C:\Windows\System32\SHCORE.dll
0x00007ffd79e90000 - 0x00007ffd79ee5000 	C:\Windows\System32\shlwapi.dll
0x00007ffd78d80000 - 0x00007ffd78d9f000 	C:\Windows\SYSTEM32\profapi.dll
0x00007ffd68a90000 - 0x00007ffd68aaa000 	C:\Program Files\Android\Android Studio1\jre\bin\net.dll
0x00007ffd6e920000 - 0x00007ffd6ea2c000 	C:\Windows\SYSTEM32\WINHTTP.dll
0x00007ffd785f0000 - 0x00007ffd7865a000 	C:\Windows\system32\mswsock.dll
0x00007ffd68a70000 - 0x00007ffd68a84000 	C:\Program Files\Android\Android Studio1\jre\bin\nio.dll
0x00007ffd71670000 - 0x00007ffd71697000 	C:\Users\霓扉奸.gradle\native\8bec1ad78214c89d9ad589b4d07fe93259594b29d510b10fafb7a158f7737e5d\windows-amd64\native-platform.dll
0x00007ffd68300000 - 0x00007ffd6843d000 	C:\Users\霓扉奸.gradle\native\53dbd7edfb1c66fb8903c78663c9afc45aea4f116125fa6feffd364cf09443e8\windows-amd64\native-platform-file-events.dll
0x00007ffd72a90000 - 0x00007ffd72a9a000 	C:\Program Files\Android\Android Studio1\jre\bin\management.dll
0x00007ffd711c0000 - 0x00007ffd711cc000 	C:\Program Files\Android\Android Studio1\jre\bin\management_ext.dll
0x00007ffd787e0000 - 0x00007ffd787f8000 	C:\Windows\SYSTEM32\CRYPTSP.dll
0x00007ffd77f00000 - 0x00007ffd77f34000 	C:\Windows\system32\rsaenh.dll
0x00007ffd79370000 - 0x00007ffd79397000 	C:\Windows\System32\bcrypt.dll
0x00007ffd78d40000 - 0x00007ffd78d6e000 	C:\Windows\SYSTEM32\USERENV.dll
0x00007ffd78800000 - 0x00007ffd7880c000 	C:\Windows\SYSTEM32\CRYPTBASE.dll
0x00007ffd78290000 - 0x00007ffd782cb000 	C:\Windows\SYSTEM32\IPHLPAPI.DLL
0x00007ffd7afe0000 - 0x00007ffd7afe8000 	C:\Windows\System32\NSI.dll
0x00007ffd71c50000 - 0x00007ffd71c67000 	C:\Windows\SYSTEM32\dhcpcsvc6.DLL
0x00007ffd71ba0000 - 0x00007ffd71bbd000 	C:\Windows\SYSTEM32\dhcpcsvc.DLL
0x00007ffd782d0000 - 0x00007ffd7839b000 	C:\Windows\SYSTEM32\DNSAPI.dll
0x00007ffd62540000 - 0x00007ffd62567000 	C:\Program Files\Android\Android Studio1\jre\bin\sunec.dll
0x00007ffd6dcd0000 - 0x00007ffd6dcda000 	C:\Windows\System32\rasadhlp.dll
0x00007ffd6e080000 - 0x00007ffd6e0ff000 	C:\Windows\System32\fwpuclnt.dll
0x00007ffd77b30000 - 0x00007ffd77b63000 	C:\Windows\SYSTEM32\ntmarta.dll

dbghelp: loaded successfully - version: 4.0.5 - missing functions: none
symbol engine: initialized successfully - sym options: 0x614 - pdb path: .;C:\Program Files\Android\Android Studio1\jre\bin;C:\Windows\SYSTEM32;C:\Windows\WinSxS\amd64_microsoft.windows.common-controls_6595b64144ccf1df_6.0.19041.1110_none_60b5254171f9507e;C:\Program Files\Android\Android Studio1\jre\bin\server;C:\Users\霓扉奸.gradle\native\8bec1ad78214c89d9ad589b4d07fe93259594b29d510b10fafb7a158f7737e5d\windows-amd64;C:\Users\霓扉奸.gradle\native\53dbd7edfb1c66fb8903c78663c9afc45aea4f116125fa6feffd364cf09443e8\windows-amd64

VM Arguments:
jvm_args: --add-opens=java.base/java.util=ALL-UNNAMED --add-opens=java.base/java.lang=ALL-UNNAMED --add-opens=java.base/java.lang.invoke=ALL-UNNAMED --add-opens=java.base/java.util=ALL-UNNAMED --add-opens=java.prefs/java.util.prefs=ALL-UNNAMED --add-opens=java.prefs/java.util.prefs=ALL-UNNAMED --add-opens=java.base/java.nio.charset=ALL-UNNAMED --add-opens=java.base/java.net=ALL-UNNAMED --add-opens=java.base/java.util.concurrent.atomic=ALL-UNNAMED -Xmx2048m -Dfile.encoding=UTF-8 -Duser.country=RU -Duser.language=ru -Duser.variant 
java_command: org.gradle.launcher.daemon.bootstrap.GradleDaemon 7.0.2
java_class_path (initial): C:\Users\霓扉奸.gradle\wrapper\dists\gradle-7.0.2-bin\857tjihv64xamwrf0h14cai3r\gradle-7.0.2\lib\gradle-launcher-7.0.2.jar
Launcher Type: SUN_STANDARD

[Global flags]
     intx CICompilerCount                          = 3                                         {product} {ergonomic}
     uint ConcGCThreads                            = 2                                         {product} {ergonomic}
     uint G1ConcRefinementThreads                  = 6                                         {product} {ergonomic}
   size_t G1HeapRegionSize                         = 1048576                                   {product} {ergonomic}
    uintx GCDrainStackTargetSize                   = 64                                        {product} {ergonomic}
   size_t InitialHeapSize                          = 67108864                                  {product} {ergonomic}
   size_t MarkStackSize                            = 4194304                                   {product} {ergonomic}
   size_t MaxHeapSize                              = 2147483648                                {product} {command line}
   size_t MaxNewSize                               = 1287651328                                {product} {ergonomic}
   size_t MinHeapDeltaBytes                        = 1048576                                   {product} {ergonomic}
    uintx NonNMethodCodeHeapSize                   = 5830732                                {pd product} {ergonomic}
    uintx NonProfiledCodeHeapSize                  = 122913754                              {pd product} {ergonomic}
    uintx ProfiledCodeHeapSize                     = 122913754                              {pd product} {ergonomic}
    uintx ReservedCodeCacheSize                    = 251658240                              {pd product} {ergonomic}
     bool SegmentedCodeCache                       = true                                      {product} {ergonomic}
     bool UseCompressedClassPointers               = true                                 {lp64_product} {ergonomic}
     bool UseCompressedOops                        = true                                 {lp64_product} {ergonomic}
     bool UseG1GC                                  = true                                      {product} {ergonomic}
     bool UseLargePagesIndividualAllocation        = false                                  {pd product} {ergonomic}

Logging:
Log output configuration:
 #0: stdout all=warning uptime,level,tags
 #1: stderr all=off uptime,level,tags

Environment Variables:
JAVA_HOME=C:\Program Files\Java\jre1.8.0_51
PATH=C:\Windows\system32;C:\Windows;C:\Windows\System32\Wbem;C:\Windows\System32\WindowsPowerShell\v1.0\;C:\Windows\System32\OpenSSH\;C:\Program Files\Git\cmd;C:\Users\Public\Documents\android-sdk-26-1-1\platform-tools;C:\Users\Public\Documents\android-sdk-26-1-1\tools;C:\Users\霓扉奸AppData\Local\Microsoft\WindowsApps;C:\Users\霓扉奸AppData\Local\GitHubDesktop\bin
USERNAME=Kseniya
OS=Windows_NT
PROCESSOR_IDENTIFIER=Intel64 Family 6 Model 158 Stepping 10, GenuineIntel



---------------  S Y S T E M  ---------------

OS: Windows 10 , 64 bit Build 19041 (10.0.19041.1348)
OS uptime: 4 days 0:14 hours

CPU:total 6 (initial active 6) (6 cores per cpu, 1 threads per core) family 6 model 158 stepping 10 microcode 0xb4, cmov, cx8, fxsr, mmx, sse, sse2, sse3, ssse3, sse4.1, sse4.2, popcnt, avx, avx2, aes, clmul, erms, 3dnowpref, lzcnt, tsc, tscinvbit, bmi1, bmi2, adx, fma

Memory: 4k page, system-wide physical 4016M (205M free)
TotalPageFile size 16304M (AvailPageFile size 148M)
current process WorkingSet (physical memory assigned to process): 554M, peak: 655M
current process commit charge ("private bytes"): 833M, peak: 1258M

vm_info: OpenJDK 64-Bit Server VM (11.0.10+0-b96-7249189) for windows-amd64 JRE (11.0.10+0-b96-7249189), built on Mar 31 2021 21:44:00 by "builder" with MS VC++ 14.0 (VS2015)

END.
